#
# There is insufficient memory for the Java Runtime Environment to continue.
# Native memory allocation (malloc) failed to allocate 1048576 bytes for AllocateHeap
# Possible reasons:
#   The system is out of physical RAM or swap space
#   The process is running with CompressedOops enabled, and the Java Heap may be blocking the growth of the native heap
# Possible solutions:
#   Reduce memory load on the system
#   Increase physical memory or swap space
#   Check if swap backing store is full
#   Decrease Java heap size (-Xmx/-Xms)
#   Decrease number of Java threads
#   Decrease Java thread stack sizes (-Xss)
#   Set larger code cache with -XX:ReservedCodeCacheSize=
#   JVM is running with Unscaled Compressed Oops mode in which the Java heap is
#     placed in the first 4GB address space. The Java Heap base address is the
#     maximum limit for the native heap growth. Please use -XX:HeapBaseMinAddress
#     to set the Java Heap base and to place the Java Heap above 4GB virtual address.
# This output file may be truncated or incomplete.
#
#  Out of Memory Error (./src/hotspot/share/memory/allocation.cpp:46), pid=10964, tid=13540
#
# JRE version:  (11.0.11+9) (build )
# Java VM: OpenJDK 64-Bit Server VM (11.0.11+9-b60-7590822, mixed mode, sharing, tiered, compressed oops, g1 gc, windows-amd64)
# No core dump will be written. Minidumps are not enabled by default on client versions of Windows
#

---------------  S U M M A R Y ------------

Command Line: 

Host: Intel(R) Core(TM) i5-10210U CPU @ 1.60GHz, 8 cores, 15G,  Windows 10 , 64 bit Build 19041 (10.0.19041.1806)
Time: Sun Jul 24 04:50:56 2022 台北標準時間 elapsed time: 0.021401 seconds (0d 0h 0m 0s)

---------------  T H R E A D  ---------------

Current thread (0x0000018616a28000):  JavaThread "Unknown thread" [_thread_in_vm, id=13540, stack(0x0000000796e00000,0x0000000796f00000)]

Stack: [0x0000000796e00000,0x0000000796f00000]
Native frames: (J=compiled Java code, j=interpreted, Vv=VM code, C=native code)
V  [jvm.dll+0x5f214a]
V  [jvm.dll+0x726fb5]
V  [jvm.dll+0x7285cd]
V  [jvm.dll+0x728c83]
V  [jvm.dll+0x243278]
V  [jvm.dll+0xb3a34]
V  [jvm.dll+0x2d5848]
V  [jvm.dll+0x705b97]
V  [jvm.dll+0x70739c]
V  [jvm.dll+0x3598f9]
V  [jvm.dll+0x6e931e]
V  [jvm.dll+0x3c1c43]
V  [jvm.dll+0x3c3e81]
C  [jli.dll+0x5373]
C  [ucrtbase.dll+0x21bb2]
C  [KERNEL32.DLL+0x17034]
C  [ntdll.dll+0x52651]


---------------  P R O C E S S  ---------------

Threads class SMR info:
_java_thread_list=0x0000018613c70d50, length=0, elements={
}

Java Threads: ( => current thread )

Other Threads:

=>0x0000018616a28000 (exited) JavaThread "Unknown thread" [_thread_in_vm, id=13540, stack(0x0000000796e00000,0x0000000796f00000)]

Threads with active compile tasks:

VM state:not at safepoint (not fully initialized)

VM Mutex/Monitor currently owned by a thread: None


[error occurred during error reporting (printing compressed oops mode), id 0xc0000005, EXCEPTION_ACCESS_VIOLATION (0xc0000005) at pc=0x00007ff87e9e69e7]

GC Heap History (0 events):
No events

Deoptimization events (0 events):
No events

Classes redefined (0 events):
No events

Internal exceptions (0 events):
No events

Events (1 events):
Event: 0.016 Loaded shared library C:\Program Files\Android\Android Studio1\jre\bin\zip.dll


Dynamic libraries:
0x00007ff740c40000 - 0x00007ff740c4a000 	C:\Program Files\Android\Android Studio1\jre\bin\java.EXE
0x00007ff8eda30000 - 0x00007ff8edc28000 	C:\WINDOWS\SYSTEM32\ntdll.dll
0x00007ff8ed780000 - 0x00007ff8ed83d000 	C:\WINDOWS\System32\KERNEL32.DLL
0x00007ff8eb2b0000 - 0x00007ff8eb57e000 	C:\WINDOWS\System32\KERNELBASE.dll
0x00007ff8e8110000 - 0x00007ff8e81a0000 	C:\WINDOWS\SYSTEM32\apphelp.dll
0x00007ff8eb150000 - 0x00007ff8eb250000 	C:\WINDOWS\System32\ucrtbase.dll
0x00007ff8c7000000 - 0x00007ff8c7017000 	C:\Program Files\Android\Android Studio1\jre\bin\VCRUNTIME140.dll
0x00007ff8c6fe0000 - 0x00007ff8c6ff9000 	C:\Program Files\Android\Android Studio1\jre\bin\jli.dll
0x00007ff8ed0e0000 - 0x00007ff8ed280000 	C:\WINDOWS\System32\USER32.dll
0x00007ff8eb280000 - 0x00007ff8eb2a2000 	C:\WINDOWS\System32\win32u.dll
0x00007ff8d1470000 - 0x00007ff8d170a000 	C:\WINDOWS\WinSxS\amd64_microsoft.windows.common-controls_6595b64144ccf1df_6.0.19041.1110_none_60b5254171f9507e\COMCTL32.dll
0x00007ff8ecf00000 - 0x00007ff8ecf2a000 	C:\WINDOWS\System32\GDI32.dll
0x00007ff8ed950000 - 0x00007ff8ed9ee000 	C:\WINDOWS\System32\msvcrt.dll
0x00007ff8eb820000 - 0x00007ff8eb92b000 	C:\WINDOWS\System32\gdi32full.dll
0x00007ff8eb580000 - 0x00007ff8eb61d000 	C:\WINDOWS\System32\msvcp_win.dll
0x00007ff8ed840000 - 0x00007ff8ed870000 	C:\WINDOWS\System32\IMM32.DLL
0x00007ff8d4290000 - 0x00007ff8d4486000 	C:\WINDOWS\system32\tmumh\20019\AddOn\8.55.0.1074\TmUmEvt64.dll
0x00007ff8ec960000 - 0x00007ff8ec968000 	C:\WINDOWS\System32\PSAPI.DLL
0x00007ff8ebb50000 - 0x00007ff8ebbfe000 	C:\WINDOWS\System32\ADVAPI32.dll
0x00007ff8eba90000 - 0x00007ff8ebb2c000 	C:\WINDOWS\System32\sechost.dll
0x00007ff8ed280000 - 0x00007ff8ed3a5000 	C:\WINDOWS\System32\RPCRT4.dll
0x000000006e420000 - 0x000000006e58f000 	C:\WINDOWS\system32\tmumh\20019\TmMon\2.9.0.1036\tmmon64.dll
0x00007ff8ecea0000 - 0x00007ff8ecef5000 	C:\WINDOWS\System32\SHLWAPI.dll
0x00007ff8abc10000 - 0x00007ff8abcad000 	C:\Program Files\Android\Android Studio1\jre\bin\msvcp140.dll
0x00007ff87e2e0000 - 0x00007ff87edb5000 	C:\Program Files\Android\Android Studio1\jre\bin\server\jvm.dll
0x00007ff8b5cc0000 - 0x00007ff8b5cc9000 	C:\WINDOWS\SYSTEM32\WSOCK32.dll
0x00007ff8ed710000 - 0x00007ff8ed77b000 	C:\WINDOWS\System32\WS2_32.dll
0x00007ff8c1a80000 - 0x00007ff8c1aa7000 	C:\WINDOWS\SYSTEM32\WINMM.dll
0x00007ff8e3f10000 - 0x00007ff8e3f1a000 	C:\WINDOWS\SYSTEM32\VERSION.dll
0x00007ff8e9230000 - 0x00007ff8e9242000 	C:\WINDOWS\SYSTEM32\kernel.appcore.dll
0x00007ff8c5ff0000 - 0x00007ff8c6001000 	C:\Program Files\Android\Android Studio1\jre\bin\verify.dll
0x00007ff8e8d70000 - 0x00007ff8e8f54000 	C:\WINDOWS\SYSTEM32\DBGHELP.DLL
0x00007ff8d3be0000 - 0x00007ff8d3c0c000 	C:\WINDOWS\SYSTEM32\dbgcore.DLL
0x00007ff8eb740000 - 0x00007ff8eb7c2000 	C:\WINDOWS\System32\bcryptPrimitives.dll
0x00007ff8bdb80000 - 0x00007ff8bdba9000 	C:\Program Files\Android\Android Studio1\jre\bin\java.dll
0x00007ff8e6100000 - 0x00007ff8e610b000 	C:\Program Files\Android\Android Studio1\jre\bin\jimage.dll
0x00007ff8c0a60000 - 0x00007ff8c0a78000 	C:\Program Files\Android\Android Studio1\jre\bin\zip.dll

dbghelp: loaded successfully - version: 4.0.5 - missing functions: none
symbol engine: initialized successfully - sym options: 0x614 - pdb path: .;C:\Program Files\Android\Android Studio1\jre\bin;C:\WINDOWS\SYSTEM32;C:\WINDOWS\WinSxS\amd64_microsoft.windows.common-controls_6595b64144ccf1df_6.0.19041.1110_none_60b5254171f9507e;C:\WINDOWS\system32\tmumh\20019\AddOn\8.55.0.1074;C:\WINDOWS\system32\tmumh\20019\TmMon\2.9.0.1036;C:\Program Files\Android\Android Studio1\jre\bin\server

VM Arguments:
java_command: <unknown>
java_class_path (initial): <not set>
Launcher Type: SUN_STANDARD

[Global flags]
     intx CICompilerCount                          = 4                                         {product} {ergonomic}
     uint G1ConcRefinementThreads                  = 8                                         {product} {ergonomic}
   size_t G1HeapRegionSize                         = 1048576                                   {product} {ergonomic}
    uintx GCDrainStackTargetSize                   = 64                                        {product} {ergonomic}
   size_t InitialHeapSize                          = 266338304                                 {product} {ergonomic}
   size_t MaxHeapSize                              = 4229955584                                {product} {ergonomic}
   size_t MinHeapDeltaBytes                        = 1048576                                   {product} {ergonomic}
    uintx NonNMethodCodeHeapSize                   = 5836300                                {pd product} {ergonomic}
    uintx NonProfiledCodeHeapSize                  = 122910970                              {pd product} {ergonomic}
    uintx ProfiledCodeHeapSize                     = 122910970                              {pd product} {ergonomic}
    uintx ReservedCodeCacheSize                    = 251658240                              {pd product} {ergonomic}
     bool SegmentedCodeCache                       = true                                      {product} {ergonomic}
     bool UseCompressedClassPointers               = true                                 {lp64_product} {ergonomic}
     bool UseCompressedOops                        = true                                 {lp64_product} {ergonomic}
     bool UseG1GC                                  = true                                      {product} {ergonomic}
     bool UseLargePagesIndividualAllocation        = false                                  {pd product} {ergonomic}

Logging:
Log output configuration:
 #0: stdout all=warning uptime,level,tags
 #1: stderr all=off uptime,level,tags

Environment Variables:
JAVA_HOME=C:\Program Files\Java\jdk1.8.0_202
PATH=C:\Program Files (x86)\Common Files\Oracle\Java\javapath;C:\WINDOWS\system32;C:\WINDOWS;C:\WINDOWS\System32\Wbem;C:\WINDOWS\System32\WindowsPowerShell\v1.0\;C:\WINDOWS\System32\OpenSSH\;C:\Program Files\Dart\dart-sdk\bin;C:\Program Files\Java\jdk1.8.0_202\bin;C:\Program Files\Java\jdk1.8.0_202\jre\bin;D:\flutter_window\flutter\bin;C:\Users\jarre\AppData\Local\Android\Sdk\tools\bin;C:\Users\jarre\scoop\shims;C:\Users\jarre\AppData\Local\Programs\Python\Python310\Scripts\;C:\Users\jarre\AppData\Local\Programs\Python\Python310\;C:\Users\jarre\AppData\Local\Microsoft\WindowsApps;;C:\Users\jarre\AppData\Local\Programs\Microsoft VS Code\bin;C:\Program Files\JetBrains\PyCharm Community Edition 2022.1.2\bin;;D:\flutter_window\flutter\bin\mingit\cmd
USERNAME=jarre
OS=Windows_NT
PROCESSOR_IDENTIFIER=Intel64 Family 6 Model 142 Stepping 12, GenuineIntel



---------------  S Y S T E M  ---------------

OS: Windows 10 , 64 bit Build 19041 (10.0.19041.1806)
OS uptime: 4 days 2:45 hours

CPU:total 8 (initial active 8) (4 cores per cpu, 2 threads per core) family 6 model 142 stepping 12 microcode 0xd6, cmov, cx8, fxsr, mmx, sse, sse2, sse3, ssse3, sse4.1, sse4.2, popcnt, avx, avx2, aes, clmul, erms, 3dnowpref, lzcnt, ht, tsc, tscinvbit, bmi1, bmi2, adx, fma

Memory: 4k page, system-wide physical 16134M (3898M free)
TotalPageFile size 57148M (AvailPageFile size 5M)
current process WorkingSet (physical memory assigned to process): 13M, peak: 13M
current process commit charge ("private bytes"): 18M, peak: 18M

vm_info: OpenJDK 64-Bit Server VM (11.0.11+9-b60-7590822) for windows-amd64 JRE (11.0.11+9-b60-7590822), built on Jul 29 2021 21:43:44 by "builder" with MS VC++ 14.0 (VS2015)

END.
