#
# There is insufficient memory for the Java Runtime Environment to continue.
# Native memory allocation (malloc) failed to allocate 32744 bytes for ChunkPool::allocate
# Possible reasons:
#   The system is out of physical RAM or swap space
#   The process is running with CompressedOops enabled, and the Java Heap may be blocking the growth of the native heap
# Possible solutions:
#   Reduce memory load on the system
#   Increase physical memory or swap space
#   Check if swap backing store is full
#   Decrease Java heap size (-Xmx/-Xms)
#   Decrease number of Java threads
#   Decrease Java thread stack sizes (-Xss)
#   Set larger code cache with -XX:ReservedCodeCacheSize=
#   JVM is running with Zero Based Compressed Oops mode in which the Java heap is
#     placed in the first 32GB address space. The Java Heap base address is the
#     maximum limit for the native heap growth. Please use -XX:HeapBaseMinAddress
#     to set the Java Heap base and to place the Java Heap above 32GB virtual address.
# This output file may be truncated or incomplete.
#
#  Out of Memory Error (./src/hotspot/share/memory/arena.cpp:81), pid=16212, tid=12320
#
# JRE version: OpenJDK Runtime Environment (11.0.11+9) (build 11.0.11+9-b60-7590822)
# Java VM: OpenJDK 64-Bit Server VM (11.0.11+9-b60-7590822, mixed mode, tiered, compressed oops, g1 gc, windows-amd64)
# No core dump will be written. Minidumps are not enabled by default on client versions of Windows
#

---------------  S U M M A R Y ------------

Command Line: -Dorg.gradle.appname=gradlew org.gradle.wrapper.GradleWrapperMain -q -Ptarget-platform=android-arm64 -Ptarget=D:\flutterdemo02\lib\main.dart -Pbase-application-name=android.app.Application -Pdart-defines=RkxVVFRFUl9XRUJfQVVUT19ERVRFQ1Q9dHJ1ZQ== -Pdart-obfuscation=false -Ptrack-widget-creation=true -Ptree-shake-icons=false -Pfilesystem-scheme=org-dartlang-root assembleDebug

Host: Intel(R) Core(TM) i5-10210U CPU @ 1.60GHz, 8 cores, 15G,  Windows 10 , 64 bit Build 22621 (10.0.22621.755)
Time: Wed Dec 14 18:11:40 2022 台北標準時間 elapsed time: 52.033542 seconds (0d 0h 0m 52s)

---------------  T H R E A D  ---------------

Current thread (0x0000022b3ff5e000):  VMThread "VM Thread" [stack: 0x0000004c93600000,0x0000004c93700000] [id=12320]

Stack: [0x0000004c93600000,0x0000004c93700000]
[error occurred during error reporting (printing stack bounds), id 0xc0000005, EXCEPTION_ACCESS_VIOLATION (0xc0000005) at pc=0x0000022b241c0f2d]

Native frames: (J=compiled Java code, j=interpreted, Vv=VM code, C=native code)
V  [jvm.dll+0x5f214a]
V  [jvm.dll+0x726fb5]
V  [jvm.dll+0x7285cd]
V  [jvm.dll+0x728be5]
V  [jvm.dll+0x728b9b]
V  [jvm.dll+0x5f14e8]
V  [jvm.dll+0x5f1c78]
C  [ntdll.dll+0xa3eaf]
C  [ntdll.dll+0x1eae6]
C  [ntdll.dll+0xa2e9e]
C  0x0000022b241c0f2d

VM_Operation (0x0000004c940fedb0): RevokeBias, mode: safepoint, requested by thread 0x0000022b40166000


---------------  P R O C E S S  ---------------

Threads class SMR info:
_java_thread_list=0x0000022b40d96ad0, length=13, elements={
0x0000022b2074e800, 0x0000022b3ff60000, 0x0000022b3ff8b000, 0x0000022b3fff2800,
0x0000022b3fff5800, 0x0000022b3fff7800, 0x0000022b40005000, 0x0000022b40009000,
0x0000022b4001e800, 0x0000022b40166000, 0x0000022b40581800, 0x0000022b40f52800,
0x0000022b40f53000
}

Java Threads: ( => current thread )
  0x0000022b2074e800 JavaThread "main" [_thread_blocked, id=28056, stack(0x0000004c93000000,0x0000004c93100000)]
  0x0000022b3ff60000 JavaThread "Reference Handler" daemon [_thread_blocked, id=18820, stack(0x0000004c93700000,0x0000004c93800000)]
  0x0000022b3ff8b000 JavaThread "Finalizer" daemon [_thread_blocked, id=22944, stack(0x0000004c93800000,0x0000004c93900000)]
  0x0000022b3fff2800 JavaThread "Signal Dispatcher" daemon [_thread_blocked, id=7824, stack(0x0000004c93900000,0x0000004c93a00000)]
  0x0000022b3fff5800 JavaThread "Attach Listener" daemon [_thread_blocked, id=18020, stack(0x0000004c93a00000,0x0000004c93b00000)]
  0x0000022b3fff7800 JavaThread "Service Thread" daemon [_thread_blocked, id=28472, stack(0x0000004c93b00000,0x0000004c93c00000)]
  0x0000022b40005000 JavaThread "C2 CompilerThread0" daemon [_thread_blocked, id=19520, stack(0x0000004c93c00000,0x0000004c93d00000)]
  0x0000022b40009000 JavaThread "C1 CompilerThread0" daemon [_thread_blocked, id=25504, stack(0x0000004c93d00000,0x0000004c93e00000)]
  0x0000022b4001e800 JavaThread "Sweeper thread" daemon [_thread_blocked, id=9000, stack(0x0000004c93e00000,0x0000004c93f00000)]
  0x0000022b40166000 JavaThread "Common-Cleaner" daemon [_thread_blocked, id=25076, stack(0x0000004c94000000,0x0000004c94100000)]
  0x0000022b40581800 JavaThread "pool-1-thread-1" [_thread_blocked, id=21232, stack(0x0000004c94200000,0x0000004c94300000)]
  0x0000022b40f52800 JavaThread "DisconnectableInputStream source reader" daemon [_thread_in_native, id=16520, stack(0x0000004c94a00000,0x0000004c94b00000)]
  0x0000022b40f53000 JavaThread "Forward input" [_thread_blocked, id=33192, stack(0x0000004c94b00000,0x0000004c94c00000)]

Other Threads:
=>0x0000022b3ff5e000 VMThread "VM Thread" [stack: 0x0000004c93600000,0x0000004c93700000] [id=12320]
  0x0000022b4015f800 WatcherThread [stack: 0x0000004c93f00000,0x0000004c94000000] [id=16884]
  0x0000022b20764800 GCTaskThread "GC Thread#0" [stack: 0x0000004c93100000,0x0000004c93200000] [id=20024]
  0x0000022b40e04800 GCTaskThread "GC Thread#1" [stack: 0x0000004c94300000,0x0000004c94400000] [id=3332]
  0x0000022b40c8e800 GCTaskThread "GC Thread#2" [stack: 0x0000004c94400000,0x0000004c94500000] [id=32428]
  0x0000022b40462000 GCTaskThread "GC Thread#3" [stack: 0x0000004c94500000,0x0000004c94600000] [id=7872]
  0x0000022b40e38800 GCTaskThread "GC Thread#4" [stack: 0x0000004c94600000,0x0000004c94700000] [id=14408]
  0x0000022b40e39000 GCTaskThread "GC Thread#5" [stack: 0x0000004c94700000,0x0000004c94800000] [id=28548]
  0x0000022b3cc13000 ConcurrentGCThread "G1 Main Marker" [stack: 0x0000004c93200000,0x0000004c93300000] [id=27060]
  0x0000022b3cc16000 ConcurrentGCThread "G1 Conc#0" [stack: 0x0000004c93300000,0x0000004c93400000] [id=13508]
  0x0000022b4007d000 ConcurrentGCThread "G1 Conc#1" [stack: 0x0000004c92d00000,0x0000004c92e00000] [id=22948]
  0x0000022b3cd3f800 ConcurrentGCThread "G1 Refine#0" [stack: 0x0000004c93400000,0x0000004c93500000] [id=14764]
  0x0000022b3cd44800 ConcurrentGCThread "G1 Young RemSet Sampling" [stack: 0x0000004c93500000,0x0000004c93600000] [id=12248]

Threads with active compile tasks:
C1 CompilerThread0  52061 1406   !   3       java.lang.ref.ReferenceQueue::enqueue (119 bytes)

VM state:at safepoint (normal execution)

VM Mutex/Monitor currently owned by a thread:  ([mutex/lock_event])
[0x0000022b2074a810] Threads_lock - owner thread: 0x0000022b3ff5e000

Heap address: 0x0000000703e00000, size: 4034 MB, Compressed Oops mode: Zero based, Oop shift amount: 3
Narrow klass base: 0x0000000800000000, Narrow klass shift: 0
Compressed class space size: 1073741824 Address: 0x0000000800000000

Heap:
 garbage-first heap   total 260096K, used 10046K [0x0000000703e00000, 0x0000000800000000)
  region size 1024K, 5 young (5120K), 4 survivors (4096K)
 Metaspace       used 15890K, capacity 16244K, committed 16512K, reserved 1069056K
  class space    used 1796K, capacity 1907K, committed 1920K, reserved 1048576K
Heap Regions: E=young(eden), S=young(survivor), O=old, HS=humongous(starts), HC=humongous(continues), CS=collection set, F=free, A=archive, TAMS=top-at-mark-start (previous, next)
|   0|0x0000000703e00000, 0x0000000703e00000, 0x0000000703f00000|  0%| F|  |TAMS 0x0000000703e00000, 0x0000000703e00000| Untracked 
|   1|0x0000000703f00000, 0x0000000703f00000, 0x0000000704000000|  0%| F|  |TAMS 0x0000000703f00000, 0x0000000703f00000| Untracked 
|   2|0x0000000704000000, 0x0000000704000000, 0x0000000704100000|  0%| F|  |TAMS 0x0000000704000000, 0x0000000704000000| Untracked 
|   3|0x0000000704100000, 0x0000000704200000, 0x0000000704200000|100%|HS|  |TAMS 0x0000000704100000, 0x0000000704200000| Complete 
|   4|0x0000000704200000, 0x0000000704300000, 0x0000000704300000|100%|HC|  |TAMS 0x0000000704200000, 0x0000000704300000| Complete 
|   5|0x0000000704300000, 0x0000000704400000, 0x0000000704400000|100%|HC|  |TAMS 0x0000000704300000, 0x0000000704400000| Complete 
|   6|0x0000000704400000, 0x0000000704500000, 0x0000000704500000|100%| O|  |TAMS 0x0000000704400000, 0x0000000704500000| Untracked 
|   7|0x0000000704500000, 0x0000000704600000, 0x0000000704600000|100%| O|  |TAMS 0x0000000704500000, 0x0000000704600000| Untracked 
|   8|0x0000000704600000, 0x00000007046e8600, 0x0000000704700000| 90%| O|  |TAMS 0x0000000704600000, 0x00000007046e8600| Untracked 
|   9|0x0000000704700000, 0x0000000704700000, 0x0000000704800000|  0%| F|  |TAMS 0x0000000704700000, 0x0000000704700000| Untracked 
|  10|0x0000000704800000, 0x0000000704800000, 0x0000000704900000|  0%| F|  |TAMS 0x0000000704800000, 0x0000000704800000| Untracked 
|  11|0x0000000704900000, 0x0000000704900000, 0x0000000704a00000|  0%| F|  |TAMS 0x0000000704900000, 0x0000000704900000| Untracked 
|  12|0x0000000704a00000, 0x0000000704a00000, 0x0000000704b00000|  0%| F|  |TAMS 0x0000000704a00000, 0x0000000704a00000| Untracked 
|  13|0x0000000704b00000, 0x0000000704b00000, 0x0000000704c00000|  0%| F|  |TAMS 0x0000000704b00000, 0x0000000704b00000| Untracked 
|  14|0x0000000704c00000, 0x0000000704c00000, 0x0000000704d00000|  0%| F|  |TAMS 0x0000000704c00000, 0x0000000704c00000| Untracked 
|  15|0x0000000704d00000, 0x0000000704d00000, 0x0000000704e00000|  0%| F|  |TAMS 0x0000000704d00000, 0x0000000704d00000| Untracked 
|  16|0x0000000704e00000, 0x0000000704e00000, 0x0000000704f00000|  0%| F|  |TAMS 0x0000000704e00000, 0x0000000704e00000| Untracked 
|  17|0x0000000704f00000, 0x0000000704f00000, 0x0000000705000000|  0%| F|  |TAMS 0x0000000704f00000, 0x0000000704f00000| Untracked 
|  18|0x0000000705000000, 0x0000000705000000, 0x0000000705100000|  0%| F|  |TAMS 0x0000000705000000, 0x0000000705000000| Untracked 
|  19|0x0000000705100000, 0x0000000705100000, 0x0000000705200000|  0%| F|  |TAMS 0x0000000705100000, 0x0000000705100000| Untracked 
|  20|0x0000000705200000, 0x0000000705200000, 0x0000000705300000|  0%| F|  |TAMS 0x0000000705200000, 0x0000000705200000| Untracked 
|  21|0x0000000705300000, 0x0000000705300000, 0x0000000705400000|  0%| F|  |TAMS 0x0000000705300000, 0x0000000705300000| Untracked 
|  22|0x0000000705400000, 0x0000000705400000, 0x0000000705500000|  0%| F|  |TAMS 0x0000000705400000, 0x0000000705400000| Untracked 
|  23|0x0000000705500000, 0x0000000705500000, 0x0000000705600000|  0%| F|  |TAMS 0x0000000705500000, 0x0000000705500000| Untracked 
|  24|0x0000000705600000, 0x0000000705600000, 0x0000000705700000|  0%| F|  |TAMS 0x0000000705600000, 0x0000000705600000| Untracked 
|  25|0x0000000705700000, 0x0000000705700000, 0x0000000705800000|  0%| F|  |TAMS 0x0000000705700000, 0x0000000705700000| Untracked 
|  26|0x0000000705800000, 0x0000000705800000, 0x0000000705900000|  0%| F|  |TAMS 0x0000000705800000, 0x0000000705800000| Untracked 
|  27|0x0000000705900000, 0x0000000705900000, 0x0000000705a00000|  0%| F|  |TAMS 0x0000000705900000, 0x0000000705900000| Untracked 
|  28|0x0000000705a00000, 0x0000000705a00000, 0x0000000705b00000|  0%| F|  |TAMS 0x0000000705a00000, 0x0000000705a00000| Untracked 
|  29|0x0000000705b00000, 0x0000000705b00000, 0x0000000705c00000|  0%| F|  |TAMS 0x0000000705b00000, 0x0000000705b00000| Untracked 
|  30|0x0000000705c00000, 0x0000000705c00000, 0x0000000705d00000|  0%| F|  |TAMS 0x0000000705c00000, 0x0000000705c00000| Untracked 
|  31|0x0000000705d00000, 0x0000000705d00000, 0x0000000705e00000|  0%| F|  |TAMS 0x0000000705d00000, 0x0000000705d00000| Untracked 
|  32|0x0000000705e00000, 0x0000000705e00000, 0x0000000705f00000|  0%| F|  |TAMS 0x0000000705e00000, 0x0000000705e00000| Untracked 
|  33|0x0000000705f00000, 0x0000000705f00000, 0x0000000706000000|  0%| F|  |TAMS 0x0000000705f00000, 0x0000000705f00000| Untracked 
|  34|0x0000000706000000, 0x0000000706000000, 0x0000000706100000|  0%| F|  |TAMS 0x0000000706000000, 0x0000000706000000| Untracked 
|  35|0x0000000706100000, 0x0000000706100000, 0x0000000706200000|  0%| F|  |TAMS 0x0000000706100000, 0x0000000706100000| Untracked 
|  36|0x0000000706200000, 0x0000000706200000, 0x0000000706300000|  0%| F|  |TAMS 0x0000000706200000, 0x0000000706200000| Untracked 
|  37|0x0000000706300000, 0x0000000706300000, 0x0000000706400000|  0%| F|  |TAMS 0x0000000706300000, 0x0000000706300000| Untracked 
|  38|0x0000000706400000, 0x0000000706400000, 0x0000000706500000|  0%| F|  |TAMS 0x0000000706400000, 0x0000000706400000| Untracked 
|  39|0x0000000706500000, 0x0000000706500000, 0x0000000706600000|  0%| F|  |TAMS 0x0000000706500000, 0x0000000706500000| Untracked 
|  40|0x0000000706600000, 0x0000000706600000, 0x0000000706700000|  0%| F|  |TAMS 0x0000000706600000, 0x0000000706600000| Untracked 
|  41|0x0000000706700000, 0x0000000706700000, 0x0000000706800000|  0%| F|  |TAMS 0x0000000706700000, 0x0000000706700000| Untracked 
|  42|0x0000000706800000, 0x0000000706800000, 0x0000000706900000|  0%| F|  |TAMS 0x0000000706800000, 0x0000000706800000| Untracked 
|  43|0x0000000706900000, 0x0000000706900000, 0x0000000706a00000|  0%| F|  |TAMS 0x0000000706900000, 0x0000000706900000| Untracked 
|  44|0x0000000706a00000, 0x0000000706a00000, 0x0000000706b00000|  0%| F|  |TAMS 0x0000000706a00000, 0x0000000706a00000| Untracked 
|  45|0x0000000706b00000, 0x0000000706b00000, 0x0000000706c00000|  0%| F|  |TAMS 0x0000000706b00000, 0x0000000706b00000| Untracked 
|  46|0x0000000706c00000, 0x0000000706c00000, 0x0000000706d00000|  0%| F|  |TAMS 0x0000000706c00000, 0x0000000706c00000| Untracked 
|  47|0x0000000706d00000, 0x0000000706d00000, 0x0000000706e00000|  0%| F|  |TAMS 0x0000000706d00000, 0x0000000706d00000| Untracked 
|  48|0x0000000706e00000, 0x0000000706e00000, 0x0000000706f00000|  0%| F|  |TAMS 0x0000000706e00000, 0x0000000706e00000| Untracked 
|  49|0x0000000706f00000, 0x0000000706f00000, 0x0000000707000000|  0%| F|  |TAMS 0x0000000706f00000, 0x0000000706f00000| Untracked 
|  50|0x0000000707000000, 0x0000000707000000, 0x0000000707100000|  0%| F|  |TAMS 0x0000000707000000, 0x0000000707000000| Untracked 
|  51|0x0000000707100000, 0x0000000707100000, 0x0000000707200000|  0%| F|  |TAMS 0x0000000707100000, 0x0000000707100000| Untracked 
|  52|0x0000000707200000, 0x0000000707200000, 0x0000000707300000|  0%| F|  |TAMS 0x0000000707200000, 0x0000000707200000| Untracked 
|  53|0x0000000707300000, 0x0000000707300000, 0x0000000707400000|  0%| F|  |TAMS 0x0000000707300000, 0x0000000707300000| Untracked 
|  54|0x0000000707400000, 0x0000000707400000, 0x0000000707500000|  0%| F|  |TAMS 0x0000000707400000, 0x0000000707400000| Untracked 
|  55|0x0000000707500000, 0x0000000707500000, 0x0000000707600000|  0%| F|  |TAMS 0x0000000707500000, 0x0000000707500000| Untracked 
|  56|0x0000000707600000, 0x0000000707600000, 0x0000000707700000|  0%| F|  |TAMS 0x0000000707600000, 0x0000000707600000| Untracked 
|  57|0x0000000707700000, 0x0000000707700000, 0x0000000707800000|  0%| F|  |TAMS 0x0000000707700000, 0x0000000707700000| Untracked 
|  58|0x0000000707800000, 0x0000000707800000, 0x0000000707900000|  0%| F|  |TAMS 0x0000000707800000, 0x0000000707800000| Untracked 
|  59|0x0000000707900000, 0x0000000707900000, 0x0000000707a00000|  0%| F|  |TAMS 0x0000000707900000, 0x0000000707900000| Untracked 
|  60|0x0000000707a00000, 0x0000000707a00000, 0x0000000707b00000|  0%| F|  |TAMS 0x0000000707a00000, 0x0000000707a00000| Untracked 
|  61|0x0000000707b00000, 0x0000000707b00000, 0x0000000707c00000|  0%| F|  |TAMS 0x0000000707b00000, 0x0000000707b00000| Untracked 
|  62|0x0000000707c00000, 0x0000000707c00000, 0x0000000707d00000|  0%| F|  |TAMS 0x0000000707c00000, 0x0000000707c00000| Untracked 
|  63|0x0000000707d00000, 0x0000000707d00000, 0x0000000707e00000|  0%| F|  |TAMS 0x0000000707d00000, 0x0000000707d00000| Untracked 
|  64|0x0000000707e00000, 0x0000000707e00000, 0x0000000707f00000|  0%| F|  |TAMS 0x0000000707e00000, 0x0000000707e00000| Untracked 
|  65|0x0000000707f00000, 0x0000000707f00000, 0x0000000708000000|  0%| F|  |TAMS 0x0000000707f00000, 0x0000000707f00000| Untracked 
|  66|0x0000000708000000, 0x0000000708000000, 0x0000000708100000|  0%| F|  |TAMS 0x0000000708000000, 0x0000000708000000| Untracked 
|  67|0x0000000708100000, 0x0000000708100000, 0x0000000708200000|  0%| F|  |TAMS 0x0000000708100000, 0x0000000708100000| Untracked 
|  68|0x0000000708200000, 0x0000000708200000, 0x0000000708300000|  0%| F|  |TAMS 0x0000000708200000, 0x0000000708200000| Untracked 
|  69|0x0000000708300000, 0x0000000708300000, 0x0000000708400000|  0%| F|  |TAMS 0x0000000708300000, 0x0000000708300000| Untracked 
|  70|0x0000000708400000, 0x0000000708400000, 0x0000000708500000|  0%| F|  |TAMS 0x0000000708400000, 0x0000000708400000| Untracked 
|  71|0x0000000708500000, 0x0000000708500000, 0x0000000708600000|  0%| F|  |TAMS 0x0000000708500000, 0x0000000708500000| Untracked 
|  72|0x0000000708600000, 0x0000000708600000, 0x0000000708700000|  0%| F|  |TAMS 0x0000000708600000, 0x0000000708600000| Untracked 
|  73|0x0000000708700000, 0x0000000708700000, 0x0000000708800000|  0%| F|  |TAMS 0x0000000708700000, 0x0000000708700000| Untracked 
|  74|0x0000000708800000, 0x0000000708800000, 0x0000000708900000|  0%| F|  |TAMS 0x0000000708800000, 0x0000000708800000| Untracked 
|  75|0x0000000708900000, 0x0000000708900000, 0x0000000708a00000|  0%| F|  |TAMS 0x0000000708900000, 0x0000000708900000| Untracked 
|  76|0x0000000708a00000, 0x0000000708a00000, 0x0000000708b00000|  0%| F|  |TAMS 0x0000000708a00000, 0x0000000708a00000| Untracked 
|  77|0x0000000708b00000, 0x0000000708b00000, 0x0000000708c00000|  0%| F|  |TAMS 0x0000000708b00000, 0x0000000708b00000| Untracked 
|  78|0x0000000708c00000, 0x0000000708c00000, 0x0000000708d00000|  0%| F|  |TAMS 0x0000000708c00000, 0x0000000708c00000| Untracked 
|  79|0x0000000708d00000, 0x0000000708d00000, 0x0000000708e00000|  0%| F|  |TAMS 0x0000000708d00000, 0x0000000708d00000| Untracked 
|  80|0x0000000708e00000, 0x0000000708e00000, 0x0000000708f00000|  0%| F|  |TAMS 0x0000000708e00000, 0x0000000708e00000| Untracked 
|  81|0x0000000708f00000, 0x0000000708f00000, 0x0000000709000000|  0%| F|  |TAMS 0x0000000708f00000, 0x0000000708f00000| Untracked 
|  82|0x0000000709000000, 0x0000000709000000, 0x0000000709100000|  0%| F|  |TAMS 0x0000000709000000, 0x0000000709000000| Untracked 
|  83|0x0000000709100000, 0x0000000709100000, 0x0000000709200000|  0%| F|  |TAMS 0x0000000709100000, 0x0000000709100000| Untracked 
|  84|0x0000000709200000, 0x0000000709200000, 0x0000000709300000|  0%| F|  |TAMS 0x0000000709200000, 0x0000000709200000| Untracked 
|  85|0x0000000709300000, 0x0000000709300000, 0x0000000709400000|  0%| F|  |TAMS 0x0000000709300000, 0x0000000709300000| Untracked 
|  86|0x0000000709400000, 0x0000000709400000, 0x0000000709500000|  0%| F|  |TAMS 0x0000000709400000, 0x0000000709400000| Untracked 
|  87|0x0000000709500000, 0x0000000709500000, 0x0000000709600000|  0%| F|  |TAMS 0x0000000709500000, 0x0000000709500000| Untracked 
|  88|0x0000000709600000, 0x0000000709600000, 0x0000000709700000|  0%| F|  |TAMS 0x0000000709600000, 0x0000000709600000| Untracked 
|  89|0x0000000709700000, 0x0000000709700000, 0x0000000709800000|  0%| F|  |TAMS 0x0000000709700000, 0x0000000709700000| Untracked 
|  90|0x0000000709800000, 0x0000000709800000, 0x0000000709900000|  0%| F|  |TAMS 0x0000000709800000, 0x0000000709800000| Untracked 
|  91|0x0000000709900000, 0x0000000709900000, 0x0000000709a00000|  0%| F|  |TAMS 0x0000000709900000, 0x0000000709900000| Untracked 
|  92|0x0000000709a00000, 0x0000000709a00000, 0x0000000709b00000|  0%| F|  |TAMS 0x0000000709a00000, 0x0000000709a00000| Untracked 
|  93|0x0000000709b00000, 0x0000000709b00000, 0x0000000709c00000|  0%| F|  |TAMS 0x0000000709b00000, 0x0000000709b00000| Untracked 
|  94|0x0000000709c00000, 0x0000000709c00000, 0x0000000709d00000|  0%| F|  |TAMS 0x0000000709c00000, 0x0000000709c00000| Untracked 
|  95|0x0000000709d00000, 0x0000000709d00000, 0x0000000709e00000|  0%| F|  |TAMS 0x0000000709d00000, 0x0000000709d00000| Untracked 
|  96|0x0000000709e00000, 0x0000000709e00000, 0x0000000709f00000|  0%| F|  |TAMS 0x0000000709e00000, 0x0000000709e00000| Untracked 
|  97|0x0000000709f00000, 0x0000000709f00000, 0x000000070a000000|  0%| F|  |TAMS 0x0000000709f00000, 0x0000000709f00000| Untracked 
|  98|0x000000070a000000, 0x000000070a000000, 0x000000070a100000|  0%| F|  |TAMS 0x000000070a000000, 0x000000070a000000| Untracked 
|  99|0x000000070a100000, 0x000000070a100000, 0x000000070a200000|  0%| F|  |TAMS 0x000000070a100000, 0x000000070a100000| Untracked 
| 100|0x000000070a200000, 0x000000070a200000, 0x000000070a300000|  0%| F|  |TAMS 0x000000070a200000, 0x000000070a200000| Untracked 
| 101|0x000000070a300000, 0x000000070a300000, 0x000000070a400000|  0%| F|  |TAMS 0x000000070a300000, 0x000000070a300000| Untracked 
| 102|0x000000070a400000, 0x000000070a400000, 0x000000070a500000|  0%| F|  |TAMS 0x000000070a400000, 0x000000070a400000| Untracked 
| 103|0x000000070a500000, 0x000000070a500000, 0x000000070a600000|  0%| F|  |TAMS 0x000000070a500000, 0x000000070a500000| Untracked 
| 104|0x000000070a600000, 0x000000070a600000, 0x000000070a700000|  0%| F|  |TAMS 0x000000070a600000, 0x000000070a600000| Untracked 
| 105|0x000000070a700000, 0x000000070a700000, 0x000000070a800000|  0%| F|  |TAMS 0x000000070a700000, 0x000000070a700000| Untracked 
| 106|0x000000070a800000, 0x000000070a800000, 0x000000070a900000|  0%| F|  |TAMS 0x000000070a800000, 0x000000070a800000| Untracked 
| 107|0x000000070a900000, 0x000000070a900000, 0x000000070aa00000|  0%| F|  |TAMS 0x000000070a900000, 0x000000070a900000| Untracked 
| 108|0x000000070aa00000, 0x000000070aa00000, 0x000000070ab00000|  0%| F|  |TAMS 0x000000070aa00000, 0x000000070aa00000| Untracked 
| 109|0x000000070ab00000, 0x000000070ab00000, 0x000000070ac00000|  0%| F|  |TAMS 0x000000070ab00000, 0x000000070ab00000| Untracked 
| 110|0x000000070ac00000, 0x000000070ac00000, 0x000000070ad00000|  0%| F|  |TAMS 0x000000070ac00000, 0x000000070ac00000| Untracked 
| 111|0x000000070ad00000, 0x000000070ad00000, 0x000000070ae00000|  0%| F|  |TAMS 0x000000070ad00000, 0x000000070ad00000| Untracked 
| 112|0x000000070ae00000, 0x000000070ae00000, 0x000000070af00000|  0%| F|  |TAMS 0x000000070ae00000, 0x000000070ae00000| Untracked 
| 113|0x000000070af00000, 0x000000070af00000, 0x000000070b000000|  0%| F|  |TAMS 0x000000070af00000, 0x000000070af00000| Untracked 
| 114|0x000000070b000000, 0x000000070b000000, 0x000000070b100000|  0%| F|  |TAMS 0x000000070b000000, 0x000000070b000000| Untracked 
| 115|0x000000070b100000, 0x000000070b100000, 0x000000070b200000|  0%| F|  |TAMS 0x000000070b100000, 0x000000070b100000| Untracked 
| 116|0x000000070b200000, 0x000000070b200000, 0x000000070b300000|  0%| F|  |TAMS 0x000000070b200000, 0x000000070b200000| Untracked 
| 117|0x000000070b300000, 0x000000070b300000, 0x000000070b400000|  0%| F|  |TAMS 0x000000070b300000, 0x000000070b300000| Untracked 
| 118|0x000000070b400000, 0x000000070b400000, 0x000000070b500000|  0%| F|  |TAMS 0x000000070b400000, 0x000000070b400000| Untracked 
| 119|0x000000070b500000, 0x000000070b500000, 0x000000070b600000|  0%| F|  |TAMS 0x000000070b500000, 0x000000070b500000| Untracked 
| 120|0x000000070b600000, 0x000000070b600000, 0x000000070b700000|  0%| F|  |TAMS 0x000000070b600000, 0x000000070b600000| Untracked 
| 121|0x000000070b700000, 0x000000070b700000, 0x000000070b800000|  0%| F|  |TAMS 0x000000070b700000, 0x000000070b700000| Untracked 
| 122|0x000000070b800000, 0x000000070b800000, 0x000000070b900000|  0%| F|  |TAMS 0x000000070b800000, 0x000000070b800000| Untracked 
| 123|0x000000070b900000, 0x000000070b900000, 0x000000070ba00000|  0%| F|  |TAMS 0x000000070b900000, 0x000000070b900000| Untracked 
| 124|0x000000070ba00000, 0x000000070ba00000, 0x000000070bb00000|  0%| F|  |TAMS 0x000000070ba00000, 0x000000070ba00000| Untracked 
| 125|0x000000070bb00000, 0x000000070bb00000, 0x000000070bc00000|  0%| F|  |TAMS 0x000000070bb00000, 0x000000070bb00000| Untracked 
| 126|0x000000070bc00000, 0x000000070bc00000, 0x000000070bd00000|  0%| F|  |TAMS 0x000000070bc00000, 0x000000070bc00000| Untracked 
| 127|0x000000070bd00000, 0x000000070bd00000, 0x000000070be00000|  0%| F|  |TAMS 0x000000070bd00000, 0x000000070bd00000| Untracked 
| 128|0x000000070be00000, 0x000000070be00000, 0x000000070bf00000|  0%| F|  |TAMS 0x000000070be00000, 0x000000070be00000| Untracked 
| 129|0x000000070bf00000, 0x000000070bf00000, 0x000000070c000000|  0%| F|  |TAMS 0x000000070bf00000, 0x000000070bf00000| Untracked 
| 130|0x000000070c000000, 0x000000070c000000, 0x000000070c100000|  0%| F|  |TAMS 0x000000070c000000, 0x000000070c000000| Untracked 
| 131|0x000000070c100000, 0x000000070c100000, 0x000000070c200000|  0%| F|  |TAMS 0x000000070c100000, 0x000000070c100000| Untracked 
| 132|0x000000070c200000, 0x000000070c200000, 0x000000070c300000|  0%| F|  |TAMS 0x000000070c200000, 0x000000070c200000| Untracked 
| 133|0x000000070c300000, 0x000000070c300000, 0x000000070c400000|  0%| F|  |TAMS 0x000000070c300000, 0x000000070c300000| Untracked 
| 134|0x000000070c400000, 0x000000070c400000, 0x000000070c500000|  0%| F|  |TAMS 0x000000070c400000, 0x000000070c400000| Untracked 
| 135|0x000000070c500000, 0x000000070c500000, 0x000000070c600000|  0%| F|  |TAMS 0x000000070c500000, 0x000000070c500000| Untracked 
| 136|0x000000070c600000, 0x000000070c600000, 0x000000070c700000|  0%| F|  |TAMS 0x000000070c600000, 0x000000070c600000| Untracked 
| 137|0x000000070c700000, 0x000000070c700000, 0x000000070c800000|  0%| F|  |TAMS 0x000000070c700000, 0x000000070c700000| Untracked 
| 138|0x000000070c800000, 0x000000070c800000, 0x000000070c900000|  0%| F|  |TAMS 0x000000070c800000, 0x000000070c800000| Untracked 
| 139|0x000000070c900000, 0x000000070c900000, 0x000000070ca00000|  0%| F|  |TAMS 0x000000070c900000, 0x000000070c900000| Untracked 
| 140|0x000000070ca00000, 0x000000070ca00000, 0x000000070cb00000|  0%| F|  |TAMS 0x000000070ca00000, 0x000000070ca00000| Untracked 
| 141|0x000000070cb00000, 0x000000070cb00000, 0x000000070cc00000|  0%| F|  |TAMS 0x000000070cb00000, 0x000000070cb00000| Untracked 
| 142|0x000000070cc00000, 0x000000070cc00000, 0x000000070cd00000|  0%| F|  |TAMS 0x000000070cc00000, 0x000000070cc00000| Untracked 
| 143|0x000000070cd00000, 0x000000070cd00000, 0x000000070ce00000|  0%| F|  |TAMS 0x000000070cd00000, 0x000000070cd00000| Untracked 
| 144|0x000000070ce00000, 0x000000070ce00000, 0x000000070cf00000|  0%| F|  |TAMS 0x000000070ce00000, 0x000000070ce00000| Untracked 
| 145|0x000000070cf00000, 0x000000070cf00000, 0x000000070d000000|  0%| F|  |TAMS 0x000000070cf00000, 0x000000070cf00000| Untracked 
| 146|0x000000070d000000, 0x000000070d000000, 0x000000070d100000|  0%| F|  |TAMS 0x000000070d000000, 0x000000070d000000| Untracked 
| 147|0x000000070d100000, 0x000000070d100000, 0x000000070d200000|  0%| F|  |TAMS 0x000000070d100000, 0x000000070d100000| Untracked 
| 148|0x000000070d200000, 0x000000070d200000, 0x000000070d300000|  0%| F|  |TAMS 0x000000070d200000, 0x000000070d200000| Untracked 
| 149|0x000000070d300000, 0x000000070d300000, 0x000000070d400000|  0%| F|  |TAMS 0x000000070d300000, 0x000000070d300000| Untracked 
| 150|0x000000070d400000, 0x000000070d400000, 0x000000070d500000|  0%| F|  |TAMS 0x000000070d400000, 0x000000070d400000| Untracked 
| 151|0x000000070d500000, 0x000000070d500000, 0x000000070d600000|  0%| F|  |TAMS 0x000000070d500000, 0x000000070d500000| Untracked 
| 152|0x000000070d600000, 0x000000070d600000, 0x000000070d700000|  0%| F|  |TAMS 0x000000070d600000, 0x000000070d600000| Untracked 
| 153|0x000000070d700000, 0x000000070d700000, 0x000000070d800000|  0%| F|  |TAMS 0x000000070d700000, 0x000000070d700000| Untracked 
| 154|0x000000070d800000, 0x000000070d800000, 0x000000070d900000|  0%| F|  |TAMS 0x000000070d800000, 0x000000070d800000| Untracked 
| 155|0x000000070d900000, 0x000000070d900000, 0x000000070da00000|  0%| F|  |TAMS 0x000000070d900000, 0x000000070d900000| Untracked 
| 156|0x000000070da00000, 0x000000070da00000, 0x000000070db00000|  0%| F|  |TAMS 0x000000070da00000, 0x000000070da00000| Untracked 
| 157|0x000000070db00000, 0x000000070db00000, 0x000000070dc00000|  0%| F|  |TAMS 0x000000070db00000, 0x000000070db00000| Untracked 
| 158|0x000000070dc00000, 0x000000070dc00000, 0x000000070dd00000|  0%| F|  |TAMS 0x000000070dc00000, 0x000000070dc00000| Untracked 
| 159|0x000000070dd00000, 0x000000070dd00000, 0x000000070de00000|  0%| F|  |TAMS 0x000000070dd00000, 0x000000070dd00000| Untracked 
| 160|0x000000070de00000, 0x000000070de00000, 0x000000070df00000|  0%| F|  |TAMS 0x000000070de00000, 0x000000070de00000| Untracked 
| 161|0x000000070df00000, 0x000000070df00000, 0x000000070e000000|  0%| F|  |TAMS 0x000000070df00000, 0x000000070df00000| Untracked 
| 162|0x000000070e000000, 0x000000070e000000, 0x000000070e100000|  0%| F|  |TAMS 0x000000070e000000, 0x000000070e000000| Untracked 
| 163|0x000000070e100000, 0x000000070e100000, 0x000000070e200000|  0%| F|  |TAMS 0x000000070e100000, 0x000000070e100000| Untracked 
| 164|0x000000070e200000, 0x000000070e200000, 0x000000070e300000|  0%| F|  |TAMS 0x000000070e200000, 0x000000070e200000| Untracked 
| 165|0x000000070e300000, 0x000000070e300000, 0x000000070e400000|  0%| F|  |TAMS 0x000000070e300000, 0x000000070e300000| Untracked 
| 166|0x000000070e400000, 0x000000070e400000, 0x000000070e500000|  0%| F|  |TAMS 0x000000070e400000, 0x000000070e400000| Untracked 
| 167|0x000000070e500000, 0x000000070e500000, 0x000000070e600000|  0%| F|  |TAMS 0x000000070e500000, 0x000000070e500000| Untracked 
| 168|0x000000070e600000, 0x000000070e600000, 0x000000070e700000|  0%| F|  |TAMS 0x000000070e600000, 0x000000070e600000| Untracked 
| 169|0x000000070e700000, 0x000000070e700000, 0x000000070e800000|  0%| F|  |TAMS 0x000000070e700000, 0x000000070e700000| Untracked 
| 170|0x000000070e800000, 0x000000070e800000, 0x000000070e900000|  0%| F|  |TAMS 0x000000070e800000, 0x000000070e800000| Untracked 
| 171|0x000000070e900000, 0x000000070e900000, 0x000000070ea00000|  0%| F|  |TAMS 0x000000070e900000, 0x000000070e900000| Untracked 
| 172|0x000000070ea00000, 0x000000070ea00000, 0x000000070eb00000|  0%| F|  |TAMS 0x000000070ea00000, 0x000000070ea00000| Untracked 
| 173|0x000000070eb00000, 0x000000070eb00000, 0x000000070ec00000|  0%| F|  |TAMS 0x000000070eb00000, 0x000000070eb00000| Untracked 
| 174|0x000000070ec00000, 0x000000070ec00000, 0x000000070ed00000|  0%| F|  |TAMS 0x000000070ec00000, 0x000000070ec00000| Untracked 
| 175|0x000000070ed00000, 0x000000070ed00000, 0x000000070ee00000|  0%| F|  |TAMS 0x000000070ed00000, 0x000000070ed00000| Untracked 
| 176|0x000000070ee00000, 0x000000070ee00000, 0x000000070ef00000|  0%| F|  |TAMS 0x000000070ee00000, 0x000000070ee00000| Untracked 
| 177|0x000000070ef00000, 0x000000070ef00000, 0x000000070f000000|  0%| F|  |TAMS 0x000000070ef00000, 0x000000070ef00000| Untracked 
| 178|0x000000070f000000, 0x000000070f000000, 0x000000070f100000|  0%| F|  |TAMS 0x000000070f000000, 0x000000070f000000| Untracked 
| 179|0x000000070f100000, 0x000000070f100000, 0x000000070f200000|  0%| F|  |TAMS 0x000000070f100000, 0x000000070f100000| Untracked 
| 180|0x000000070f200000, 0x000000070f200000, 0x000000070f300000|  0%| F|  |TAMS 0x000000070f200000, 0x000000070f200000| Untracked 
| 181|0x000000070f300000, 0x000000070f300000, 0x000000070f400000|  0%| F|  |TAMS 0x000000070f300000, 0x000000070f300000| Untracked 
| 182|0x000000070f400000, 0x000000070f400000, 0x000000070f500000|  0%| F|  |TAMS 0x000000070f400000, 0x000000070f400000| Untracked 
| 183|0x000000070f500000, 0x000000070f500000, 0x000000070f600000|  0%| F|  |TAMS 0x000000070f500000, 0x000000070f500000| Untracked 
| 184|0x000000070f600000, 0x000000070f600000, 0x000000070f700000|  0%| F|  |TAMS 0x000000070f600000, 0x000000070f600000| Untracked 
| 185|0x000000070f700000, 0x000000070f700000, 0x000000070f800000|  0%| F|  |TAMS 0x000000070f700000, 0x000000070f700000| Untracked 
| 186|0x000000070f800000, 0x000000070f800000, 0x000000070f900000|  0%| F|  |TAMS 0x000000070f800000, 0x000000070f800000| Untracked 
| 187|0x000000070f900000, 0x000000070f900000, 0x000000070fa00000|  0%| F|  |TAMS 0x000000070f900000, 0x000000070f900000| Untracked 
| 188|0x000000070fa00000, 0x000000070fa00000, 0x000000070fb00000|  0%| F|  |TAMS 0x000000070fa00000, 0x000000070fa00000| Untracked 
| 189|0x000000070fb00000, 0x000000070fb00000, 0x000000070fc00000|  0%| F|  |TAMS 0x000000070fb00000, 0x000000070fb00000| Untracked 
| 190|0x000000070fc00000, 0x000000070fc00000, 0x000000070fd00000|  0%| F|  |TAMS 0x000000070fc00000, 0x000000070fc00000| Untracked 
| 191|0x000000070fd00000, 0x000000070fd00000, 0x000000070fe00000|  0%| F|  |TAMS 0x000000070fd00000, 0x000000070fd00000| Untracked 
| 192|0x000000070fe00000, 0x000000070fe00000, 0x000000070ff00000|  0%| F|  |TAMS 0x000000070fe00000, 0x000000070fe00000| Untracked 
| 193|0x000000070ff00000, 0x000000070ff00000, 0x0000000710000000|  0%| F|  |TAMS 0x000000070ff00000, 0x000000070ff00000| Untracked 
| 194|0x0000000710000000, 0x0000000710000000, 0x0000000710100000|  0%| F|  |TAMS 0x0000000710000000, 0x0000000710000000| Untracked 
| 195|0x0000000710100000, 0x0000000710100000, 0x0000000710200000|  0%| F|  |TAMS 0x0000000710100000, 0x0000000710100000| Untracked 
| 196|0x0000000710200000, 0x0000000710200000, 0x0000000710300000|  0%| F|  |TAMS 0x0000000710200000, 0x0000000710200000| Untracked 
| 197|0x0000000710300000, 0x0000000710300000, 0x0000000710400000|  0%| F|  |TAMS 0x0000000710300000, 0x0000000710300000| Untracked 
| 198|0x0000000710400000, 0x0000000710400000, 0x0000000710500000|  0%| F|  |TAMS 0x0000000710400000, 0x0000000710400000| Untracked 
| 199|0x0000000710500000, 0x0000000710500000, 0x0000000710600000|  0%| F|  |TAMS 0x0000000710500000, 0x0000000710500000| Untracked 
| 200|0x0000000710600000, 0x0000000710600000, 0x0000000710700000|  0%| F|  |TAMS 0x0000000710600000, 0x0000000710600000| Untracked 
| 201|0x0000000710700000, 0x0000000710700000, 0x0000000710800000|  0%| F|  |TAMS 0x0000000710700000, 0x0000000710700000| Untracked 
| 202|0x0000000710800000, 0x0000000710800000, 0x0000000710900000|  0%| F|  |TAMS 0x0000000710800000, 0x0000000710800000| Untracked 
| 203|0x0000000710900000, 0x0000000710900000, 0x0000000710a00000|  0%| F|  |TAMS 0x0000000710900000, 0x0000000710900000| Untracked 
| 204|0x0000000710a00000, 0x0000000710a00000, 0x0000000710b00000|  0%| F|  |TAMS 0x0000000710a00000, 0x0000000710a00000| Untracked 
| 205|0x0000000710b00000, 0x0000000710b00000, 0x0000000710c00000|  0%| F|  |TAMS 0x0000000710b00000, 0x0000000710b00000| Untracked 
| 206|0x0000000710c00000, 0x0000000710c00000, 0x0000000710d00000|  0%| F|  |TAMS 0x0000000710c00000, 0x0000000710c00000| Untracked 
| 207|0x0000000710d00000, 0x0000000710d00000, 0x0000000710e00000|  0%| F|  |TAMS 0x0000000710d00000, 0x0000000710d00000| Untracked 
| 208|0x0000000710e00000, 0x0000000710e00000, 0x0000000710f00000|  0%| F|  |TAMS 0x0000000710e00000, 0x0000000710e00000| Untracked 
| 209|0x0000000710f00000, 0x0000000710f00000, 0x0000000711000000|  0%| F|  |TAMS 0x0000000710f00000, 0x0000000710f00000| Untracked 
| 210|0x0000000711000000, 0x0000000711000000, 0x0000000711100000|  0%| F|  |TAMS 0x0000000711000000, 0x0000000711000000| Untracked 
| 211|0x0000000711100000, 0x0000000711100000, 0x0000000711200000|  0%| F|  |TAMS 0x0000000711100000, 0x0000000711100000| Untracked 
| 212|0x0000000711200000, 0x0000000711200000, 0x0000000711300000|  0%| F|  |TAMS 0x0000000711200000, 0x0000000711200000| Untracked 
| 213|0x0000000711300000, 0x0000000711300000, 0x0000000711400000|  0%| F|  |TAMS 0x0000000711300000, 0x0000000711300000| Untracked 
| 214|0x0000000711400000, 0x0000000711400000, 0x0000000711500000|  0%| F|  |TAMS 0x0000000711400000, 0x0000000711400000| Untracked 
| 215|0x0000000711500000, 0x0000000711500000, 0x0000000711600000|  0%| F|  |TAMS 0x0000000711500000, 0x0000000711500000| Untracked 
| 216|0x0000000711600000, 0x0000000711600000, 0x0000000711700000|  0%| F|  |TAMS 0x0000000711600000, 0x0000000711600000| Untracked 
| 217|0x0000000711700000, 0x0000000711700000, 0x0000000711800000|  0%| F|  |TAMS 0x0000000711700000, 0x0000000711700000| Untracked 
| 218|0x0000000711800000, 0x0000000711800000, 0x0000000711900000|  0%| F|  |TAMS 0x0000000711800000, 0x0000000711800000| Untracked 
| 219|0x0000000711900000, 0x0000000711900000, 0x0000000711a00000|  0%| F|  |TAMS 0x0000000711900000, 0x0000000711900000| Untracked 
| 220|0x0000000711a00000, 0x0000000711a00000, 0x0000000711b00000|  0%| F|  |TAMS 0x0000000711a00000, 0x0000000711a00000| Untracked 
| 221|0x0000000711b00000, 0x0000000711b00000, 0x0000000711c00000|  0%| F|  |TAMS 0x0000000711b00000, 0x0000000711b00000| Untracked 
| 222|0x0000000711c00000, 0x0000000711c00000, 0x0000000711d00000|  0%| F|  |TAMS 0x0000000711c00000, 0x0000000711c00000| Untracked 
| 223|0x0000000711d00000, 0x0000000711d00000, 0x0000000711e00000|  0%| F|  |TAMS 0x0000000711d00000, 0x0000000711d00000| Untracked 
| 224|0x0000000711e00000, 0x0000000711e00000, 0x0000000711f00000|  0%| F|  |TAMS 0x0000000711e00000, 0x0000000711e00000| Untracked 
| 225|0x0000000711f00000, 0x0000000711f00000, 0x0000000712000000|  0%| F|  |TAMS 0x0000000711f00000, 0x0000000711f00000| Untracked 
| 226|0x0000000712000000, 0x0000000712000000, 0x0000000712100000|  0%| F|  |TAMS 0x0000000712000000, 0x0000000712000000| Untracked 
| 227|0x0000000712100000, 0x0000000712100000, 0x0000000712200000|  0%| F|  |TAMS 0x0000000712100000, 0x0000000712100000| Untracked 
| 228|0x0000000712200000, 0x0000000712200000, 0x0000000712300000|  0%| F|  |TAMS 0x0000000712200000, 0x0000000712200000| Untracked 
| 229|0x0000000712300000, 0x0000000712300000, 0x0000000712400000|  0%| F|  |TAMS 0x0000000712300000, 0x0000000712300000| Untracked 
| 230|0x0000000712400000, 0x0000000712400000, 0x0000000712500000|  0%| F|  |TAMS 0x0000000712400000, 0x0000000712400000| Untracked 
| 231|0x0000000712500000, 0x0000000712500000, 0x0000000712600000|  0%| F|  |TAMS 0x0000000712500000, 0x0000000712500000| Untracked 
| 232|0x0000000712600000, 0x0000000712600000, 0x0000000712700000|  0%| F|  |TAMS 0x0000000712600000, 0x0000000712600000| Untracked 
| 233|0x0000000712700000, 0x00000007127e7250, 0x0000000712800000| 90%| S|CS|TAMS 0x0000000712700000, 0x0000000712700000| Complete 
| 234|0x0000000712800000, 0x0000000712900000, 0x0000000712900000|100%| S|CS|TAMS 0x0000000712800000, 0x0000000712800000| Complete 
| 235|0x0000000712900000, 0x0000000712a00000, 0x0000000712a00000|100%| S|CS|TAMS 0x0000000712900000, 0x0000000712900000| Complete 
| 236|0x0000000712a00000, 0x0000000712b00000, 0x0000000712b00000|100%| S|CS|TAMS 0x0000000712a00000, 0x0000000712a00000| Complete 
| 237|0x0000000712b00000, 0x0000000712b00000, 0x0000000712c00000|  0%| F|  |TAMS 0x0000000712b00000, 0x0000000712b00000| Untracked 
| 238|0x0000000712c00000, 0x0000000712c00000, 0x0000000712d00000|  0%| F|  |TAMS 0x0000000712c00000, 0x0000000712c00000| Untracked 
| 239|0x0000000712d00000, 0x0000000712d00000, 0x0000000712e00000|  0%| F|  |TAMS 0x0000000712d00000, 0x0000000712d00000| Untracked 
| 240|0x0000000712e00000, 0x0000000712e00000, 0x0000000712f00000|  0%| F|  |TAMS 0x0000000712e00000, 0x0000000712e00000| Untracked 
| 241|0x0000000712f00000, 0x0000000712f00000, 0x0000000713000000|  0%| F|  |TAMS 0x0000000712f00000, 0x0000000712f00000| Untracked 
| 242|0x0000000713000000, 0x0000000713000000, 0x0000000713100000|  0%| F|  |TAMS 0x0000000713000000, 0x0000000713000000| Untracked 
| 243|0x0000000713100000, 0x0000000713100000, 0x0000000713200000|  0%| F|  |TAMS 0x0000000713100000, 0x0000000713100000| Untracked 
| 244|0x0000000713200000, 0x0000000713200000, 0x0000000713300000|  0%| F|  |TAMS 0x0000000713200000, 0x0000000713200000| Untracked 
| 245|0x0000000713300000, 0x0000000713300000, 0x0000000713400000|  0%| F|  |TAMS 0x0000000713300000, 0x0000000713300000| Untracked 
| 246|0x0000000713400000, 0x0000000713400000, 0x0000000713500000|  0%| F|  |TAMS 0x0000000713400000, 0x0000000713400000| Untracked 
| 247|0x0000000713500000, 0x0000000713500000, 0x0000000713600000|  0%| F|  |TAMS 0x0000000713500000, 0x0000000713500000| Untracked 
| 248|0x0000000713600000, 0x0000000713600000, 0x0000000713700000|  0%| F|  |TAMS 0x0000000713600000, 0x0000000713600000| Untracked 
| 249|0x0000000713700000, 0x0000000713700000, 0x0000000713800000|  0%| F|  |TAMS 0x0000000713700000, 0x0000000713700000| Untracked 
| 250|0x0000000713800000, 0x0000000713800000, 0x0000000713900000|  0%| F|  |TAMS 0x0000000713800000, 0x0000000713800000| Untracked 
| 251|0x0000000713900000, 0x0000000713900000, 0x0000000713a00000|  0%| F|  |TAMS 0x0000000713900000, 0x0000000713900000| Untracked 
| 252|0x0000000713a00000, 0x0000000713a00000, 0x0000000713b00000|  0%| F|  |TAMS 0x0000000713a00000, 0x0000000713a00000| Untracked 
| 253|0x0000000713b00000, 0x0000000713b80000, 0x0000000713c00000| 50%| E|  |TAMS 0x0000000713b00000, 0x0000000713b00000| Complete 

Card table byte_map: [0x0000022b33ce0000,0x0000022b344d0000] _byte_map_base: 0x0000022b304c1000

Marking Bits (Prev, Next): (CMBitMap*) 0x0000022b2079e778, (CMBitMap*) 0x0000022b2079e7b0
 Prev Bits: [0x0000022b34cc0000, 0x0000022b38bc8000)
 Next Bits: [0x0000022b38bd0000, 0x0000022b3cad8000)

Polling page: 0x0000022b1fea0000

Metaspace:

Usage:
  Non-class:     14.00 MB capacity,    13.76 MB ( 98%) used,   220.65 KB (  2%) free+waste,    22.31 KB ( <1%) overhead. 
      Class:      1.86 MB capacity,     1.75 MB ( 94%) used,    99.28 KB (  5%) free+waste,    10.88 KB ( <1%) overhead. 
       Both:     15.86 MB capacity,    15.52 MB ( 98%) used,   319.93 KB (  2%) free+waste,    33.19 KB ( <1%) overhead. 

Virtual space:
  Non-class space:       20.00 MB reserved,      14.25 MB ( 71%) committed 
      Class space:        1.00 GB reserved,       1.88 MB ( <1%) committed 
             Both:        1.02 GB reserved,      16.13 MB (  2%) committed 

Chunk freelists:
   Non-Class:  63.00 KB
       Class:  13.00 KB
        Both:  76.00 KB

MaxMetaspaceSize: 17179869184.00 GB
CompressedClassSpaceSize: 1.00 GB

CodeHeap 'non-profiled nmethods': size=120000Kb used=443Kb max_used=443Kb free=119557Kb
 bounds [0x0000022b2bc90000, 0x0000022b2bf00000, 0x0000022b331c0000]
CodeHeap 'profiled nmethods': size=120000Kb used=2714Kb max_used=2714Kb free=117285Kb
 bounds [0x0000022b24760000, 0x0000022b24a10000, 0x0000022b2bc90000]
CodeHeap 'non-nmethods': size=5760Kb used=1114Kb max_used=1127Kb free=4645Kb
 bounds [0x0000022b241c0000, 0x0000022b24430000, 0x0000022b24760000]
 total_blobs=1836 nmethods=1405 adapters=343
 compilation: enabled
              stopped_count=0, restarted_count=0
 full_count=0

Compilation events (20 events):
Event: 40.330 Thread 0x0000022b40009000 nmethod 1400 0x0000022b24a00990 code [0x0000022b24a00d20, 0x0000022b24a023a8]
Event: 40.330 Thread 0x0000022b40009000 1397       3       java.util.concurrent.locks.AbstractQueuedSynchronizer$ConditionObject::signal (33 bytes)
Event: 40.331 Thread 0x0000022b40009000 nmethod 1397 0x0000022b24a02d90 code [0x0000022b24a02f80, 0x0000022b24a032c8]
Event: 40.331 Thread 0x0000022b40009000 1398       3       java.util.concurrent.ThreadPoolExecutor::ensurePrestart (41 bytes)
Event: 40.331 Thread 0x0000022b40009000 nmethod 1398 0x0000022b24a03410 code [0x0000022b24a035e0, 0x0000022b24a03878]
Event: 40.331 Thread 0x0000022b40009000 1399       3       java.util.concurrent.ScheduledThreadPoolExecutor$DelayedWorkQueue::take (5 bytes)
Event: 40.331 Thread 0x0000022b40009000 nmethod 1399 0x0000022b24a03990 code [0x0000022b24a03b40, 0x0000022b24a03c88]
Event: 40.331 Thread 0x0000022b40009000 1395       3       org.gradle.internal.logging.sink.GroupingProgressLogEventGenerator::onUpdateNow (54 bytes)
Event: 40.332 Thread 0x0000022b40009000 nmethod 1395 0x0000022b24a03d10 code [0x0000022b24a03f40, 0x0000022b24a045e8]
Event: 40.434 Thread 0x0000022b40009000 1401       3       java.util.concurrent.Executors$RunnableAdapter::call (14 bytes)
Event: 40.434 Thread 0x0000022b40009000 nmethod 1401 0x0000022b24a04810 code [0x0000022b24a049c0, 0x0000022b24a04ba8]
Event: 40.434 Thread 0x0000022b40009000 1402       3       org.gradle.internal.logging.console.ThrottlingOutputEventListener$1::run (27 bytes)
Event: 40.435 Thread 0x0000022b40009000 nmethod 1402 0x0000022b24a04c90 code [0x0000022b24a04e80, 0x0000022b24a05218]
Event: 40.435 Thread 0x0000022b40009000 1403       3       org.gradle.internal.logging.events.UpdateNowEvent::<init> (10 bytes)
Event: 40.435 Thread 0x0000022b40009000 nmethod 1403 0x0000022b24a05410 code [0x0000022b24a055c0, 0x0000022b24a05778]
Event: 40.435 Thread 0x0000022b40009000 1404       3       java.util.concurrent.ScheduledThreadPoolExecutor$ScheduledFutureTask::setNextRunTime (38 bytes)
Event: 40.436 Thread 0x0000022b40009000 nmethod 1404 0x0000022b24a05890 code [0x0000022b24a05a60, 0x0000022b24a05d88]
Event: 40.436 Thread 0x0000022b40009000 1405       3       java.util.concurrent.ScheduledThreadPoolExecutor::reExecutePeriodic (49 bytes)
Event: 40.436 Thread 0x0000022b40009000 nmethod 1405 0x0000022b24a05e90 code [0x0000022b24a060c0, 0x0000022b24a06788]
Event: 52.030 Thread 0x0000022b40009000 1406   !   3       java.lang.ref.ReferenceQueue::enqueue (119 bytes)

GC Heap History (4 events):
Event: 2.064 GC heap before
{Heap before GC invocations=0 (full 0):
 garbage-first heap   total 260096K, used 29696K [0x0000000703e00000, 0x0000000800000000)
  region size 1024K, 24 young (24576K), 0 survivors (0K)
 Metaspace       used 11309K, capacity 11554K, committed 11904K, reserved 1060864K
  class space    used 1217K, capacity 1295K, committed 1408K, reserved 1048576K
}
Event: 2.073 GC heap after
{Heap after GC invocations=1 (full 0):
 garbage-first heap   total 260096K, used 9121K [0x0000000703e00000, 0x0000000800000000)
  region size 1024K, 3 young (3072K), 3 survivors (3072K)
 Metaspace       used 11309K, capacity 11554K, committed 11904K, reserved 1060864K
  class space    used 1217K, capacity 1295K, committed 1408K, reserved 1048576K
}
Event: 52.021 GC heap before
{Heap before GC invocations=1 (full 0):
 garbage-first heap   total 260096K, used 25505K [0x0000000703e00000, 0x0000000800000000)
  region size 1024K, 20 young (20480K), 3 survivors (3072K)
 Metaspace       used 15888K, capacity 16180K, committed 16256K, reserved 1069056K
  class space    used 1796K, capacity 1907K, committed 1920K, reserved 1048576K
}
Event: 52.029 GC heap after
{Heap after GC invocations=2 (full 0):
 garbage-first heap   total 260096K, used 10046K [0x0000000703e00000, 0x0000000800000000)
  region size 1024K, 4 young (4096K), 4 survivors (4096K)
 Metaspace       used 15888K, capacity 16180K, committed 16256K, reserved 1069056K
  class space    used 1796K, capacity 1907K, committed 1920K, reserved 1048576K
}

Deoptimization events (20 events):
Event: 3.544 Thread 0x0000022b40b6e000 Uncommon trap: trap_request=0xffffff4d fr.pc=0x0000022b2bcbe8a4 relative=0x0000000000000464
Event: 3.544 Thread 0x0000022b40b6e000 Uncommon trap: reason=unstable_if action=reinterpret pc=0x0000022b2bcbe8a4 method=java.lang.AbstractStringBuilder.putStringAt(ILjava/lang/String;)V @ 8 c2
Event: 3.544 Thread 0x0000022b40b6e000 DEOPT PACKING pc=0x0000022b2bcbe8a4 sp=0x0000004c94afeb40
Event: 3.544 Thread 0x0000022b40b6e000 DEOPT UNPACKING pc=0x0000022b241e68af sp=0x0000004c94afeab0 mode 2
Event: 3.544 Thread 0x0000022b40b6e000 Uncommon trap: trap_request=0xffffff4d fr.pc=0x0000022b2bcbf678 relative=0x0000000000000058
Event: 3.544 Thread 0x0000022b40b6e000 Uncommon trap: reason=unstable_if action=reinterpret pc=0x0000022b2bcbf678 method=java.lang.AbstractStringBuilder.isLatin1()Z @ 10 c2
Event: 3.544 Thread 0x0000022b40b6e000 DEOPT PACKING pc=0x0000022b2bcbf678 sp=0x0000004c94afea50
Event: 3.544 Thread 0x0000022b40b6e000 DEOPT UNPACKING pc=0x0000022b241e68af sp=0x0000004c94afe9e0 mode 2
Event: 3.545 Thread 0x0000022b40b6e000 Uncommon trap: trap_request=0xffffff4d fr.pc=0x0000022b2bcbeff0 relative=0x00000000000000d0
Event: 3.545 Thread 0x0000022b40b6e000 Uncommon trap: reason=unstable_if action=reinterpret pc=0x0000022b2bcbeff0 method=java.lang.String.getBytes([BIB)V @ 5 c2
Event: 3.545 Thread 0x0000022b40b6e000 DEOPT PACKING pc=0x0000022b2bcbeff0 sp=0x0000004c94afea60
Event: 3.545 Thread 0x0000022b40b6e000 DEOPT UNPACKING pc=0x0000022b241e68af sp=0x0000004c94afea28 mode 2
Event: 3.545 Thread 0x0000022b40b6e000 Uncommon trap: trap_request=0xffffff4d fr.pc=0x0000022b2bce1e5c relative=0x000000000000039c
Event: 3.545 Thread 0x0000022b40b6e000 Uncommon trap: reason=unstable_if action=reinterpret pc=0x0000022b2bce1e5c method=java.lang.AbstractStringBuilder.isLatin1()Z @ 10 c2
Event: 3.545 Thread 0x0000022b40b6e000 DEOPT PACKING pc=0x0000022b2bce1e5c sp=0x0000004c94afebc0
Event: 3.545 Thread 0x0000022b40b6e000 DEOPT UNPACKING pc=0x0000022b241e68af sp=0x0000004c94afeb40 mode 2
Event: 7.569 Thread 0x0000022b40db8000 Uncommon trap: trap_request=0xffffff4d fr.pc=0x0000022b2bce3180 relative=0x0000000000000e40
Event: 7.569 Thread 0x0000022b40db8000 Uncommon trap: reason=unstable_if action=reinterpret pc=0x0000022b2bce3180 method=java.util.concurrent.ConcurrentHashMap.putVal(Ljava/lang/Object;Ljava/lang/Object;Z)Ljava/lang/Object; @ 97 c2
Event: 7.569 Thread 0x0000022b40db8000 DEOPT PACKING pc=0x0000022b2bce3180 sp=0x0000004c949fdf30
Event: 7.569 Thread 0x0000022b40db8000 DEOPT UNPACKING pc=0x0000022b241e68af sp=0x0000004c949fdec8 mode 2

Classes redefined (0 events):
No events

Internal exceptions (15 events):
Event: 0.502 Thread 0x0000022b2074e800 Exception <a 'java/lang/NoSuchMethodError'{0x00000007139455e8}: 'int java.lang.invoke.DirectMethodHandle$Holder.invokeSpecialIFC(java.lang.Object, java.lang.Object, int)'> (0x00000007139455e8) thrown at [./src/hotspot/share/interpreter/linkResolver.cpp, line 773]
Event: 0.882 Thread 0x0000022b2074e800 Exception <a 'java/lang/NoSuchMethodError'{0x000000071371c9f0}: 'int java.lang.invoke.DirectMethodHandle$Holder.invokeStaticInit(java.lang.Object, java.lang.Object)'> (0x000000071371c9f0) thrown at [./src/hotspot/share/interpreter/linkResolver.cpp, line 773]
Event: 1.038 Thread 0x0000022b2074e800 Exception <a 'java/lang/NoSuchMethodError'{0x00000007137d7208}: 'int java.lang.invoke.DirectMethodHandle$Holder.invokeSpecial(java.lang.Object, java.lang.Object, java.lang.Object, java.lang.Object)'> (0x00000007137d7208) thrown at [./src/hotspot/share/interpreter/linkResolver.cpp, line 773]
Event: 1.919 Thread 0x0000022b2074e800 Exception <a 'java/lang/NoClassDefFoundError'{0x000000071289e168}: org/slf4j/impl/StaticMarkerBinder> (0x000000071289e168) thrown at [./src/hotspot/share/classfile/systemDictionary.cpp, line 220]
Event: 1.939 Thread 0x0000022b2074e800 Exception <a 'java/lang/NoSuchMethodError'{0x0000000712736128}: 'java.lang.Object java.lang.invoke.DirectMethodHandle$Holder.invokeVirtual(java.lang.Object, java.lang.Object, java.lang.Object, java.lang.Object, java.lang.Object)'> (0x0000000712736128) thrown at [./src/hotspot/share/interpreter/linkResolver.cpp, line 773]
Event: 2.085 Thread 0x0000022b2074e800 Exception <a 'java/lang/NoSuchMethodError'{0x0000000713b36a78}: 'java.lang.Object java.lang.invoke.Invokers$Holder.invoker(java.lang.Object, java.lang.Object, java.lang.Object, java.lang.Object, java.lang.Object)'> (0x0000000713b36a78) thrown at [./src/hotspot/share/interpreter/linkResolver.cpp, line 773]
Event: 2.090 Thread 0x0000022b2074e800 Exception <a 'java/lang/NoSuchMethodError'{0x0000000713b479a0}: 'void java.lang.invoke.DelegatingMethodHandle$Holder.delegate(java.lang.Object, java.lang.Object, int, java.lang.Object)'> (0x0000000713b479a0) thrown at [./src/hotspot/share/interpreter/linkResolver.cpp, line 773]
Event: 2.221 Thread 0x0000022b2074e800 Exception <a 'java/lang/NoSuchMethodError'{0x00000007137b71d8}: 'java.lang.Object java.lang.invoke.DirectMethodHandle$Holder.invokeStaticInit(java.lang.Object, java.lang.Object, java.lang.Object)'> (0x00000007137b71d8) thrown at [./src/hotspot/share/interpreter/linkResolver.cpp, line 773]
Event: 2.383 Thread 0x0000022b2074e800 Exception <a 'java/lang/NoSuchMethodError'{0x00000007133bbec8}: 'java.lang.Object java.lang.invoke.DirectMethodHandle$Holder.invokeStaticInit(java.lang.Object, int, int, int, int)'> (0x00000007133bbec8) thrown at [./src/hotspot/share/interpreter/linkResolver.cpp, line 773]
Event: 2.747 Thread 0x0000022b2074e800 Exception <a 'java/lang/NoSuchMethodError'{0x000000071323a6f8}: 'java.lang.Object java.lang.invoke.DirectMethodHandle$Holder.invokeStaticInit(java.lang.Object, java.lang.Object, int, int, int, int)'> (0x000000071323a6f8) thrown at [./src/hotspot/share/interpreter/linkResolver.cpp, line 773]
Event: 3.518 Thread 0x0000022b40b6e000 Exception <a 'java/lang/NoSuchMethodError'{0x0000000712d92ec8}: 'void java.lang.invoke.DirectMethodHandle$Holder.invokeStatic(java.lang.Object, long)'> (0x0000000712d92ec8) thrown at [./src/hotspot/share/interpreter/linkResolver.cpp, line 773]
Event: 3.519 Thread 0x0000022b40b6e000 Exception <a 'java/lang/NoSuchMethodError'{0x0000000712d98118}: 'java.lang.Object java.lang.invoke.DirectMethodHandle$Holder.invokeStatic(java.lang.Object, long)'> (0x0000000712d98118) thrown at [./src/hotspot/share/interpreter/linkResolver.cpp, line 773]
Event: 3.523 Thread 0x0000022b40b6e000 Exception <a 'java/lang/NoSuchMethodError'{0x0000000712da61b8}: 'java.lang.Object java.lang.invoke.DirectMethodHandle$Holder.invokeStaticInit(java.lang.Object, java.lang.Object, long, java.lang.Object)'> (0x0000000712da61b8) thrown at [./src/hotspot/share/interpreter/linkResolver.cpp, line 773]
Event: 3.524 Thread 0x0000022b40b6e000 Exception <a 'java/lang/NoSuchMethodError'{0x0000000712dac0e0}: 'java.lang.Object java.lang.invoke.DirectMethodHandle$Holder.invokeStatic(java.lang.Object, java.lang.Object, long)'> (0x0000000712dac0e0) thrown at [./src/hotspot/share/interpreter/linkResolver.cpp, line 773]
Event: 3.524 Thread 0x0000022b40b6e000 Exception <a 'java/lang/NoSuchMethodError'{0x0000000712db23b0}: 'java.lang.Object java.lang.invoke.Invokers$Holder.linkToTargetMethod(java.lang.Object, long, java.lang.Object)'> (0x0000000712db23b0) thrown at [./src/hotspot/share/interpreter/linkResolver.cpp, line 773]

Events (20 events):
Event: 15.871 loading class jdk/internal/reflect/UTF8 done
Event: 15.872 loading class jdk/internal/reflect/Label
Event: 15.873 loading class jdk/internal/reflect/Label done
Event: 15.873 loading class jdk/internal/reflect/Label$PatchInfo
Event: 15.873 loading class jdk/internal/reflect/Label$PatchInfo done
Event: 15.873 loading class jdk/internal/reflect/MethodAccessorGenerator$1
Event: 15.873 loading class jdk/internal/reflect/MethodAccessorGenerator$1 done
Event: 15.874 loading class jdk/internal/reflect/ClassDefiner
Event: 15.874 loading class jdk/internal/reflect/ClassDefiner done
Event: 15.874 loading class jdk/internal/reflect/ClassDefiner$1
Event: 15.874 loading class jdk/internal/reflect/ClassDefiner$1 done
Event: 52.020 loading class org/gradle/internal/logging/events/StyledTextOutputEvent$Span
Event: 52.020 loading class org/gradle/internal/logging/events/StyledTextOutputEvent$Span done
Event: 52.021 loading class org/gradle/internal/logging/events/operations/StyledTextBuildOperationProgressDetails$Span
Event: 52.021 loading class org/gradle/internal/logging/events/operations/StyledTextBuildOperationProgressDetails$Span done
Event: 52.021 Executing VM operation: CollectForMetadataAllocation
Event: 52.029 Executing VM operation: CollectForMetadataAllocation done
Event: 52.030 Executing VM operation: RevokeBias
Event: 52.030 Executing VM operation: RevokeBias done
Event: 52.030 Executing VM operation: RevokeBias


Dynamic libraries:
0x00007ff69aa90000 - 0x00007ff69aa9a000 	C:\Program Files\Android\Android Studio1\jre\bin\java.exe
0x00007ffb14770000 - 0x00007ffb14984000 	C:\WINDOWS\SYSTEM32\ntdll.dll
0x00007ffb130a0000 - 0x00007ffb13162000 	C:\WINDOWS\System32\KERNEL32.DLL
0x00007ffb11f30000 - 0x00007ffb122cd000 	C:\WINDOWS\System32\KERNELBASE.dll
0x00007ffb0eff0000 - 0x00007ffb0f087000 	C:\WINDOWS\SYSTEM32\apphelp.dll
0x00007ffb11ba0000 - 0x00007ffb11cb1000 	C:\WINDOWS\System32\ucrtbase.dll
0x00007ffb033b0000 - 0x00007ffb033c9000 	C:\Program Files\Android\Android Studio1\jre\bin\jli.dll
0x00007ffb03190000 - 0x00007ffb031a7000 	C:\Program Files\Android\Android Studio1\jre\bin\VCRUNTIME140.dll
0x00007ffb12db0000 - 0x00007ffb12f5a000 	C:\WINDOWS\System32\USER32.dll
0x00007ffb11d60000 - 0x00007ffb11d86000 	C:\WINDOWS\System32\win32u.dll
0x00007ffb13b80000 - 0x00007ffb13ba9000 	C:\WINDOWS\System32\GDI32.dll
0x00007ffb11e10000 - 0x00007ffb11f22000 	C:\WINDOWS\System32\gdi32full.dll
0x00007ffb11cc0000 - 0x00007ffb11d5a000 	C:\WINDOWS\System32\msvcp_win.dll
0x00007ffaf6580000 - 0x00007ffaf680e000 	C:\WINDOWS\WinSxS\amd64_microsoft.windows.common-controls_6595b64144ccf1df_6.0.22621.608_none_a9444ca7c10bb01d\COMCTL32.dll
0x00007ffb13a40000 - 0x00007ffb13ae7000 	C:\WINDOWS\System32\msvcrt.dll
0x00007ffb12f60000 - 0x00007ffb12f92000 	C:\WINDOWS\System32\IMM32.DLL
0x00007ffb026c0000 - 0x00007ffb0282b000 	C:\WINDOWS\system32\tmumh\20019\AddOn\8.55.0.1125\TmUmEvt64.dll
0x00007ffb140d0000 - 0x00007ffb140d8000 	C:\WINDOWS\System32\PSAPI.DLL
0x00007ffb13d00000 - 0x00007ffb13dae000 	C:\WINDOWS\System32\ADVAPI32.dll
0x00007ffb12fa0000 - 0x00007ffb13044000 	C:\WINDOWS\System32\sechost.dll
0x00007ffb13db0000 - 0x00007ffb13ec5000 	C:\WINDOWS\System32\RPCRT4.dll
0x000000005ff30000 - 0x00000000600a3000 	C:\WINDOWS\system32\tmumh\20019\TmMon\2.9.0.1042\tmmon64.dll
0x00007ffaf1e40000 - 0x00007ffaf1edd000 	C:\Program Files\Android\Android Studio1\jre\bin\msvcp140.dll
0x00007ffab8340000 - 0x00007ffab8e15000 	C:\Program Files\Android\Android Studio1\jre\bin\server\jvm.dll
0x00007ffb09340000 - 0x00007ffb09349000 	C:\WINDOWS\SYSTEM32\WSOCK32.dll
0x00007ffb131e0000 - 0x00007ffb13251000 	C:\WINDOWS\System32\WS2_32.dll
0x00007ffb095a0000 - 0x00007ffb095d4000 	C:\WINDOWS\SYSTEM32\WINMM.dll
0x00007ffb03370000 - 0x00007ffb0337a000 	C:\WINDOWS\SYSTEM32\VERSION.dll
0x00007ffb10d00000 - 0x00007ffb10d18000 	C:\WINDOWS\SYSTEM32\kernel.appcore.dll
0x00007ffb01e90000 - 0x00007ffb01ea1000 	C:\Program Files\Android\Android Studio1\jre\bin\verify.dll
0x00007ffb0c870000 - 0x00007ffb0ca9e000 	C:\WINDOWS\SYSTEM32\DBGHELP.DLL
0x00007ffb140e0000 - 0x00007ffb1446a000 	C:\WINDOWS\System32\combase.dll
0x00007ffb14480000 - 0x00007ffb14557000 	C:\WINDOWS\System32\OLEAUT32.dll
0x00007ffb02c90000 - 0x00007ffb02cc2000 	C:\WINDOWS\SYSTEM32\dbgcore.DLL
0x00007ffb11d90000 - 0x00007ffb11e0b000 	C:\WINDOWS\System32\bcryptPrimitives.dll
0x00007ffaff8b0000 - 0x00007ffaff8d9000 	C:\Program Files\Android\Android Studio1\jre\bin\java.dll
0x00007ffb0cad0000 - 0x00007ffb0cadb000 	C:\Program Files\Android\Android Studio1\jre\bin\jimage.dll
0x00007ffb01580000 - 0x00007ffb01598000 	C:\Program Files\Android\Android Studio1\jre\bin\zip.dll
0x00007ffb12570000 - 0x00007ffb12d50000 	C:\WINDOWS\System32\SHELL32.dll
0x00007ffb0fbf0000 - 0x00007ffb104b5000 	C:\WINDOWS\SYSTEM32\windows.storage.dll
0x00007ffb0fab0000 - 0x00007ffb0fbee000 	C:\WINDOWS\SYSTEM32\wintypes.dll
0x0000022b40270000 - 0x0000022b40361000 	C:\WINDOWS\System32\SHCORE.dll
0x00007ffb13180000 - 0x00007ffb131de000 	C:\WINDOWS\System32\shlwapi.dll
0x00007ffb11ad0000 - 0x00007ffb11af1000 	C:\WINDOWS\SYSTEM32\profapi.dll
0x00007ffafef30000 - 0x00007ffafef4a000 	C:\Program Files\Android\Android Studio1\jre\bin\net.dll
0x00007ffb0bbe0000 - 0x00007ffb0bd0f000 	C:\WINDOWS\SYSTEM32\WINHTTP.dll
0x00007ffb11160000 - 0x00007ffb111c9000 	C:\WINDOWS\system32\mswsock.dll
0x00007ffafef10000 - 0x00007ffafef24000 	C:\Program Files\Android\Android Studio1\jre\bin\nio.dll
0x00007ffaff840000 - 0x00007ffaff866000 	C:\Users\jarre\.gradle\native\fdc75f09e3144964f2cf3f50f0aa648679c211496f362492102eb8c894070792\windows-amd64\native-platform.dll
0x00007ffadc9e0000 - 0x00007ffadcb71000 	C:\Users\jarre\.gradle\native\12488b8bf47d2d4c9fbf2f6322a914ad602e24e48041cd04a747c6da556b65c4\windows-amd64\native-platform-file-events.dll
0x00007ffb03440000 - 0x00007ffb0344a000 	C:\Program Files\Android\Android Studio1\jre\bin\management.dll
0x00007ffb03070000 - 0x00007ffb0307d000 	C:\Program Files\Android\Android Studio1\jre\bin\management_ext.dll
0x00007ffb113a0000 - 0x00007ffb113bb000 	C:\WINDOWS\SYSTEM32\CRYPTSP.dll
0x00007ffb10c70000 - 0x00007ffb10ca5000 	C:\WINDOWS\system32\rsaenh.dll
0x00007ffb11250000 - 0x00007ffb11278000 	C:\WINDOWS\SYSTEM32\USERENV.dll
0x00007ffb11560000 - 0x00007ffb11588000 	C:\WINDOWS\SYSTEM32\bcrypt.dll
0x00007ffb113c0000 - 0x00007ffb113cc000 	C:\WINDOWS\SYSTEM32\CRYPTBASE.dll
0x00007ffb10780000 - 0x00007ffb107ad000 	C:\WINDOWS\SYSTEM32\IPHLPAPI.DLL
0x00007ffb13cf0000 - 0x00007ffb13cf9000 	C:\WINDOWS\System32\NSI.dll
0x00007ffb09b00000 - 0x00007ffb09b19000 	C:\WINDOWS\SYSTEM32\dhcpcsvc6.DLL
0x00007ffb09ae0000 - 0x00007ffb09aff000 	C:\WINDOWS\SYSTEM32\dhcpcsvc.DLL
0x00007ffb107b0000 - 0x00007ffb108a2000 	C:\WINDOWS\SYSTEM32\DNSAPI.dll
0x00007ffb0f3b0000 - 0x00007ffb0f3bd000 	C:\WINDOWS\SYSTEM32\WINNSI.DLL

dbghelp: loaded successfully - version: 4.0.5 - missing functions: none
symbol engine: initialized successfully - sym options: 0x614 - pdb path: .;C:\Program Files\Android\Android Studio1\jre\bin;C:\WINDOWS\SYSTEM32;C:\WINDOWS\WinSxS\amd64_microsoft.windows.common-controls_6595b64144ccf1df_6.0.22621.608_none_a9444ca7c10bb01d;C:\WINDOWS\system32\tmumh\20019\AddOn\8.55.0.1125;C:\WINDOWS\system32\tmumh\20019\TmMon\2.9.0.1042;C:\Program Files\Android\Android Studio1\jre\bin\server;C:\Users\jarre\.gradle\native\fdc75f09e3144964f2cf3f50f0aa648679c211496f362492102eb8c894070792\windows-amd64;C:\Users\jarre\.gradle\native\12488b8bf47d2d4c9fbf2f6322a914ad602e24e48041cd04a747c6da556b65c4\windows-amd64

VM Arguments:
jvm_args: -Dorg.gradle.appname=gradlew 
java_command: org.gradle.wrapper.GradleWrapperMain -q -Ptarget-platform=android-arm64 -Ptarget=D:\flutterdemo02\lib\main.dart -Pbase-application-name=android.app.Application -Pdart-defines=RkxVVFRFUl9XRUJfQVVUT19ERVRFQ1Q9dHJ1ZQ== -Pdart-obfuscation=false -Ptrack-widget-creation=true -Ptree-shake-icons=false -Pfilesystem-scheme=org-dartlang-root assembleDebug
java_class_path (initial): D:\flutterdemo02\android\\gradle\wrapper\gradle-wrapper.jar
Launcher Type: SUN_STANDARD

[Global flags]
     intx CICompilerCount                          = 4                                         {product} {ergonomic}
     uint ConcGCThreads                            = 2                                         {product} {ergonomic}
     uint G1ConcRefinementThreads                  = 8                                         {product} {ergonomic}
   size_t G1HeapRegionSize                         = 1048576                                   {product} {ergonomic}
    uintx GCDrainStackTargetSize                   = 64                                        {product} {ergonomic}
   size_t InitialHeapSize                          = 266338304                                 {product} {ergonomic}
   size_t MarkStackSize                            = 4194304                                   {product} {ergonomic}
   size_t MaxHeapSize                              = 4229955584                                {product} {ergonomic}
   size_t MaxNewSize                               = 2537553920                                {product} {ergonomic}
   size_t MinHeapDeltaBytes                        = 1048576                                   {product} {ergonomic}
    uintx NonNMethodCodeHeapSize                   = 5836300                                {pd product} {ergonomic}
    uintx NonProfiledCodeHeapSize                  = 122910970                              {pd product} {ergonomic}
    uintx ProfiledCodeHeapSize                     = 122910970                              {pd product} {ergonomic}
    uintx ReservedCodeCacheSize                    = 251658240                              {pd product} {ergonomic}
     bool SegmentedCodeCache                       = true                                      {product} {ergonomic}
     bool UseCompressedClassPointers               = true                                 {lp64_product} {ergonomic}
     bool UseCompressedOops                        = true                                 {lp64_product} {ergonomic}
     bool UseG1GC                                  = true                                      {product} {ergonomic}
     bool UseLargePagesIndividualAllocation        = false                                  {pd product} {ergonomic}

Logging:
Log output configuration:
 #0: stdout all=warning uptime,level,tags
 #1: stderr all=off uptime,level,tags

Environment Variables:
JAVA_HOME=C:\Program Files\Android\Android Studio1\jre
CLASSPATH=D:\flutterdemo02\android\\gradle\wrapper\gradle-wrapper.jar
PATH=C:\Program Files (x86)\Common Files\Oracle\Java\javapath;C:\WINDOWS\system32;C:\WINDOWS;C:\WINDOWS\System32\Wbem;C:\WINDOWS\System32\WindowsPowerShell\v1.0\;C:\WINDOWS\System32\OpenSSH\;C:\Program Files\Dart\dart-sdk\bin;C:\Program Files\Java\jdk1.8.0_202\bin;C:\Program Files\Java\jdk1.8.0_202\jre\bin;D:\flutter_window\flutter\bin;C:\Users\jarre\AppData\Local\Android\Sdk\tools\bin;C:\Program Files\Git\cmd;";C:\Program Files\Apache Software Foundation\Tomcat 10.0\bin;C:\Program Files\nodejs\;C:\ProgramData\chocolatey\bin;C:\Program Files\Go\bin;C:\Program Files\MySQL\MySQL Shell 8.0\bin\;C:\Users\jarre\scoop\shims;C:\Users\jarre\AppData\Local\Programs\Python\Python310\Scripts\;C:\Users\jarre\AppData\Local\Programs\Python\Python310\;C:\Users\jarre\AppData\Local\Microsoft\WindowsApps;C:\Users\jarre\AppData\Local\Programs\Microsoft VS Code\bin;C:\Program Files\JetBrains\PyCharm Community Edition 2022.1.2\bin;C:\Program Files\MongoDB\Server\6.0\bin\;C:\Users\jarre\AppData\Roaming\npm;C:\Users\jarre\go\bin;C:\Users\jarre\AppData\Local\Microsoft\WindowsApps;C:\Users\jarre\AppData\Roaming\Microsoft\Windows\Start Menu\Programs\Visual Studio Code;D:\flutter_window\flutter\bin\mingit\cmd
USERNAME=jarre
OS=Windows_NT
PROCESSOR_IDENTIFIER=Intel64 Family 6 Model 142 Stepping 12, GenuineIntel



---------------  S Y S T E M  ---------------

OS: Windows 10 , 64 bit Build 22621 (10.0.22621.755)
OS uptime: 17 days 9:22 hours

CPU:total 8 (initial active 8) (4 cores per cpu, 2 threads per core) family 6 model 142 stepping 12 microcode 0xde, cmov, cx8, fxsr, mmx, sse, sse2, sse3, ssse3, sse4.1, sse4.2, popcnt, avx, avx2, aes, clmul, erms, 3dnowpref, lzcnt, ht, tsc, tscinvbit, bmi1, bmi2, adx, fma

Memory: 4k page, system-wide physical 16134M (235M free)
TotalPageFile size 57148M (AvailPageFile size 6M)
current process WorkingSet (physical memory assigned to process): 103M, peak: 105M
current process commit charge ("private bytes"): 360M, peak: 362M

vm_info: OpenJDK 64-Bit Server VM (11.0.11+9-b60-7590822) for windows-amd64 JRE (11.0.11+9-b60-7590822), built on Jul 29 2021 21:43:44 by "builder" with MS VC++ 14.0 (VS2015)

END.
