#
# There is insufficient memory for the Java Runtime Environment to continue.
# Native memory allocation (malloc) failed to allocate 33296 bytes for Chunk::new
# Possible reasons:
#   The system is out of physical RAM or swap space
#   The process is running with CompressedOops enabled, and the Java Heap may be blocking the growth of the native heap
# Possible solutions:
#   Reduce memory load on the system
#   Increase physical memory or swap space
#   Check if swap backing store is full
#   Decrease Java heap size (-Xmx/-Xms)
#   Decrease number of Java threads
#   Decrease Java thread stack sizes (-Xss)
#   Set larger code cache with -XX:ReservedCodeCacheSize=
#   JVM is running with Unscaled Compressed Oops mode in which the Java heap is
#     placed in the first 4GB address space. The Java Heap base address is the
#     maximum limit for the native heap growth. Please use -XX:HeapBaseMinAddress
#     to set the Java Heap base and to place the Java Heap above 4GB virtual address.
# This output file may be truncated or incomplete.
#
#  Out of Memory Error (./src/hotspot/share/memory/arena.cpp:197), pid=22820, tid=2988
#
# JRE version: OpenJDK Runtime Environment (11.0.11+9) (build 11.0.11+9-b60-7590822)
# Java VM: OpenJDK 64-Bit Server VM (11.0.11+9-b60-7590822, mixed mode, tiered, compressed oops, g1 gc, windows-amd64)
# No core dump will be written. Minidumps are not enabled by default on client versions of Windows
#

---------------  S U M M A R Y ------------

Command Line: --add-opens=java.base/java.util=ALL-UNNAMED --add-opens=java.base/java.lang=ALL-UNNAMED --add-opens=java.base/java.lang.invoke=ALL-UNNAMED --add-opens=java.prefs/java.util.prefs=ALL-UNNAMED -Xmx1536M -Dfile.encoding=x-windows-950 -Duser.country=TW -Duser.language=zh -Duser.variant org.gradle.launcher.daemon.bootstrap.GradleDaemon 6.7

Host: Intel(R) Core(TM) i5-10210U CPU @ 1.60GHz, 8 cores, 15G,  Windows 10 , 64 bit Build 19041 (10.0.19041.1889)
Time: Sun Sep 18 15:58:22 2022 台北標準時間 elapsed time: 54.087230 seconds (0d 0h 0m 54s)

---------------  T H R E A D  ---------------

Current thread (0x0000021cf3f11000):  JavaThread "C2 CompilerThread0" daemon [_thread_in_native, id=2988, stack(0x000000f568a00000,0x000000f568b00000)]


Current CompileTask:
C2:  54087 11327       4       java.util.HashMap::putMapEntries (154 bytes)

Stack: [0x000000f568a00000,0x000000f568b00000]
Native frames: (J=compiled Java code, j=interpreted, Vv=VM code, C=native code)
V  [jvm.dll+0x5f214a]
V  [jvm.dll+0x726fb5]
V  [jvm.dll+0x7285cd]
V  [jvm.dll+0x728c83]
V  [jvm.dll+0x243278]
V  [jvm.dll+0xbc53c]
V  [jvm.dll+0xbca3c]
V  [jvm.dll+0x4ec440]
V  [jvm.dll+0x3218c2]
V  [jvm.dll+0x320d8a]
V  [jvm.dll+0x1fc1e2]
V  [jvm.dll+0x1fb3d4]
V  [jvm.dll+0x183d6c]
V  [jvm.dll+0x209a57]
V  [jvm.dll+0x2082a1]
V  [jvm.dll+0x6ef58f]
V  [jvm.dll+0x6e80b5]
V  [jvm.dll+0x5f1036]
C  [ucrtbase.dll+0x21bb2]
C  [KERNEL32.DLL+0x17034]
C  [ntdll.dll+0x52651]


---------------  P R O C E S S  ---------------

Threads class SMR info:
_java_thread_list=0x0000021cfaf87830, length=170, elements={
0x0000021cda47a000, 0x0000021cf3e8c800, 0x0000021cf3e99800, 0x0000021cf3f00800,
0x0000021cf3f04000, 0x0000021cf3f06000, 0x0000021cf3f11000, 0x0000021cf3f15800,
0x0000021cf3f27000, 0x0000021cf406d800, 0x0000021cf5d65800, 0x0000021cf4c9c000,
0x0000021cf4c1c000, 0x0000021cf417a000, 0x0000021cf5364800, 0x0000021cf611f800,
0x0000021cf611d800, 0x0000021cf5f3a000, 0x0000021cf5f3a800, 0x0000021cf5f36800,
0x0000021cf5f36000, 0x0000021cf9ada000, 0x0000021cf9ad6000, 0x0000021cf9ad7000,
0x0000021cf9add800, 0x0000021cf9adb000, 0x0000021cf9adb800, 0x0000021cf9adc800,
0x0000021cf9ad7800, 0x0000021cf9ade000, 0x0000021cf9ad8800, 0x0000021cf9adf000,
0x0000021cf9ad9800, 0x0000021cf9ae0800, 0x0000021cf9ae3000, 0x0000021cf9ae0000,
0x0000021cf9ae1800, 0x0000021cf9ae2800, 0x0000021cf9ae4000, 0x0000021cf9ae4800,
0x0000021cf9891800, 0x0000021cf9892800, 0x0000021cf988f000, 0x0000021cf9894000,
0x0000021cf9890800, 0x0000021cf988e800, 0x0000021cf9893000, 0x0000021cf9895000,
0x0000021cf9895800, 0x0000021cf9890000, 0x0000021cf9899000, 0x0000021cf9896800,
0x0000021cf9899800, 0x0000021cf9898000, 0x0000021cf9897000, 0x0000021cf989a800,
0x0000021cf989b800, 0x0000021cf989c000, 0x0000021cf989d000, 0x0000021cf7a8d800,
0x0000021cf7a8e800, 0x0000021cf7a8f000, 0x0000021cf7a90000, 0x0000021cf7a92800,
0x0000021cf7a91000, 0x0000021cf7a8c800, 0x0000021cf7a95000, 0x0000021cf7a94000,
0x0000021cf7a91800, 0x0000021cf7a99000, 0x0000021cf7a95800, 0x0000021cf7a96800,
0x0000021cf7a93800, 0x0000021cf7a97800, 0x0000021cf7a9a000, 0x0000021cf7a98000,
0x0000021cf7a9a800, 0x0000021cf7a9b800, 0x0000021cf50d7000, 0x0000021cf50d3800,
0x0000021cf50d5800, 0x0000021cf50d8000, 0x0000021cf50d4800, 0x0000021cf50d3000,
0x0000021cf50d6000, 0x0000021cf50d2000, 0x0000021cf50db000, 0x0000021cf50dc000,
0x0000021cf50dc800, 0x0000021cf50de800, 0x0000021cf50d8800, 0x0000021cf50dd800,
0x0000021cf50df000, 0x0000021cf50d9800, 0x0000021cf50e0000, 0x0000021cf50da000,
0x0000021cf50e1000, 0x0000021cf92ff000, 0x0000021cf9301800, 0x0000021cf92fd800,
0x0000021cf9301000, 0x0000021cf9300000, 0x0000021cf9302800, 0x0000021cf9303800,
0x0000021cf9304000, 0x0000021cf92fe800, 0x0000021cf930a800, 0x0000021cf9309000,
0x0000021cf930a000, 0x0000021cf9306000, 0x0000021cf9308000, 0x0000021cf9305000,
0x0000021cf930b800, 0x0000021cf930c800, 0x0000021cf9306800, 0x0000021cf9307800,
0x0000021cf4e61800, 0x0000021cf4e65800, 0x0000021cf4e63800, 0x0000021cf4e5f800,
0x0000021cf4e64800, 0x0000021cf4e66000, 0x0000021cf4e62000, 0x0000021cf4e60800,
0x0000021cf4e68800, 0x0000021cf4e67000, 0x0000021cf4e68000, 0x0000021cf4e63000,
0x0000021cf4e6d800, 0x0000021cf4e6e800, 0x0000021cf4e6c800, 0x0000021cf4e69800,
0x0000021cf4e6c000, 0x0000021cf4e6a000, 0x0000021cf4e6b000, 0x0000021cf5045800,
0x0000021cf5041800, 0x0000021cf5042000, 0x0000021cf5043000, 0x0000021cf5044800,
0x0000021cf503f800, 0x0000021cf5046000, 0x0000021cf5040800, 0x0000021cf504a000,
0x0000021cf504b000, 0x0000021cf5049800, 0x0000021cf5048800, 0x0000021cf504c000,
0x0000021cf5048000, 0x0000021cf504c800, 0x0000021cf5047000, 0x0000021cf504d800,
0x0000021cf504e800, 0x0000021cfad11800, 0x0000021cfad17000, 0x0000021cfad18000,
0x0000021cfad15800, 0x0000021cfad1c000, 0x0000021cfad1f000, 0x0000021cfad16000,
0x0000021cfad12000, 0x0000021cfad18800, 0x0000021cfad19800, 0x0000021cfad13800,
0x0000021cfad1a800, 0x0000021cfad14800, 0x0000021cfad1c800, 0x0000021cfad20000,
0x0000021cff7fb000, 0x0000021cfad1b000
}

Java Threads: ( => current thread )
  0x0000021cda47a000 JavaThread "main" [_thread_blocked, id=22664, stack(0x000000f567e00000,0x000000f567f00000)]
  0x0000021cf3e8c800 JavaThread "Reference Handler" daemon [_thread_blocked, id=26320, stack(0x000000f568500000,0x000000f568600000)]
  0x0000021cf3e99800 JavaThread "Finalizer" daemon [_thread_blocked, id=6376, stack(0x000000f568600000,0x000000f568700000)]
  0x0000021cf3f00800 JavaThread "Signal Dispatcher" daemon [_thread_blocked, id=27252, stack(0x000000f568700000,0x000000f568800000)]
  0x0000021cf3f04000 JavaThread "Attach Listener" daemon [_thread_blocked, id=19716, stack(0x000000f568800000,0x000000f568900000)]
  0x0000021cf3f06000 JavaThread "Service Thread" daemon [_thread_blocked, id=11780, stack(0x000000f568900000,0x000000f568a00000)]
=>0x0000021cf3f11000 JavaThread "C2 CompilerThread0" daemon [_thread_in_native, id=2988, stack(0x000000f568a00000,0x000000f568b00000)]
  0x0000021cf3f15800 JavaThread "C1 CompilerThread0" daemon [_thread_blocked, id=19040, stack(0x000000f568b00000,0x000000f568c00000)]
  0x0000021cf3f27000 JavaThread "Sweeper thread" daemon [_thread_blocked, id=18864, stack(0x000000f568c00000,0x000000f568d00000)]
  0x0000021cf406d800 JavaThread "Common-Cleaner" daemon [_thread_blocked, id=18104, stack(0x000000f568d00000,0x000000f568e00000)]
  0x0000021cf5d65800 JavaThread "Daemon health stats" [_thread_blocked, id=17760, stack(0x000000f569600000,0x000000f569700000)]
  0x0000021cf4c9c000 JavaThread "Incoming local TCP Connector on port 57926" [_thread_in_native, id=10712, stack(0x000000f569700000,0x000000f569800000)]
  0x0000021cf4c1c000 JavaThread "Daemon periodic checks" [_thread_blocked, id=5532, stack(0x000000f569800000,0x000000f569900000)]
  0x0000021cf417a000 JavaThread "Daemon" [_thread_blocked, id=8272, stack(0x000000f569900000,0x000000f569a00000)]
  0x0000021cf5364800 JavaThread "Daemon worker" [_thread_in_vm, id=21040, stack(0x000000f569c00000,0x000000f569d00000)]
  0x0000021cf611f800 JavaThread "Cache worker for file hash cache (C:\Users\jarre\.gradle\caches\6.7\fileHashes)" [_thread_blocked, id=23272, stack(0x000000f56a000000,0x000000f56a100000)]
  0x0000021cf611d800 JavaThread "File lock request listener" [_thread_in_native, id=21292, stack(0x000000f56a100000,0x000000f56a200000)]
  0x0000021cf5f3a000 JavaThread "Cache worker for journal cache (C:\Users\jarre\.gradle\caches\journal-1)" [_thread_blocked, id=29544, stack(0x000000f56a200000,0x000000f56a300000)]
  0x0000021cf5f3a800 JavaThread "Cache worker for execution history cache (C:\Users\jarre\.gradle\caches\6.7\executionHistory)" [_thread_blocked, id=17092, stack(0x000000f56ac00000,0x000000f56ad00000)]
  0x0000021cf5f36800 JavaThread "jar transforms" [_thread_blocked, id=11796, stack(0x000000f56ad00000,0x000000f56ae00000)]
  0x0000021cf5f36000 JavaThread "Cache worker for file content cache (C:\Users\jarre\.gradle\caches\6.7\fileContent)" [_thread_blocked, id=15992, stack(0x000000f56ae00000,0x000000f56af00000)]
  0x0000021cf9ada000 JavaThread "jar transforms Thread 2" [_thread_blocked, id=25876, stack(0x000000f56b800000,0x000000f56b900000)]
  0x0000021cf9ad6000 JavaThread "jar transforms Thread 3" [_thread_blocked, id=14528, stack(0x000000f56b900000,0x000000f56ba00000)]
  0x0000021cf9ad7000 JavaThread "jar transforms Thread 4" [_thread_blocked, id=3704, stack(0x000000f56ba00000,0x000000f56bb00000)]
  0x0000021cf9add800 JavaThread "jar transforms Thread 5" [_thread_blocked, id=18760, stack(0x000000f56bb00000,0x000000f56bc00000)]
  0x0000021cf9adb000 JavaThread "jar transforms Thread 6" [_thread_blocked, id=15508, stack(0x000000f56bc00000,0x000000f56bd00000)]
  0x0000021cf9adb800 JavaThread "jar transforms Thread 7" [_thread_blocked, id=21552, stack(0x000000f56bd00000,0x000000f56be00000)]
  0x0000021cf9adc800 JavaThread "jar transforms Thread 8" [_thread_blocked, id=27996, stack(0x000000f56be00000,0x000000f56bf00000)]
  0x0000021cf9ad7800 JavaThread "jar transforms Thread 9" [_thread_blocked, id=7960, stack(0x000000f56bf00000,0x000000f56c000000)]
  0x0000021cf9ade000 JavaThread "jar transforms Thread 10" [_thread_blocked, id=11712, stack(0x000000f56c000000,0x000000f56c100000)]
  0x0000021cf9ad8800 JavaThread "jar transforms Thread 11" [_thread_blocked, id=30324, stack(0x000000f56c100000,0x000000f56c200000)]
  0x0000021cf9adf000 JavaThread "jar transforms Thread 12" [_thread_blocked, id=24784, stack(0x000000f56c200000,0x000000f56c300000)]
  0x0000021cf9ad9800 JavaThread "jar transforms Thread 13" [_thread_blocked, id=11604, stack(0x000000f56c300000,0x000000f56c400000)]
  0x0000021cf9ae0800 JavaThread "jar transforms Thread 14" [_thread_blocked, id=27208, stack(0x000000f56c400000,0x000000f56c500000)]
  0x0000021cf9ae3000 JavaThread "jar transforms Thread 15" [_thread_blocked, id=16440, stack(0x000000f56c500000,0x000000f56c600000)]
  0x0000021cf9ae0000 JavaThread "jar transforms Thread 16" [_thread_blocked, id=19244, stack(0x000000f56c600000,0x000000f56c700000)]
  0x0000021cf9ae1800 JavaThread "jar transforms Thread 17" [_thread_blocked, id=15552, stack(0x000000f56c700000,0x000000f56c800000)]
  0x0000021cf9ae2800 JavaThread "jar transforms Thread 18" [_thread_blocked, id=13528, stack(0x000000f56c800000,0x000000f56c900000)]
  0x0000021cf9ae4000 JavaThread "jar transforms Thread 19" [_thread_blocked, id=7612, stack(0x000000f56c900000,0x000000f56ca00000)]
  0x0000021cf9ae4800 JavaThread "jar transforms Thread 20" [_thread_blocked, id=1520, stack(0x000000f56ca00000,0x000000f56cb00000)]
  0x0000021cf9891800 JavaThread "jar transforms Thread 21" [_thread_blocked, id=30072, stack(0x000000f56cb00000,0x000000f56cc00000)]
  0x0000021cf9892800 JavaThread "jar transforms Thread 22" [_thread_blocked, id=27024, stack(0x000000f56cc00000,0x000000f56cd00000)]
  0x0000021cf988f000 JavaThread "jar transforms Thread 23" [_thread_blocked, id=1936, stack(0x000000f56cd00000,0x000000f56ce00000)]
  0x0000021cf9894000 JavaThread "jar transforms Thread 24" [_thread_blocked, id=11556, stack(0x000000f56ce00000,0x000000f56cf00000)]
  0x0000021cf9890800 JavaThread "jar transforms Thread 25" [_thread_blocked, id=16144, stack(0x000000f56cf00000,0x000000f56d000000)]
  0x0000021cf988e800 JavaThread "jar transforms Thread 26" [_thread_blocked, id=18732, stack(0x000000f56d000000,0x000000f56d100000)]
  0x0000021cf9893000 JavaThread "jar transforms Thread 27" [_thread_blocked, id=19948, stack(0x000000f56d100000,0x000000f56d200000)]
  0x0000021cf9895000 JavaThread "jar transforms Thread 28" [_thread_blocked, id=21180, stack(0x000000f56d200000,0x000000f56d300000)]
  0x0000021cf9895800 JavaThread "jar transforms Thread 29" [_thread_blocked, id=29880, stack(0x000000f56d300000,0x000000f56d400000)]
  0x0000021cf9890000 JavaThread "jar transforms Thread 30" [_thread_blocked, id=16824, stack(0x000000f56d400000,0x000000f56d500000)]
  0x0000021cf9899000 JavaThread "jar transforms Thread 31" [_thread_blocked, id=30640, stack(0x000000f56d500000,0x000000f56d600000)]
  0x0000021cf9896800 JavaThread "jar transforms Thread 32" [_thread_blocked, id=30508, stack(0x000000f56d600000,0x000000f56d700000)]
  0x0000021cf9899800 JavaThread "jar transforms Thread 33" [_thread_blocked, id=10584, stack(0x000000f56d700000,0x000000f56d800000)]
  0x0000021cf9898000 JavaThread "jar transforms Thread 34" [_thread_blocked, id=19880, stack(0x000000f56d800000,0x000000f56d900000)]
  0x0000021cf9897000 JavaThread "jar transforms Thread 35" [_thread_blocked, id=25628, stack(0x000000f56d900000,0x000000f56da00000)]
  0x0000021cf989a800 JavaThread "jar transforms Thread 36" [_thread_blocked, id=17340, stack(0x000000f56da00000,0x000000f56db00000)]
  0x0000021cf989b800 JavaThread "jar transforms Thread 37" [_thread_blocked, id=8764, stack(0x000000f56db00000,0x000000f56dc00000)]
  0x0000021cf989c000 JavaThread "jar transforms Thread 38" [_thread_blocked, id=24536, stack(0x000000f56dc00000,0x000000f56dd00000)]
  0x0000021cf989d000 JavaThread "jar transforms Thread 39" [_thread_blocked, id=10440, stack(0x000000f56dd00000,0x000000f56de00000)]
  0x0000021cf7a8d800 JavaThread "jar transforms Thread 40" [_thread_blocked, id=24856, stack(0x000000f56de00000,0x000000f56df00000)]
  0x0000021cf7a8e800 JavaThread "jar transforms Thread 41" [_thread_blocked, id=22864, stack(0x000000f56df00000,0x000000f56e000000)]
  0x0000021cf7a8f000 JavaThread "jar transforms Thread 42" [_thread_blocked, id=23908, stack(0x000000f56e000000,0x000000f56e100000)]
  0x0000021cf7a90000 JavaThread "jar transforms Thread 43" [_thread_blocked, id=15568, stack(0x000000f56e100000,0x000000f56e200000)]
  0x0000021cf7a92800 JavaThread "jar transforms Thread 44" [_thread_blocked, id=13896, stack(0x000000f56e200000,0x000000f56e300000)]
  0x0000021cf7a91000 JavaThread "jar transforms Thread 45" [_thread_blocked, id=16996, stack(0x000000f56e300000,0x000000f56e400000)]
  0x0000021cf7a8c800 JavaThread "jar transforms Thread 46" [_thread_blocked, id=11028, stack(0x000000f56e400000,0x000000f56e500000)]
  0x0000021cf7a95000 JavaThread "jar transforms Thread 47" [_thread_blocked, id=28036, stack(0x000000f56e500000,0x000000f56e600000)]
  0x0000021cf7a94000 JavaThread "jar transforms Thread 48" [_thread_blocked, id=13696, stack(0x000000f56e600000,0x000000f56e700000)]
  0x0000021cf7a91800 JavaThread "jar transforms Thread 49" [_thread_blocked, id=16916, stack(0x000000f56e700000,0x000000f56e800000)]
  0x0000021cf7a99000 JavaThread "jar transforms Thread 50" [_thread_blocked, id=14160, stack(0x000000f56e800000,0x000000f56e900000)]
  0x0000021cf7a95800 JavaThread "jar transforms Thread 51" [_thread_blocked, id=28868, stack(0x000000f56e900000,0x000000f56ea00000)]
  0x0000021cf7a96800 JavaThread "jar transforms Thread 52" [_thread_blocked, id=4604, stack(0x000000f56ea00000,0x000000f56eb00000)]
  0x0000021cf7a93800 JavaThread "jar transforms Thread 53" [_thread_blocked, id=25004, stack(0x000000f56eb00000,0x000000f56ec00000)]
  0x0000021cf7a97800 JavaThread "jar transforms Thread 54" [_thread_blocked, id=21232, stack(0x000000f56ec00000,0x000000f56ed00000)]
  0x0000021cf7a9a000 JavaThread "jar transforms Thread 55" [_thread_blocked, id=15968, stack(0x000000f56ed00000,0x000000f56ee00000)]
  0x0000021cf7a98000 JavaThread "jar transforms Thread 56" [_thread_blocked, id=25888, stack(0x000000f56ee00000,0x000000f56ef00000)]
  0x0000021cf7a9a800 JavaThread "jar transforms Thread 57" [_thread_blocked, id=14348, stack(0x000000f56ef00000,0x000000f56f000000)]
  0x0000021cf7a9b800 JavaThread "jar transforms Thread 58" [_thread_blocked, id=22604, stack(0x000000f56f000000,0x000000f56f100000)]
  0x0000021cf50d7000 JavaThread "jar transforms Thread 59" [_thread_blocked, id=16972, stack(0x000000f56f100000,0x000000f56f200000)]
  0x0000021cf50d3800 JavaThread "jar transforms Thread 60" [_thread_blocked, id=20644, stack(0x000000f56f200000,0x000000f56f300000)]
  0x0000021cf50d5800 JavaThread "jar transforms Thread 61" [_thread_blocked, id=2620, stack(0x000000f56f300000,0x000000f56f400000)]
  0x0000021cf50d8000 JavaThread "jar transforms Thread 62" [_thread_blocked, id=14332, stack(0x000000f56f400000,0x000000f56f500000)]
  0x0000021cf50d4800 JavaThread "jar transforms Thread 63" [_thread_blocked, id=1660, stack(0x000000f56f500000,0x000000f56f600000)]
  0x0000021cf50d3000 JavaThread "jar transforms Thread 64" [_thread_blocked, id=28096, stack(0x000000f56f600000,0x000000f56f700000)]
  0x0000021cf50d6000 JavaThread "jar transforms Thread 65" [_thread_blocked, id=4892, stack(0x000000f56f700000,0x000000f56f800000)]
  0x0000021cf50d2000 JavaThread "jar transforms Thread 66" [_thread_blocked, id=27500, stack(0x000000f56f800000,0x000000f56f900000)]
  0x0000021cf50db000 JavaThread "jar transforms Thread 67" [_thread_blocked, id=16672, stack(0x000000f56f900000,0x000000f56fa00000)]
  0x0000021cf50dc000 JavaThread "jar transforms Thread 68" [_thread_blocked, id=18596, stack(0x000000f56fa00000,0x000000f56fb00000)]
  0x0000021cf50dc800 JavaThread "jar transforms Thread 69" [_thread_blocked, id=14604, stack(0x000000f56fb00000,0x000000f56fc00000)]
  0x0000021cf50de800 JavaThread "jar transforms Thread 70" [_thread_blocked, id=24492, stack(0x000000f56fc00000,0x000000f56fd00000)]
  0x0000021cf50d8800 JavaThread "jar transforms Thread 71" [_thread_blocked, id=20188, stack(0x000000f56fd00000,0x000000f56fe00000)]
  0x0000021cf50dd800 JavaThread "jar transforms Thread 72" [_thread_blocked, id=28488, stack(0x000000f56fe00000,0x000000f56ff00000)]
  0x0000021cf50df000 JavaThread "jar transforms Thread 73" [_thread_blocked, id=30148, stack(0x000000f56ff00000,0x000000f570000000)]
  0x0000021cf50d9800 JavaThread "jar transforms Thread 74" [_thread_blocked, id=20084, stack(0x000000f570000000,0x000000f570100000)]
  0x0000021cf50e0000 JavaThread "jar transforms Thread 75" [_thread_blocked, id=29568, stack(0x000000f570100000,0x000000f570200000)]
  0x0000021cf50da000 JavaThread "jar transforms Thread 76" [_thread_blocked, id=27228, stack(0x000000f570200000,0x000000f570300000)]
  0x0000021cf50e1000 JavaThread "jar transforms Thread 77" [_thread_blocked, id=27020, stack(0x000000f570300000,0x000000f570400000)]
  0x0000021cf92ff000 JavaThread "jar transforms Thread 78" [_thread_blocked, id=25900, stack(0x000000f570400000,0x000000f570500000)]
  0x0000021cf9301800 JavaThread "jar transforms Thread 79" [_thread_blocked, id=21128, stack(0x000000f570500000,0x000000f570600000)]
  0x0000021cf92fd800 JavaThread "jar transforms Thread 80" [_thread_blocked, id=21632, stack(0x000000f570600000,0x000000f570700000)]
  0x0000021cf9301000 JavaThread "jar transforms Thread 81" [_thread_blocked, id=2604, stack(0x000000f570700000,0x000000f570800000)]
  0x0000021cf9300000 JavaThread "jar transforms Thread 82" [_thread_blocked, id=29472, stack(0x000000f570800000,0x000000f570900000)]
  0x0000021cf9302800 JavaThread "jar transforms Thread 83" [_thread_blocked, id=17400, stack(0x000000f570900000,0x000000f570a00000)]
  0x0000021cf9303800 JavaThread "jar transforms Thread 84" [_thread_blocked, id=22896, stack(0x000000f570a00000,0x000000f570b00000)]
  0x0000021cf9304000 JavaThread "jar transforms Thread 85" [_thread_blocked, id=7692, stack(0x000000f570b00000,0x000000f570c00000)]
  0x0000021cf92fe800 JavaThread "jar transforms Thread 86" [_thread_blocked, id=23200, stack(0x000000f570c00000,0x000000f570d00000)]
  0x0000021cf930a800 JavaThread "jar transforms Thread 87" [_thread_blocked, id=19096, stack(0x000000f570d00000,0x000000f570e00000)]
  0x0000021cf9309000 JavaThread "jar transforms Thread 88" [_thread_blocked, id=26028, stack(0x000000f570e00000,0x000000f570f00000)]
  0x0000021cf930a000 JavaThread "jar transforms Thread 89" [_thread_blocked, id=24352, stack(0x000000f570f00000,0x000000f571000000)]
  0x0000021cf9306000 JavaThread "jar transforms Thread 90" [_thread_blocked, id=2976, stack(0x000000f571000000,0x000000f571100000)]
  0x0000021cf9308000 JavaThread "jar transforms Thread 91" [_thread_blocked, id=5972, stack(0x000000f571100000,0x000000f571200000)]
  0x0000021cf9305000 JavaThread "jar transforms Thread 92" [_thread_blocked, id=11288, stack(0x000000f571200000,0x000000f571300000)]
  0x0000021cf930b800 JavaThread "jar transforms Thread 93" [_thread_blocked, id=23784, stack(0x000000f571300000,0x000000f571400000)]
  0x0000021cf930c800 JavaThread "jar transforms Thread 94" [_thread_blocked, id=19856, stack(0x000000f571400000,0x000000f571500000)]
  0x0000021cf9306800 JavaThread "jar transforms Thread 95" [_thread_blocked, id=30652, stack(0x000000f571500000,0x000000f571600000)]
  0x0000021cf9307800 JavaThread "jar transforms Thread 96" [_thread_blocked, id=9516, stack(0x000000f571600000,0x000000f571700000)]
  0x0000021cf4e61800 JavaThread "jar transforms Thread 97" [_thread_blocked, id=3180, stack(0x000000f571700000,0x000000f571800000)]
  0x0000021cf4e65800 JavaThread "jar transforms Thread 98" [_thread_blocked, id=21620, stack(0x000000f571800000,0x000000f571900000)]
  0x0000021cf4e63800 JavaThread "jar transforms Thread 99" [_thread_blocked, id=26460, stack(0x000000f571900000,0x000000f571a00000)]
  0x0000021cf4e5f800 JavaThread "jar transforms Thread 100" [_thread_blocked, id=19720, stack(0x000000f571a00000,0x000000f571b00000)]
  0x0000021cf4e64800 JavaThread "jar transforms Thread 101" [_thread_blocked, id=17152, stack(0x000000f571b00000,0x000000f571c00000)]
  0x0000021cf4e66000 JavaThread "jar transforms Thread 102" [_thread_blocked, id=26612, stack(0x000000f571c00000,0x000000f571d00000)]
  0x0000021cf4e62000 JavaThread "jar transforms Thread 103" [_thread_blocked, id=23772, stack(0x000000f571d00000,0x000000f571e00000)]
  0x0000021cf4e60800 JavaThread "jar transforms Thread 104" [_thread_blocked, id=13836, stack(0x000000f571e00000,0x000000f571f00000)]
  0x0000021cf4e68800 JavaThread "jar transforms Thread 105" [_thread_blocked, id=9384, stack(0x000000f571f00000,0x000000f572000000)]
  0x0000021cf4e67000 JavaThread "jar transforms Thread 106" [_thread_blocked, id=9356, stack(0x000000f572000000,0x000000f572100000)]
  0x0000021cf4e68000 JavaThread "jar transforms Thread 107" [_thread_blocked, id=26420, stack(0x000000f572100000,0x000000f572200000)]
  0x0000021cf4e63000 JavaThread "jar transforms Thread 108" [_thread_blocked, id=26520, stack(0x000000f572200000,0x000000f572300000)]
  0x0000021cf4e6d800 JavaThread "jar transforms Thread 109" [_thread_blocked, id=8344, stack(0x000000f572300000,0x000000f572400000)]
  0x0000021cf4e6e800 JavaThread "jar transforms Thread 110" [_thread_blocked, id=6508, stack(0x000000f572400000,0x000000f572500000)]
  0x0000021cf4e6c800 JavaThread "jar transforms Thread 111" [_thread_blocked, id=14400, stack(0x000000f572500000,0x000000f572600000)]
  0x0000021cf4e69800 JavaThread "jar transforms Thread 112" [_thread_blocked, id=25788, stack(0x000000f572600000,0x000000f572700000)]
  0x0000021cf4e6c000 JavaThread "jar transforms Thread 113" [_thread_blocked, id=16380, stack(0x000000f572700000,0x000000f572800000)]
  0x0000021cf4e6a000 JavaThread "jar transforms Thread 114" [_thread_blocked, id=18492, stack(0x000000f572800000,0x000000f572900000)]
  0x0000021cf4e6b000 JavaThread "jar transforms Thread 115" [_thread_blocked, id=19616, stack(0x000000f572900000,0x000000f572a00000)]
  0x0000021cf5045800 JavaThread "jar transforms Thread 116" [_thread_blocked, id=24080, stack(0x000000f572a00000,0x000000f572b00000)]
  0x0000021cf5041800 JavaThread "jar transforms Thread 117" [_thread_blocked, id=21708, stack(0x000000f572b00000,0x000000f572c00000)]
  0x0000021cf5042000 JavaThread "jar transforms Thread 118" [_thread_blocked, id=13652, stack(0x000000f572c00000,0x000000f572d00000)]
  0x0000021cf5043000 JavaThread "Memory manager" [_thread_blocked, id=13140, stack(0x000000f56ab00000,0x000000f56ac00000)]
  0x0000021cf5044800 JavaThread "jar transforms Thread 119" [_thread_blocked, id=1688, stack(0x000000f572f00000,0x000000f573000000)]
  0x0000021cf503f800 JavaThread "jar transforms Thread 120" [_thread_blocked, id=26868, stack(0x000000f573000000,0x000000f573100000)]
  0x0000021cf5046000 JavaThread "jar transforms Thread 121" [_thread_blocked, id=11976, stack(0x000000f573100000,0x000000f573200000)]
  0x0000021cf5040800 JavaThread "jar transforms Thread 122" [_thread_blocked, id=23208, stack(0x000000f573200000,0x000000f573300000)]
  0x0000021cf504a000 JavaThread "jar transforms Thread 123" [_thread_blocked, id=26892, stack(0x000000f573300000,0x000000f573400000)]
  0x0000021cf504b000 JavaThread "jar transforms Thread 124" [_thread_blocked, id=26576, stack(0x000000f573400000,0x000000f573500000)]
  0x0000021cf5049800 JavaThread "jar transforms Thread 125" [_thread_blocked, id=5420, stack(0x000000f573500000,0x000000f573600000)]
  0x0000021cf5048800 JavaThread "jar transforms Thread 126" [_thread_blocked, id=29488, stack(0x000000f573600000,0x000000f573700000)]
  0x0000021cf504c000 JavaThread "jar transforms Thread 127" [_thread_blocked, id=29580, stack(0x000000f573700000,0x000000f573800000)]
  0x0000021cf5048000 JavaThread "jar transforms Thread 128" [_thread_blocked, id=26348, stack(0x000000f573800000,0x000000f573900000)]
  0x0000021cf504c800 JavaThread "jar transforms Thread 129" [_thread_blocked, id=12540, stack(0x000000f573900000,0x000000f573a00000)]
  0x0000021cf5047000 JavaThread "jar transforms Thread 130" [_thread_blocked, id=10888, stack(0x000000f573a00000,0x000000f573b00000)]
  0x0000021cf504d800 JavaThread "jar transforms Thread 131" [_thread_blocked, id=6988, stack(0x000000f573b00000,0x000000f573c00000)]
  0x0000021cf504e800 JavaThread "jar transforms Thread 132" [_thread_blocked, id=18564, stack(0x000000f573c00000,0x000000f573d00000)]
  0x0000021cfad11800 JavaThread "jar transforms Thread 133" [_thread_blocked, id=15952, stack(0x000000f573d00000,0x000000f573e00000)]
  0x0000021cfad17000 JavaThread "jar transforms Thread 134" [_thread_blocked, id=30468, stack(0x000000f573e00000,0x000000f573f00000)]
  0x0000021cfad18000 JavaThread "jar transforms Thread 135" [_thread_blocked, id=18624, stack(0x000000f573f00000,0x000000f574000000)]
  0x0000021cfad15800 JavaThread "Exec process" [_thread_blocked, id=29804, stack(0x000000f574b00000,0x000000f574c00000)]
  0x0000021cfad1c000 JavaThread "Exec process Thread 2" [_thread_blocked, id=6496, stack(0x000000f574c00000,0x000000f574d00000)]
  0x0000021cfad1f000 JavaThread "Exec process Thread 3" [_thread_blocked, id=6544, stack(0x000000f574d00000,0x000000f574e00000)]
  0x0000021cfad16000 JavaThread "Handler for socket connection from /127.0.0.1:57926 to /127.0.0.1:57984" [_thread_in_native, id=13664, stack(0x000000f567a00000,0x000000f567b00000)]
  0x0000021cfad12000 JavaThread "Cancel handler" [_thread_blocked, id=18120, stack(0x000000f567b00000,0x000000f567c00000)]
  0x0000021cfad18800 JavaThread "Asynchronous log dispatcher for DefaultDaemonConnection: socket connection from /127.0.0.1:57926 to /127.0.0.1:57984" [_thread_blocked, id=1488, stack(0x000000f567c00000,0x000000f567d00000)]
  0x0000021cfad19800 JavaThread "Stdin handler" [_thread_blocked, id=25844, stack(0x000000f569a00000,0x000000f569b00000)]
  0x0000021cfad13800 JavaThread "Thread-178" [_thread_blocked, id=11120, stack(0x000000f569b00000,0x000000f569c00000)]
  0x0000021cfad1a800 JavaThread "Cache worker for file hash cache (D:\flutterdemo02\android\.gradle\6.7\fileHashes)" [_thread_blocked, id=14072, stack(0x000000f569d00000,0x000000f569e00000)]
  0x0000021cfad14800 JavaThread "Cache worker for checksums cache (D:\flutterdemo02\android\.gradle\checksums)" [_thread_blocked, id=24092, stack(0x000000f569e00000,0x000000f569f00000)]
  0x0000021cfad1c800 JavaThread "Cache worker for cache directory md-supplier (C:\Users\jarre\.gradle\caches\6.7\md-supplier)" [_thread_blocked, id=25448, stack(0x000000f569f00000,0x000000f56a000000)]
  0x0000021cfad20000 JavaThread "Cache worker for cache directory md-rule (C:\Users\jarre\.gradle\caches\6.7\md-rule)" [_thread_blocked, id=16596, stack(0x000000f56a600000,0x000000f56a700000)]
  0x0000021cff7fb000 JavaThread "C2 CompilerThread1" daemon [_thread_in_native, id=13876, stack(0x000000f56a700000,0x000000f56a800000)]
  0x0000021cfad1b000 JavaThread "Cache worker for Build Output Cleanup Cache (D:\flutterdemo02\android\.gradle\buildOutputCleanup)" [_thread_blocked, id=30664, stack(0x000000f56a800000,0x000000f56a900000)]

Other Threads:
  0x0000021cf3078000 VMThread "VM Thread" [stack: 0x000000f568400000,0x000000f568500000] [id=9208]
  0x0000021cf4099800 WatcherThread [stack: 0x000000f568e00000,0x000000f568f00000] [id=7052]
  0x0000021cda493800 GCTaskThread "GC Thread#0" [stack: 0x000000f567f00000,0x000000f568000000] [id=24740]
  0x0000021cf4bcf000 GCTaskThread "GC Thread#1" [stack: 0x000000f569100000,0x000000f569200000] [id=24172]
  0x0000021cf4b9e000 GCTaskThread "GC Thread#2" [stack: 0x000000f569200000,0x000000f569300000] [id=18424]
  0x0000021cf4b9e800 GCTaskThread "GC Thread#3" [stack: 0x000000f569300000,0x000000f569400000] [id=20636]
  0x0000021cf4c4c000 GCTaskThread "GC Thread#4" [stack: 0x000000f569400000,0x000000f569500000] [id=11748]
  0x0000021cf4c4c800 GCTaskThread "GC Thread#5" [stack: 0x000000f569500000,0x000000f569600000] [id=5316]
  0x0000021cf53ce000 GCTaskThread "GC Thread#6" [stack: 0x000000f56a300000,0x000000f56a400000] [id=15732]
  0x0000021cf539e000 GCTaskThread "GC Thread#7" [stack: 0x000000f56a400000,0x000000f56a500000] [id=24564]
  0x0000021cda4ba000 ConcurrentGCThread "G1 Main Marker" [stack: 0x000000f568000000,0x000000f568100000] [id=21644]
  0x0000021cda4bb800 ConcurrentGCThread "G1 Conc#0" [stack: 0x000000f568100000,0x000000f568200000] [id=10740]
  0x0000021cf4f86800 ConcurrentGCThread "G1 Conc#1" [stack: 0x000000f56a500000,0x000000f56a600000] [id=25328]
  0x0000021cf2f7b800 ConcurrentGCThread "G1 Refine#0" [stack: 0x000000f568200000,0x000000f568300000] [id=15556]
  0x0000021cfacae800 ConcurrentGCThread "G1 Refine#1" [stack: 0x000000f574000000,0x000000f574100000] [id=17048]
  0x0000021cfaf8c800 ConcurrentGCThread "G1 Refine#2" [stack: 0x000000f574100000,0x000000f574200000] [id=28224]
  0x0000021cfac2c000 ConcurrentGCThread "G1 Refine#3" [stack: 0x000000f574200000,0x000000f574300000] [id=22908]
  0x0000021cf2f7c800 ConcurrentGCThread "G1 Young RemSet Sampling" [stack: 0x000000f568300000,0x000000f568400000] [id=12348]

Threads with active compile tasks:
C2 CompilerThread0  54108 11327       4       java.util.HashMap::putMapEntries (154 bytes)
C2 CompilerThread1  54108 11349       4       sun.security.provider.DigestBase::engineUpdate (189 bytes)

VM state:not at safepoint (normal execution)

VM Mutex/Monitor currently owned by a thread: None

Heap address: 0x00000000a0000000, size: 1536 MB, Compressed Oops mode: 32-bit
Narrow klass base: 0x0000000000000000, Narrow klass shift: 3
Compressed class space size: 1073741824 Address: 0x0000000100000000

Heap:
 garbage-first heap   total 260096K, used 147398K [0x00000000a0000000, 0x0000000100000000)
  region size 1024K, 20 young (20480K), 6 survivors (6144K)
 Metaspace       used 87399K, capacity 91355K, committed 91564K, reserved 1128448K
  class space    used 11300K, capacity 12511K, committed 12544K, reserved 1048576K
Heap Regions: E=young(eden), S=young(survivor), O=old, HS=humongous(starts), HC=humongous(continues), CS=collection set, F=free, A=archive, TAMS=top-at-mark-start (previous, next)
|   0|0x00000000a0000000, 0x00000000a0100000, 0x00000000a0100000|100%| O|  |TAMS 0x00000000a0100000, 0x00000000a0000000| Untracked 
|   1|0x00000000a0100000, 0x00000000a0200000, 0x00000000a0200000|100%| O|  |TAMS 0x00000000a0200000, 0x00000000a0100000| Untracked 
|   2|0x00000000a0200000, 0x00000000a0300000, 0x00000000a0300000|100%| O|  |TAMS 0x00000000a0300000, 0x00000000a0200000| Untracked 
|   3|0x00000000a0300000, 0x00000000a0400000, 0x00000000a0400000|100%|HS|  |TAMS 0x00000000a0400000, 0x00000000a0300000| Complete 
|   4|0x00000000a0400000, 0x00000000a0500000, 0x00000000a0500000|100%|HC|  |TAMS 0x00000000a0500000, 0x00000000a0400000| Complete 
|   5|0x00000000a0500000, 0x00000000a0600000, 0x00000000a0600000|100%|HC|  |TAMS 0x00000000a0600000, 0x00000000a0500000| Complete 
|   6|0x00000000a0600000, 0x00000000a0700000, 0x00000000a0700000|100%| O|  |TAMS 0x00000000a0700000, 0x00000000a0600000| Untracked 
|   7|0x00000000a0700000, 0x00000000a0800000, 0x00000000a0800000|100%| O|  |TAMS 0x00000000a0800000, 0x00000000a0700000| Untracked 
|   8|0x00000000a0800000, 0x00000000a0900000, 0x00000000a0900000|100%| O|  |TAMS 0x00000000a0900000, 0x00000000a0800000| Untracked 
|   9|0x00000000a0900000, 0x00000000a0a00000, 0x00000000a0a00000|100%| O|  |TAMS 0x00000000a0a00000, 0x00000000a0900000| Untracked 
|  10|0x00000000a0a00000, 0x00000000a0b00000, 0x00000000a0b00000|100%| O|  |TAMS 0x00000000a0b00000, 0x00000000a0a00000| Untracked 
|  11|0x00000000a0b00000, 0x00000000a0c00000, 0x00000000a0c00000|100%| O|  |TAMS 0x00000000a0c00000, 0x00000000a0b00000| Untracked 
|  12|0x00000000a0c00000, 0x00000000a0d00000, 0x00000000a0d00000|100%| O|  |TAMS 0x00000000a0d00000, 0x00000000a0c00000| Untracked 
|  13|0x00000000a0d00000, 0x00000000a0e00000, 0x00000000a0e00000|100%| O|  |TAMS 0x00000000a0e00000, 0x00000000a0d00000| Untracked 
|  14|0x00000000a0e00000, 0x00000000a0f00000, 0x00000000a0f00000|100%| O|  |TAMS 0x00000000a0f00000, 0x00000000a0e00000| Untracked 
|  15|0x00000000a0f00000, 0x00000000a1000000, 0x00000000a1000000|100%| O|  |TAMS 0x00000000a1000000, 0x00000000a0f00000| Untracked 
|  16|0x00000000a1000000, 0x00000000a1100000, 0x00000000a1100000|100%|HS|  |TAMS 0x00000000a1100000, 0x00000000a1000000| Complete 
|  17|0x00000000a1100000, 0x00000000a1200000, 0x00000000a1200000|100%|HS|  |TAMS 0x00000000a1200000, 0x00000000a1100000| Complete 
|  18|0x00000000a1200000, 0x00000000a1300000, 0x00000000a1300000|100%|HS|  |TAMS 0x00000000a1300000, 0x00000000a1200000| Complete 
|  19|0x00000000a1300000, 0x00000000a1400000, 0x00000000a1400000|100%|HC|  |TAMS 0x00000000a1400000, 0x00000000a1300000| Complete 
|  20|0x00000000a1400000, 0x00000000a1500000, 0x00000000a1500000|100%|HC|  |TAMS 0x00000000a1500000, 0x00000000a1400000| Complete 
|  21|0x00000000a1500000, 0x00000000a1600000, 0x00000000a1600000|100%|HS|  |TAMS 0x00000000a1600000, 0x00000000a1500000| Complete 
|  22|0x00000000a1600000, 0x00000000a1700000, 0x00000000a1700000|100%|HC|  |TAMS 0x00000000a1700000, 0x00000000a1600000| Complete 
|  23|0x00000000a1700000, 0x00000000a1800000, 0x00000000a1800000|100%| O|  |TAMS 0x00000000a1800000, 0x00000000a1700000| Untracked 
|  24|0x00000000a1800000, 0x00000000a1900000, 0x00000000a1900000|100%| O|  |TAMS 0x00000000a1900000, 0x00000000a1800000| Untracked 
|  25|0x00000000a1900000, 0x00000000a1a00000, 0x00000000a1a00000|100%| O|  |TAMS 0x00000000a1a00000, 0x00000000a1900000| Untracked 
|  26|0x00000000a1a00000, 0x00000000a1b00000, 0x00000000a1b00000|100%| O|  |TAMS 0x00000000a1b00000, 0x00000000a1a00000| Untracked 
|  27|0x00000000a1b00000, 0x00000000a1c00000, 0x00000000a1c00000|100%| O|  |TAMS 0x00000000a1c00000, 0x00000000a1b00000| Untracked 
|  28|0x00000000a1c00000, 0x00000000a1d00000, 0x00000000a1d00000|100%| O|  |TAMS 0x00000000a1d00000, 0x00000000a1c00000| Untracked 
|  29|0x00000000a1d00000, 0x00000000a1e00000, 0x00000000a1e00000|100%| O|  |TAMS 0x00000000a1e00000, 0x00000000a1d00000| Untracked 
|  30|0x00000000a1e00000, 0x00000000a1f00000, 0x00000000a1f00000|100%| O|  |TAMS 0x00000000a1f00000, 0x00000000a1e00000| Untracked 
|  31|0x00000000a1f00000, 0x00000000a2000000, 0x00000000a2000000|100%| O|  |TAMS 0x00000000a2000000, 0x00000000a1f00000| Untracked 
|  32|0x00000000a2000000, 0x00000000a2100000, 0x00000000a2100000|100%| O|  |TAMS 0x00000000a2100000, 0x00000000a2000000| Untracked 
|  33|0x00000000a2100000, 0x00000000a2200000, 0x00000000a2200000|100%| O|  |TAMS 0x00000000a2200000, 0x00000000a2100000| Untracked 
|  34|0x00000000a2200000, 0x00000000a2300000, 0x00000000a2300000|100%| O|  |TAMS 0x00000000a2300000, 0x00000000a2200000| Untracked 
|  35|0x00000000a2300000, 0x00000000a2400000, 0x00000000a2400000|100%| O|  |TAMS 0x00000000a2400000, 0x00000000a2300000| Untracked 
|  36|0x00000000a2400000, 0x00000000a2500000, 0x00000000a2500000|100%| O|  |TAMS 0x00000000a2500000, 0x00000000a2400000| Untracked 
|  37|0x00000000a2500000, 0x00000000a2600000, 0x00000000a2600000|100%| O|  |TAMS 0x00000000a2600000, 0x00000000a2500000| Untracked 
|  38|0x00000000a2600000, 0x00000000a2700000, 0x00000000a2700000|100%| O|  |TAMS 0x00000000a2700000, 0x00000000a2600000| Untracked 
|  39|0x00000000a2700000, 0x00000000a2800000, 0x00000000a2800000|100%| O|  |TAMS 0x00000000a2800000, 0x00000000a2700000| Untracked 
|  40|0x00000000a2800000, 0x00000000a2900000, 0x00000000a2900000|100%| O|  |TAMS 0x00000000a2900000, 0x00000000a2800000| Untracked 
|  41|0x00000000a2900000, 0x00000000a2a00000, 0x00000000a2a00000|100%| O|  |TAMS 0x00000000a2a00000, 0x00000000a2900000| Untracked 
|  42|0x00000000a2a00000, 0x00000000a2b00000, 0x00000000a2b00000|100%| O|  |TAMS 0x00000000a2b00000, 0x00000000a2a00000| Untracked 
|  43|0x00000000a2b00000, 0x00000000a2c00000, 0x00000000a2c00000|100%| O|  |TAMS 0x00000000a2c00000, 0x00000000a2b00000| Untracked 
|  44|0x00000000a2c00000, 0x00000000a2d00000, 0x00000000a2d00000|100%| O|  |TAMS 0x00000000a2d00000, 0x00000000a2c00000| Untracked 
|  45|0x00000000a2d00000, 0x00000000a2e00000, 0x00000000a2e00000|100%| O|  |TAMS 0x00000000a2e00000, 0x00000000a2d00000| Untracked 
|  46|0x00000000a2e00000, 0x00000000a2f00000, 0x00000000a2f00000|100%| O|  |TAMS 0x00000000a2f00000, 0x00000000a2e00000| Untracked 
|  47|0x00000000a2f00000, 0x00000000a3000000, 0x00000000a3000000|100%| O|  |TAMS 0x00000000a3000000, 0x00000000a2f00000| Untracked 
|  48|0x00000000a3000000, 0x00000000a3100000, 0x00000000a3100000|100%| O|  |TAMS 0x00000000a3100000, 0x00000000a3000000| Untracked 
|  49|0x00000000a3100000, 0x00000000a3200000, 0x00000000a3200000|100%| O|  |TAMS 0x00000000a3200000, 0x00000000a3100000| Untracked 
|  50|0x00000000a3200000, 0x00000000a3300000, 0x00000000a3300000|100%| O|  |TAMS 0x00000000a3300000, 0x00000000a3200000| Untracked 
|  51|0x00000000a3300000, 0x00000000a3400000, 0x00000000a3400000|100%| O|  |TAMS 0x00000000a3400000, 0x00000000a3300000| Untracked 
|  52|0x00000000a3400000, 0x00000000a3500000, 0x00000000a3500000|100%| O|  |TAMS 0x00000000a3500000, 0x00000000a3400000| Untracked 
|  53|0x00000000a3500000, 0x00000000a3600000, 0x00000000a3600000|100%| O|  |TAMS 0x00000000a3600000, 0x00000000a3500000| Untracked 
|  54|0x00000000a3600000, 0x00000000a3700000, 0x00000000a3700000|100%| O|  |TAMS 0x00000000a3700000, 0x00000000a3600000| Untracked 
|  55|0x00000000a3700000, 0x00000000a3800000, 0x00000000a3800000|100%| O|  |TAMS 0x00000000a3800000, 0x00000000a3700000| Untracked 
|  56|0x00000000a3800000, 0x00000000a3900000, 0x00000000a3900000|100%| O|  |TAMS 0x00000000a3900000, 0x00000000a3800000| Untracked 
|  57|0x00000000a3900000, 0x00000000a3a00000, 0x00000000a3a00000|100%| O|  |TAMS 0x00000000a3a00000, 0x00000000a3900000| Untracked 
|  58|0x00000000a3a00000, 0x00000000a3b00000, 0x00000000a3b00000|100%| O|  |TAMS 0x00000000a3b00000, 0x00000000a3a00000| Untracked 
|  59|0x00000000a3b00000, 0x00000000a3c00000, 0x00000000a3c00000|100%| O|  |TAMS 0x00000000a3c00000, 0x00000000a3b00000| Untracked 
|  60|0x00000000a3c00000, 0x00000000a3d00000, 0x00000000a3d00000|100%| O|  |TAMS 0x00000000a3d00000, 0x00000000a3c00000| Untracked 
|  61|0x00000000a3d00000, 0x00000000a3e00000, 0x00000000a3e00000|100%| O|  |TAMS 0x00000000a3e00000, 0x00000000a3d00000| Untracked 
|  62|0x00000000a3e00000, 0x00000000a3f00000, 0x00000000a3f00000|100%|HS|  |TAMS 0x00000000a3f00000, 0x00000000a3e00000| Complete 
|  63|0x00000000a3f00000, 0x00000000a4000000, 0x00000000a4000000|100%|HS|  |TAMS 0x00000000a4000000, 0x00000000a3f00000| Complete 
|  64|0x00000000a4000000, 0x00000000a4100000, 0x00000000a4100000|100%|HS|  |TAMS 0x00000000a4100000, 0x00000000a4000000| Complete 
|  65|0x00000000a4100000, 0x00000000a4200000, 0x00000000a4200000|100%|HC|  |TAMS 0x00000000a4200000, 0x00000000a4100000| Complete 
|  66|0x00000000a4200000, 0x00000000a4300000, 0x00000000a4300000|100%|HS|  |TAMS 0x00000000a4300000, 0x00000000a4200000| Complete 
|  67|0x00000000a4300000, 0x00000000a4400000, 0x00000000a4400000|100%|HC|  |TAMS 0x00000000a4400000, 0x00000000a4300000| Complete 
|  68|0x00000000a4400000, 0x00000000a4500000, 0x00000000a4500000|100%|HC|  |TAMS 0x00000000a4500000, 0x00000000a4400000| Complete 
|  69|0x00000000a4500000, 0x00000000a4600000, 0x00000000a4600000|100%| O|  |TAMS 0x00000000a4600000, 0x00000000a4500000| Untracked 
|  70|0x00000000a4600000, 0x00000000a4700000, 0x00000000a4700000|100%| O|  |TAMS 0x00000000a4700000, 0x00000000a4600000| Untracked 
|  71|0x00000000a4700000, 0x00000000a4800000, 0x00000000a4800000|100%| O|  |TAMS 0x00000000a4800000, 0x00000000a4700000| Untracked 
|  72|0x00000000a4800000, 0x00000000a4900000, 0x00000000a4900000|100%| O|  |TAMS 0x00000000a4900000, 0x00000000a4800000| Untracked 
|  73|0x00000000a4900000, 0x00000000a4a00000, 0x00000000a4a00000|100%| O|  |TAMS 0x00000000a4a00000, 0x00000000a4900000| Untracked 
|  74|0x00000000a4a00000, 0x00000000a4b00000, 0x00000000a4b00000|100%| O|  |TAMS 0x00000000a4b00000, 0x00000000a4a00000| Untracked 
|  75|0x00000000a4b00000, 0x00000000a4c00000, 0x00000000a4c00000|100%| O|  |TAMS 0x00000000a4c00000, 0x00000000a4b00000| Untracked 
|  76|0x00000000a4c00000, 0x00000000a4d00000, 0x00000000a4d00000|100%| O|  |TAMS 0x00000000a4d00000, 0x00000000a4c00000| Untracked 
|  77|0x00000000a4d00000, 0x00000000a4e00000, 0x00000000a4e00000|100%| O|  |TAMS 0x00000000a4e00000, 0x00000000a4d00000| Untracked 
|  78|0x00000000a4e00000, 0x00000000a4f00000, 0x00000000a4f00000|100%| O|  |TAMS 0x00000000a4f00000, 0x00000000a4e00000| Untracked 
|  79|0x00000000a4f00000, 0x00000000a5000000, 0x00000000a5000000|100%| O|  |TAMS 0x00000000a5000000, 0x00000000a4f00000| Untracked 
|  80|0x00000000a5000000, 0x00000000a5100000, 0x00000000a5100000|100%| O|  |TAMS 0x00000000a5100000, 0x00000000a5000000| Untracked 
|  81|0x00000000a5100000, 0x00000000a5200000, 0x00000000a5200000|100%| O|  |TAMS 0x00000000a5200000, 0x00000000a5100000| Untracked 
|  82|0x00000000a5200000, 0x00000000a5300000, 0x00000000a5300000|100%|HS|  |TAMS 0x00000000a5300000, 0x00000000a5200000| Complete 
|  83|0x00000000a5300000, 0x00000000a5400000, 0x00000000a5400000|100%|HC|  |TAMS 0x00000000a5400000, 0x00000000a5300000| Complete 
|  84|0x00000000a5400000, 0x00000000a5500000, 0x00000000a5500000|100%|HC|  |TAMS 0x00000000a5500000, 0x00000000a5400000| Complete 
|  85|0x00000000a5500000, 0x00000000a5600000, 0x00000000a5600000|100%| O|  |TAMS 0x00000000a5600000, 0x00000000a5500000| Untracked 
|  86|0x00000000a5600000, 0x00000000a5700000, 0x00000000a5700000|100%| O|  |TAMS 0x00000000a5700000, 0x00000000a5600000| Untracked 
|  87|0x00000000a5700000, 0x00000000a5800000, 0x00000000a5800000|100%| O|  |TAMS 0x00000000a5800000, 0x00000000a5700000| Untracked 
|  88|0x00000000a5800000, 0x00000000a5900000, 0x00000000a5900000|100%| O|  |TAMS 0x00000000a5900000, 0x00000000a5800000| Untracked 
|  89|0x00000000a5900000, 0x00000000a5a00000, 0x00000000a5a00000|100%| O|  |TAMS 0x00000000a5a00000, 0x00000000a5900000| Untracked 
|  90|0x00000000a5a00000, 0x00000000a5b00000, 0x00000000a5b00000|100%| O|  |TAMS 0x00000000a5b00000, 0x00000000a5a00000| Untracked 
|  91|0x00000000a5b00000, 0x00000000a5c00000, 0x00000000a5c00000|100%| O|  |TAMS 0x00000000a5c00000, 0x00000000a5b00000| Untracked 
|  92|0x00000000a5c00000, 0x00000000a5d00000, 0x00000000a5d00000|100%| O|  |TAMS 0x00000000a5d00000, 0x00000000a5c00000| Untracked 
|  93|0x00000000a5d00000, 0x00000000a5e00000, 0x00000000a5e00000|100%| O|  |TAMS 0x00000000a5e00000, 0x00000000a5d00000| Untracked 
|  94|0x00000000a5e00000, 0x00000000a5f00000, 0x00000000a5f00000|100%| O|  |TAMS 0x00000000a5f00000, 0x00000000a5e00000| Untracked 
|  95|0x00000000a5f00000, 0x00000000a6000000, 0x00000000a6000000|100%| O|  |TAMS 0x00000000a6000000, 0x00000000a5f00000| Untracked 
|  96|0x00000000a6000000, 0x00000000a6100000, 0x00000000a6100000|100%| O|  |TAMS 0x00000000a6100000, 0x00000000a6000000| Untracked 
|  97|0x00000000a6100000, 0x00000000a6200000, 0x00000000a6200000|100%| O|  |TAMS 0x00000000a6200000, 0x00000000a6100000| Untracked 
|  98|0x00000000a6200000, 0x00000000a6300000, 0x00000000a6300000|100%| O|  |TAMS 0x00000000a6300000, 0x00000000a6200000| Untracked 
|  99|0x00000000a6300000, 0x00000000a6400000, 0x00000000a6400000|100%| O|  |TAMS 0x00000000a6400000, 0x00000000a6300000| Untracked 
| 100|0x00000000a6400000, 0x00000000a6500000, 0x00000000a6500000|100%| O|  |TAMS 0x00000000a6500000, 0x00000000a6400000| Untracked 
| 101|0x00000000a6500000, 0x00000000a6600000, 0x00000000a6600000|100%| O|  |TAMS 0x00000000a6600000, 0x00000000a6500000| Untracked 
| 102|0x00000000a6600000, 0x00000000a6700000, 0x00000000a6700000|100%| O|  |TAMS 0x00000000a6700000, 0x00000000a6600000| Untracked 
| 103|0x00000000a6700000, 0x00000000a6800000, 0x00000000a6800000|100%| O|  |TAMS 0x00000000a6800000, 0x00000000a6700000| Untracked 
| 104|0x00000000a6800000, 0x00000000a6900000, 0x00000000a6900000|100%| O|  |TAMS 0x00000000a6900000, 0x00000000a6800000| Untracked 
| 105|0x00000000a6900000, 0x00000000a6a00000, 0x00000000a6a00000|100%| O|  |TAMS 0x00000000a6a00000, 0x00000000a6900000| Untracked 
| 106|0x00000000a6a00000, 0x00000000a6b00000, 0x00000000a6b00000|100%| O|  |TAMS 0x00000000a6b00000, 0x00000000a6a00000| Untracked 
| 107|0x00000000a6b00000, 0x00000000a6c00000, 0x00000000a6c00000|100%| O|  |TAMS 0x00000000a6c00000, 0x00000000a6b00000| Untracked 
| 108|0x00000000a6c00000, 0x00000000a6d00000, 0x00000000a6d00000|100%| O|  |TAMS 0x00000000a6d00000, 0x00000000a6c00000| Untracked 
| 109|0x00000000a6d00000, 0x00000000a6e00000, 0x00000000a6e00000|100%| O|  |TAMS 0x00000000a6e00000, 0x00000000a6d00000| Untracked 
| 110|0x00000000a6e00000, 0x00000000a6f00000, 0x00000000a6f00000|100%| O|  |TAMS 0x00000000a6f00000, 0x00000000a6e00000| Untracked 
| 111|0x00000000a6f00000, 0x00000000a7000000, 0x00000000a7000000|100%| O|  |TAMS 0x00000000a7000000, 0x00000000a6f00000| Untracked 
| 112|0x00000000a7000000, 0x00000000a7100000, 0x00000000a7100000|100%| O|  |TAMS 0x00000000a7100000, 0x00000000a7000000| Untracked 
| 113|0x00000000a7100000, 0x00000000a7200000, 0x00000000a7200000|100%| O|  |TAMS 0x00000000a7200000, 0x00000000a7100000| Untracked 
| 114|0x00000000a7200000, 0x00000000a7300000, 0x00000000a7300000|100%| O|  |TAMS 0x00000000a7300000, 0x00000000a7200000| Untracked 
| 115|0x00000000a7300000, 0x00000000a7400000, 0x00000000a7400000|100%| O|  |TAMS 0x00000000a7400000, 0x00000000a7300000| Untracked 
| 116|0x00000000a7400000, 0x00000000a7500000, 0x00000000a7500000|100%| O|  |TAMS 0x00000000a7500000, 0x00000000a7400000| Untracked 
| 117|0x00000000a7500000, 0x00000000a7600000, 0x00000000a7600000|100%| O|  |TAMS 0x00000000a7600000, 0x00000000a7500000| Untracked 
| 118|0x00000000a7600000, 0x00000000a7700000, 0x00000000a7700000|100%| O|  |TAMS 0x00000000a7700000, 0x00000000a7600000| Untracked 
| 119|0x00000000a7700000, 0x00000000a7800000, 0x00000000a7800000|100%| O|  |TAMS 0x00000000a7800000, 0x00000000a7700000| Untracked 
| 120|0x00000000a7800000, 0x00000000a7900000, 0x00000000a7900000|100%| O|  |TAMS 0x00000000a7900000, 0x00000000a7800000| Untracked 
| 121|0x00000000a7900000, 0x00000000a7a00000, 0x00000000a7a00000|100%| O|  |TAMS 0x00000000a7a00000, 0x00000000a7900000| Untracked 
| 122|0x00000000a7a00000, 0x00000000a7b00000, 0x00000000a7b00000|100%| O|  |TAMS 0x00000000a7b00000, 0x00000000a7a00000| Untracked 
| 123|0x00000000a7b00000, 0x00000000a7c00000, 0x00000000a7c00000|100%| O|  |TAMS 0x00000000a7c00000, 0x00000000a7b00000| Untracked 
| 124|0x00000000a7c00000, 0x00000000a7d00000, 0x00000000a7d00000|100%| O|  |TAMS 0x00000000a7d00000, 0x00000000a7c00000| Untracked 
| 125|0x00000000a7d00000, 0x00000000a7e00000, 0x00000000a7e00000|100%| O|  |TAMS 0x00000000a7e00000, 0x00000000a7d00000| Untracked 
| 126|0x00000000a7e00000, 0x00000000a7ed3a00, 0x00000000a7f00000| 82%| O|  |TAMS 0x00000000a7ed3a00, 0x00000000a7e00000| Untracked 
| 127|0x00000000a7f00000, 0x00000000a7f00000, 0x00000000a8000000|  0%| F|  |TAMS 0x00000000a7f00000, 0x00000000a7f00000| Untracked 
| 128|0x00000000a8000000, 0x00000000a8000000, 0x00000000a8100000|  0%| F|  |TAMS 0x00000000a8000000, 0x00000000a8000000| Untracked 
| 129|0x00000000a8100000, 0x00000000a8100000, 0x00000000a8200000|  0%| F|  |TAMS 0x00000000a8100000, 0x00000000a8100000| Untracked 
| 130|0x00000000a8200000, 0x00000000a8200000, 0x00000000a8300000|  0%| F|  |TAMS 0x00000000a8200000, 0x00000000a8200000| Untracked 
| 131|0x00000000a8300000, 0x00000000a8300000, 0x00000000a8400000|  0%| F|  |TAMS 0x00000000a8300000, 0x00000000a8300000| Untracked 
| 132|0x00000000a8400000, 0x00000000a8400000, 0x00000000a8500000|  0%| F|  |TAMS 0x00000000a8400000, 0x00000000a8400000| Untracked 
| 133|0x00000000a8500000, 0x00000000a8500000, 0x00000000a8600000|  0%| F|  |TAMS 0x00000000a8500000, 0x00000000a8500000| Untracked 
| 134|0x00000000a8600000, 0x00000000a8600000, 0x00000000a8700000|  0%| F|  |TAMS 0x00000000a8600000, 0x00000000a8600000| Untracked 
| 135|0x00000000a8700000, 0x00000000a8700000, 0x00000000a8800000|  0%| F|  |TAMS 0x00000000a8700000, 0x00000000a8700000| Untracked 
| 136|0x00000000a8800000, 0x00000000a8800000, 0x00000000a8900000|  0%| F|  |TAMS 0x00000000a8800000, 0x00000000a8800000| Untracked 
| 137|0x00000000a8900000, 0x00000000a8900000, 0x00000000a8a00000|  0%| F|  |TAMS 0x00000000a8900000, 0x00000000a8900000| Untracked 
| 138|0x00000000a8a00000, 0x00000000a8a00000, 0x00000000a8b00000|  0%| F|  |TAMS 0x00000000a8a00000, 0x00000000a8a00000| Untracked 
| 139|0x00000000a8b00000, 0x00000000a8b00000, 0x00000000a8c00000|  0%| F|  |TAMS 0x00000000a8b00000, 0x00000000a8b00000| Untracked 
| 140|0x00000000a8c00000, 0x00000000a8c00000, 0x00000000a8d00000|  0%| F|  |TAMS 0x00000000a8c00000, 0x00000000a8c00000| Untracked 
| 141|0x00000000a8d00000, 0x00000000a8d00000, 0x00000000a8e00000|  0%| F|  |TAMS 0x00000000a8d00000, 0x00000000a8d00000| Untracked 
| 142|0x00000000a8e00000, 0x00000000a8e00000, 0x00000000a8f00000|  0%| F|  |TAMS 0x00000000a8e00000, 0x00000000a8e00000| Untracked 
| 143|0x00000000a8f00000, 0x00000000a8f00000, 0x00000000a9000000|  0%| F|  |TAMS 0x00000000a8f00000, 0x00000000a8f00000| Untracked 
| 144|0x00000000a9000000, 0x00000000a9000000, 0x00000000a9100000|  0%| F|  |TAMS 0x00000000a9000000, 0x00000000a9000000| Untracked 
| 145|0x00000000a9100000, 0x00000000a9100000, 0x00000000a9200000|  0%| F|  |TAMS 0x00000000a9100000, 0x00000000a9100000| Untracked 
| 146|0x00000000a9200000, 0x00000000a9200000, 0x00000000a9300000|  0%| F|  |TAMS 0x00000000a9200000, 0x00000000a9200000| Untracked 
| 147|0x00000000a9300000, 0x00000000a9300000, 0x00000000a9400000|  0%| F|  |TAMS 0x00000000a9300000, 0x00000000a9300000| Untracked 
| 148|0x00000000a9400000, 0x00000000a9400000, 0x00000000a9500000|  0%| F|  |TAMS 0x00000000a9400000, 0x00000000a9400000| Untracked 
| 149|0x00000000a9500000, 0x00000000a9500000, 0x00000000a9600000|  0%| F|  |TAMS 0x00000000a9500000, 0x00000000a9500000| Untracked 
| 150|0x00000000a9600000, 0x00000000a9600000, 0x00000000a9700000|  0%| F|  |TAMS 0x00000000a9600000, 0x00000000a9600000| Untracked 
| 151|0x00000000a9700000, 0x00000000a9700000, 0x00000000a9800000|  0%| F|  |TAMS 0x00000000a9700000, 0x00000000a9700000| Untracked 
| 152|0x00000000a9800000, 0x00000000a9800000, 0x00000000a9900000|  0%| F|  |TAMS 0x00000000a9800000, 0x00000000a9800000| Untracked 
| 153|0x00000000a9900000, 0x00000000a9900000, 0x00000000a9a00000|  0%| F|  |TAMS 0x00000000a9900000, 0x00000000a9900000| Untracked 
| 154|0x00000000a9a00000, 0x00000000a9a00000, 0x00000000a9b00000|  0%| F|  |TAMS 0x00000000a9a00000, 0x00000000a9a00000| Untracked 
| 155|0x00000000a9b00000, 0x00000000a9b00000, 0x00000000a9c00000|  0%| F|  |TAMS 0x00000000a9b00000, 0x00000000a9b00000| Untracked 
| 156|0x00000000a9c00000, 0x00000000a9c00000, 0x00000000a9d00000|  0%| F|  |TAMS 0x00000000a9c00000, 0x00000000a9c00000| Untracked 
| 157|0x00000000a9d00000, 0x00000000a9d00000, 0x00000000a9e00000|  0%| F|  |TAMS 0x00000000a9d00000, 0x00000000a9d00000| Untracked 
| 158|0x00000000a9e00000, 0x00000000a9e00000, 0x00000000a9f00000|  0%| F|  |TAMS 0x00000000a9e00000, 0x00000000a9e00000| Untracked 
| 159|0x00000000a9f00000, 0x00000000a9f00000, 0x00000000aa000000|  0%| F|  |TAMS 0x00000000a9f00000, 0x00000000a9f00000| Untracked 
| 160|0x00000000aa000000, 0x00000000aa000000, 0x00000000aa100000|  0%| F|  |TAMS 0x00000000aa000000, 0x00000000aa000000| Untracked 
| 161|0x00000000aa100000, 0x00000000aa100000, 0x00000000aa200000|  0%| F|  |TAMS 0x00000000aa100000, 0x00000000aa100000| Untracked 
| 162|0x00000000aa200000, 0x00000000aa200000, 0x00000000aa300000|  0%| F|  |TAMS 0x00000000aa200000, 0x00000000aa200000| Untracked 
| 163|0x00000000aa300000, 0x00000000aa300000, 0x00000000aa400000|  0%| F|  |TAMS 0x00000000aa300000, 0x00000000aa300000| Untracked 
| 164|0x00000000aa400000, 0x00000000aa400000, 0x00000000aa500000|  0%| F|  |TAMS 0x00000000aa400000, 0x00000000aa400000| Untracked 
| 165|0x00000000aa500000, 0x00000000aa500000, 0x00000000aa600000|  0%| F|  |TAMS 0x00000000aa500000, 0x00000000aa500000| Untracked 
| 166|0x00000000aa600000, 0x00000000aa600000, 0x00000000aa700000|  0%| F|  |TAMS 0x00000000aa600000, 0x00000000aa600000| Untracked 
| 167|0x00000000aa700000, 0x00000000aa700000, 0x00000000aa800000|  0%| F|  |TAMS 0x00000000aa700000, 0x00000000aa700000| Untracked 
| 168|0x00000000aa800000, 0x00000000aa800000, 0x00000000aa900000|  0%| F|  |TAMS 0x00000000aa800000, 0x00000000aa800000| Untracked 
| 169|0x00000000aa900000, 0x00000000aa900000, 0x00000000aaa00000|  0%| F|  |TAMS 0x00000000aa900000, 0x00000000aa900000| Untracked 
| 170|0x00000000aaa00000, 0x00000000aaa00000, 0x00000000aab00000|  0%| F|  |TAMS 0x00000000aaa00000, 0x00000000aaa00000| Untracked 
| 171|0x00000000aab00000, 0x00000000aab00000, 0x00000000aac00000|  0%| F|  |TAMS 0x00000000aab00000, 0x00000000aab00000| Untracked 
| 172|0x00000000aac00000, 0x00000000aac00000, 0x00000000aad00000|  0%| F|  |TAMS 0x00000000aac00000, 0x00000000aac00000| Untracked 
| 173|0x00000000aad00000, 0x00000000aad00000, 0x00000000aae00000|  0%| F|  |TAMS 0x00000000aad00000, 0x00000000aad00000| Untracked 
| 174|0x00000000aae00000, 0x00000000aae00000, 0x00000000aaf00000|  0%| F|  |TAMS 0x00000000aae00000, 0x00000000aae00000| Untracked 
| 175|0x00000000aaf00000, 0x00000000aaf00000, 0x00000000ab000000|  0%| F|  |TAMS 0x00000000aaf00000, 0x00000000aaf00000| Untracked 
| 176|0x00000000ab000000, 0x00000000ab000000, 0x00000000ab100000|  0%| F|  |TAMS 0x00000000ab000000, 0x00000000ab000000| Untracked 
| 177|0x00000000ab100000, 0x00000000ab100000, 0x00000000ab200000|  0%| F|  |TAMS 0x00000000ab100000, 0x00000000ab100000| Untracked 
| 178|0x00000000ab200000, 0x00000000ab200000, 0x00000000ab300000|  0%| F|  |TAMS 0x00000000ab200000, 0x00000000ab200000| Untracked 
| 179|0x00000000ab300000, 0x00000000ab300000, 0x00000000ab400000|  0%| F|  |TAMS 0x00000000ab300000, 0x00000000ab300000| Untracked 
| 180|0x00000000ab400000, 0x00000000ab400000, 0x00000000ab500000|  0%| F|  |TAMS 0x00000000ab400000, 0x00000000ab400000| Untracked 
| 181|0x00000000ab500000, 0x00000000ab500000, 0x00000000ab600000|  0%| F|  |TAMS 0x00000000ab500000, 0x00000000ab500000| Untracked 
| 182|0x00000000ab600000, 0x00000000ab600000, 0x00000000ab700000|  0%| F|  |TAMS 0x00000000ab600000, 0x00000000ab600000| Untracked 
| 183|0x00000000ab700000, 0x00000000ab700000, 0x00000000ab800000|  0%| F|  |TAMS 0x00000000ab700000, 0x00000000ab700000| Untracked 
| 184|0x00000000ab800000, 0x00000000ab800000, 0x00000000ab900000|  0%| F|  |TAMS 0x00000000ab800000, 0x00000000ab800000| Untracked 
| 185|0x00000000ab900000, 0x00000000ab900000, 0x00000000aba00000|  0%| F|  |TAMS 0x00000000ab900000, 0x00000000ab900000| Untracked 
| 186|0x00000000aba00000, 0x00000000aba00000, 0x00000000abb00000|  0%| F|  |TAMS 0x00000000aba00000, 0x00000000aba00000| Untracked 
| 187|0x00000000abb00000, 0x00000000abb00000, 0x00000000abc00000|  0%| F|  |TAMS 0x00000000abb00000, 0x00000000abb00000| Untracked 
| 188|0x00000000abc00000, 0x00000000abc00000, 0x00000000abd00000|  0%| F|  |TAMS 0x00000000abc00000, 0x00000000abc00000| Untracked 
| 189|0x00000000abd00000, 0x00000000abd00000, 0x00000000abe00000|  0%| F|  |TAMS 0x00000000abd00000, 0x00000000abd00000| Untracked 
| 190|0x00000000abe00000, 0x00000000abe00000, 0x00000000abf00000|  0%| F|  |TAMS 0x00000000abe00000, 0x00000000abe00000| Untracked 
| 191|0x00000000abf00000, 0x00000000abf00000, 0x00000000ac000000|  0%| F|  |TAMS 0x00000000abf00000, 0x00000000abf00000| Untracked 
| 192|0x00000000ac000000, 0x00000000ac000000, 0x00000000ac100000|  0%| F|  |TAMS 0x00000000ac000000, 0x00000000ac000000| Untracked 
| 193|0x00000000ac100000, 0x00000000ac100000, 0x00000000ac200000|  0%| F|  |TAMS 0x00000000ac100000, 0x00000000ac100000| Untracked 
| 194|0x00000000ac200000, 0x00000000ac21ded8, 0x00000000ac300000| 11%| S|CS|TAMS 0x00000000ac200000, 0x00000000ac200000| Complete 
| 195|0x00000000ac300000, 0x00000000ac400000, 0x00000000ac400000|100%| S|CS|TAMS 0x00000000ac300000, 0x00000000ac300000| Complete 
| 196|0x00000000ac400000, 0x00000000ac500000, 0x00000000ac500000|100%| S|CS|TAMS 0x00000000ac400000, 0x00000000ac400000| Complete 
| 197|0x00000000ac500000, 0x00000000ac600000, 0x00000000ac600000|100%| S|CS|TAMS 0x00000000ac500000, 0x00000000ac500000| Complete 
| 198|0x00000000ac600000, 0x00000000ac700000, 0x00000000ac700000|100%| S|CS|TAMS 0x00000000ac600000, 0x00000000ac600000| Complete 
| 199|0x00000000ac700000, 0x00000000ac800000, 0x00000000ac800000|100%| S|CS|TAMS 0x00000000ac700000, 0x00000000ac700000| Complete 
| 200|0x00000000ac800000, 0x00000000ac800000, 0x00000000ac900000|  0%| F|  |TAMS 0x00000000ac800000, 0x00000000ac800000| Untracked 
| 201|0x00000000ac900000, 0x00000000ac900000, 0x00000000aca00000|  0%| F|  |TAMS 0x00000000ac900000, 0x00000000ac900000| Untracked 
| 202|0x00000000aca00000, 0x00000000aca00000, 0x00000000acb00000|  0%| F|  |TAMS 0x00000000aca00000, 0x00000000aca00000| Untracked 
| 203|0x00000000acb00000, 0x00000000acb00000, 0x00000000acc00000|  0%| F|  |TAMS 0x00000000acb00000, 0x00000000acb00000| Untracked 
| 204|0x00000000acc00000, 0x00000000acc00000, 0x00000000acd00000|  0%| F|  |TAMS 0x00000000acc00000, 0x00000000acc00000| Untracked 
| 205|0x00000000acd00000, 0x00000000acd00000, 0x00000000ace00000|  0%| F|  |TAMS 0x00000000acd00000, 0x00000000acd00000| Untracked 
| 206|0x00000000ace00000, 0x00000000ace00000, 0x00000000acf00000|  0%| F|  |TAMS 0x00000000ace00000, 0x00000000ace00000| Untracked 
| 207|0x00000000acf00000, 0x00000000acf00000, 0x00000000ad000000|  0%| F|  |TAMS 0x00000000acf00000, 0x00000000acf00000| Untracked 
| 208|0x00000000ad000000, 0x00000000ad000000, 0x00000000ad100000|  0%| F|  |TAMS 0x00000000ad000000, 0x00000000ad000000| Untracked 
| 209|0x00000000ad100000, 0x00000000ad100000, 0x00000000ad200000|  0%| F|  |TAMS 0x00000000ad100000, 0x00000000ad100000| Untracked 
| 210|0x00000000ad200000, 0x00000000ad200000, 0x00000000ad300000|  0%| F|  |TAMS 0x00000000ad200000, 0x00000000ad200000| Untracked 
| 211|0x00000000ad300000, 0x00000000ad300000, 0x00000000ad400000|  0%| F|  |TAMS 0x00000000ad300000, 0x00000000ad300000| Untracked 
| 212|0x00000000ad400000, 0x00000000ad400000, 0x00000000ad500000|  0%| F|  |TAMS 0x00000000ad400000, 0x00000000ad400000| Untracked 
| 213|0x00000000ad500000, 0x00000000ad500000, 0x00000000ad600000|  0%| F|  |TAMS 0x00000000ad500000, 0x00000000ad500000| Untracked 
| 214|0x00000000ad600000, 0x00000000ad600000, 0x00000000ad700000|  0%| F|  |TAMS 0x00000000ad600000, 0x00000000ad600000| Untracked 
| 215|0x00000000ad700000, 0x00000000ad700000, 0x00000000ad800000|  0%| F|  |TAMS 0x00000000ad700000, 0x00000000ad700000| Untracked 
| 216|0x00000000ad800000, 0x00000000ad800000, 0x00000000ad900000|  0%| F|  |TAMS 0x00000000ad800000, 0x00000000ad800000| Untracked 
| 217|0x00000000ad900000, 0x00000000ad900000, 0x00000000ada00000|  0%| F|  |TAMS 0x00000000ad900000, 0x00000000ad900000| Untracked 
| 218|0x00000000ada00000, 0x00000000ada00000, 0x00000000adb00000|  0%| F|  |TAMS 0x00000000ada00000, 0x00000000ada00000| Untracked 
| 219|0x00000000adb00000, 0x00000000adb00000, 0x00000000adc00000|  0%| F|  |TAMS 0x00000000adb00000, 0x00000000adb00000| Untracked 
| 220|0x00000000adc00000, 0x00000000adc00000, 0x00000000add00000|  0%| F|  |TAMS 0x00000000adc00000, 0x00000000adc00000| Untracked 
| 221|0x00000000add00000, 0x00000000add00000, 0x00000000ade00000|  0%| F|  |TAMS 0x00000000add00000, 0x00000000add00000| Untracked 
| 222|0x00000000ade00000, 0x00000000ade00000, 0x00000000adf00000|  0%| F|  |TAMS 0x00000000ade00000, 0x00000000ade00000| Untracked 
| 223|0x00000000adf00000, 0x00000000adf00000, 0x00000000ae000000|  0%| F|  |TAMS 0x00000000adf00000, 0x00000000adf00000| Untracked 
| 224|0x00000000ae000000, 0x00000000ae000000, 0x00000000ae100000|  0%| F|  |TAMS 0x00000000ae000000, 0x00000000ae000000| Untracked 
| 225|0x00000000ae100000, 0x00000000ae100000, 0x00000000ae200000|  0%| F|  |TAMS 0x00000000ae100000, 0x00000000ae100000| Untracked 
| 226|0x00000000ae200000, 0x00000000ae200000, 0x00000000ae300000|  0%| F|  |TAMS 0x00000000ae200000, 0x00000000ae200000| Untracked 
| 227|0x00000000ae300000, 0x00000000ae300000, 0x00000000ae400000|  0%| F|  |TAMS 0x00000000ae300000, 0x00000000ae300000| Untracked 
| 228|0x00000000ae400000, 0x00000000ae400000, 0x00000000ae500000|  0%| F|  |TAMS 0x00000000ae400000, 0x00000000ae400000| Untracked 
| 229|0x00000000ae500000, 0x00000000ae500000, 0x00000000ae600000|  0%| F|  |TAMS 0x00000000ae500000, 0x00000000ae500000| Untracked 
| 230|0x00000000ae600000, 0x00000000ae600000, 0x00000000ae700000|  0%| F|  |TAMS 0x00000000ae600000, 0x00000000ae600000| Untracked 
| 231|0x00000000ae700000, 0x00000000ae700000, 0x00000000ae800000|  0%| F|  |TAMS 0x00000000ae700000, 0x00000000ae700000| Untracked 
| 232|0x00000000ae800000, 0x00000000ae800000, 0x00000000ae900000|  0%| F|  |TAMS 0x00000000ae800000, 0x00000000ae800000| Untracked 
| 233|0x00000000ae900000, 0x00000000ae900000, 0x00000000aea00000|  0%| F|  |TAMS 0x00000000ae900000, 0x00000000ae900000| Untracked 
| 234|0x00000000aea00000, 0x00000000aea00000, 0x00000000aeb00000|  0%| F|  |TAMS 0x00000000aea00000, 0x00000000aea00000| Untracked 
| 235|0x00000000aeb00000, 0x00000000aeb00000, 0x00000000aec00000|  0%| F|  |TAMS 0x00000000aeb00000, 0x00000000aeb00000| Untracked 
| 236|0x00000000aec00000, 0x00000000aec00000, 0x00000000aed00000|  0%| F|  |TAMS 0x00000000aec00000, 0x00000000aec00000| Untracked 
| 237|0x00000000aed00000, 0x00000000aed00000, 0x00000000aee00000|  0%| F|  |TAMS 0x00000000aed00000, 0x00000000aed00000| Untracked 
| 238|0x00000000aee00000, 0x00000000aee00000, 0x00000000aef00000|  0%| F|  |TAMS 0x00000000aee00000, 0x00000000aee00000| Untracked 
| 239|0x00000000aef00000, 0x00000000aef00000, 0x00000000af000000|  0%| F|  |TAMS 0x00000000aef00000, 0x00000000aef00000| Untracked 
| 240|0x00000000af000000, 0x00000000af0887c8, 0x00000000af100000| 53%| E|  |TAMS 0x00000000af000000, 0x00000000af000000| Complete 
| 241|0x00000000af100000, 0x00000000af200000, 0x00000000af200000|100%| E|CS|TAMS 0x00000000af100000, 0x00000000af100000| Complete 
| 242|0x00000000af200000, 0x00000000af300000, 0x00000000af300000|100%| E|CS|TAMS 0x00000000af200000, 0x00000000af200000| Complete 
| 243|0x00000000af300000, 0x00000000af400000, 0x00000000af400000|100%| E|CS|TAMS 0x00000000af300000, 0x00000000af300000| Complete 
| 244|0x00000000af400000, 0x00000000af500000, 0x00000000af500000|100%| E|CS|TAMS 0x00000000af400000, 0x00000000af400000| Complete 
| 245|0x00000000af500000, 0x00000000af600000, 0x00000000af600000|100%| E|CS|TAMS 0x00000000af500000, 0x00000000af500000| Complete 
| 246|0x00000000af600000, 0x00000000af700000, 0x00000000af700000|100%| E|CS|TAMS 0x00000000af600000, 0x00000000af600000| Complete 
| 247|0x00000000af700000, 0x00000000af800000, 0x00000000af800000|100%| E|CS|TAMS 0x00000000af700000, 0x00000000af700000| Complete 
| 248|0x00000000af800000, 0x00000000af8fffc0, 0x00000000af900000| 99%| E|  |TAMS 0x00000000af800000, 0x00000000af800000| Complete 
| 249|0x00000000af900000, 0x00000000afa00000, 0x00000000afa00000|100%| E|CS|TAMS 0x00000000af900000, 0x00000000af900000| Complete 
| 250|0x00000000afa00000, 0x00000000afb00000, 0x00000000afb00000|100%| E|CS|TAMS 0x00000000afa00000, 0x00000000afa00000| Complete 
| 251|0x00000000afb00000, 0x00000000afc00000, 0x00000000afc00000|100%| E|CS|TAMS 0x00000000afb00000, 0x00000000afb00000| Complete 
| 252|0x00000000afc00000, 0x00000000afd00000, 0x00000000afd00000|100%| E|CS|TAMS 0x00000000afc00000, 0x00000000afc00000| Complete 
| 253|0x00000000afd00000, 0x00000000afe00000, 0x00000000afe00000|100%| E|CS|TAMS 0x00000000afd00000, 0x00000000afd00000| Complete 

Card table byte_map: [0x0000021ced540000,0x0000021ced840000] _byte_map_base: 0x0000021ced040000

Marking Bits (Prev, Next): (CMBitMap*) 0x0000021cda4b34a8, (CMBitMap*) 0x0000021cda4b34e0
 Prev Bits: [0x0000021cedb40000, 0x0000021cef340000)
 Next Bits: [0x0000021cef340000, 0x0000021cf0b40000)

Polling page: 0x0000021cd9bd0000

Metaspace:

Usage:
  Non-class:     77.00 MB capacity,    74.32 MB ( 97%) used,     2.44 MB (  3%) free+waste,   245.50 KB ( <1%) overhead. 
      Class:     12.22 MB capacity,    11.04 MB ( 90%) used,     1.07 MB (  9%) free+waste,   116.94 KB ( <1%) overhead. 
       Both:     89.21 MB capacity,    85.35 MB ( 96%) used,     3.51 MB (  4%) free+waste,   362.44 KB ( <1%) overhead. 

Virtual space:
  Non-class space:       78.00 MB reserved,      77.17 MB ( 99%) committed 
      Class space:        1.00 GB reserved,      12.25 MB (  1%) committed 
             Both:        1.08 GB reserved,      89.42 MB (  8%) committed 

Chunk freelists:
   Non-Class:  0 bytes
       Class:  1.00 KB
        Both:  1.00 KB

MaxMetaspaceSize: 17179869184.00 GB
CompressedClassSpaceSize: 1.00 GB

CodeHeap 'non-profiled nmethods': size=120000Kb used=7001Kb max_used=7001Kb free=112998Kb
 bounds [0x0000021ce59c0000, 0x0000021ce60a0000, 0x0000021cecef0000]
CodeHeap 'profiled nmethods': size=120000Kb used=24124Kb max_used=24124Kb free=95875Kb
 bounds [0x0000021cde490000, 0x0000021cdfc20000, 0x0000021ce59c0000]
CodeHeap 'non-nmethods': size=5760Kb used=2273Kb max_used=2324Kb free=3486Kb
 bounds [0x0000021cddef0000, 0x0000021cde160000, 0x0000021cde490000]
 total_blobs=12053 nmethods=11188 adapters=775
 compilation: enabled
              stopped_count=0, restarted_count=0
 full_count=0

Compilation events (20 events):
Event: 54.079 Thread 0x0000021cf3f15800 11328       3       org.gradle.internal.extensibility.DefaultExtraPropertiesExtension::set (13 bytes)
Event: 54.079 Thread 0x0000021cf3f15800 nmethod 11328 0x0000021cdfc11a90 code [0x0000021cdfc11c40, 0x0000021cdfc11e08]
Event: 54.079 Thread 0x0000021cf3f15800 11329       3       org.gradle.initialization.ProjectPropertySettingBuildLoader$CachingPropertyApplicator::configureProperty (169 bytes)
Event: 54.080 Thread 0x0000021cf3f15800 nmethod 11329 0x0000021cdfc11f10 code [0x0000021cdfc12200, 0x0000021cdfc135d8]
Event: 54.080 Thread 0x0000021cf3f15800 11330       3       org.gradle.initialization.ProjectPropertySettingBuildLoader$CachingPropertyApplicator::isPossibleProperty (13 bytes)
Event: 54.080 Thread 0x0000021cf3f15800 nmethod 11330 0x0000021cdfc13c10 code [0x0000021cdfc13dc0, 0x0000021cdfc13ff8]
Event: 54.080 Thread 0x0000021cf3f15800 11332       3       com.google.common.cache.LocalCache$Segment::initTable (51 bytes)
Event: 54.081 Thread 0x0000021cf3f15800 nmethod 11332 0x0000021cdfc14110 code [0x0000021cdfc142e0, 0x0000021cdfc14658]
Event: 54.081 Thread 0x0000021cf3f15800 11333       1       org.gradle.model.internal.registry.ModelNodeInternal::getPath (5 bytes)
Event: 54.081 Thread 0x0000021cf3f15800 nmethod 11333 0x0000021ce6094e90 code [0x0000021ce6095040, 0x0000021ce60950f8]
Event: 54.081 Thread 0x0000021cf3f15800 11335       3       org.gradle.internal.operations.UnmanagedBuildOperationWrapper::maybeStartUnmanagedThreadOperation (64 bytes)
Event: 54.082 Thread 0x0000021cf3f15800 nmethod 11335 0x0000021cdfc14810 code [0x0000021cdfc14aa0, 0x0000021cdfc155e8]
Event: 54.082 Thread 0x0000021cf3f15800 11338       3       org.gradle.internal.operations.DefaultBuildOperationRunner::assertParentRunning (47 bytes)
Event: 54.082 Thread 0x0000021cff7fb000 11339   !   4       org.gradle.internal.operations.UnmanagedBuildOperationWrapper::maybeStopUnmanagedThreadOperation (75 bytes)
Event: 54.083 Thread 0x0000021cff7fb000 nmethod 11339 0x0000021ce6095190 code [0x0000021ce6095320, 0x0000021ce60953b8]
Event: 54.083 Thread 0x0000021cff7fb000 11331       4       java.util.concurrent.locks.ReentrantLock::tryLock (9 bytes)
Event: 54.083 Thread 0x0000021cf3f15800 nmethod 11338 0x0000021cdfc15990 code [0x0000021cdfc15c60, 0x0000021cdfc16ba8]
Event: 54.083 Thread 0x0000021cf3f15800 11336   !   3       org.gradle.internal.instantiation.generator.DependencyInjectingInstantiator::doCreate (64 bytes)
Event: 54.083 Thread 0x0000021cf3f15800 nmethod 11336 0x0000021cdfc17090 code [0x0000021cdfc172a0, 0x0000021cdfc17798]
Event: 54.083 Thread 0x0000021cf3f15800 11341       3       org.gradle.api.internal.collections.AbstractIterationOrderRetainingElementSource$Element::realize (130 bytes)

GC Heap History (20 events):
Event: 7.283 GC heap before
{Heap before GC invocations=6 (full 0):
 garbage-first heap   total 260096K, used 125705K [0x00000000a0000000, 0x0000000100000000)
  region size 1024K, 105 young (107520K), 6 survivors (6144K)
 Metaspace       used 43889K, capacity 44850K, committed 44928K, reserved 1087488K
  class space    used 5613K, capacity 5961K, committed 6016K, reserved 1048576K
}
Event: 7.310 GC heap after
{Heap after GC invocations=7 (full 0):
 garbage-first heap   total 260096K, used 27459K [0x00000000a0000000, 0x0000000100000000)
  region size 1024K, 12 young (12288K), 12 survivors (12288K)
 Metaspace       used 43889K, capacity 44850K, committed 44928K, reserved 1087488K
  class space    used 5613K, capacity 5961K, committed 6016K, reserved 1048576K
}
Event: 8.876 GC heap before
{Heap before GC invocations=8 (full 0):
 garbage-first heap   total 260096K, used 159555K [0x00000000a0000000, 0x0000000100000000)
  region size 1024K, 134 young (137216K), 12 survivors (12288K)
 Metaspace       used 53663K, capacity 55031K, committed 55296K, reserved 1097728K
  class space    used 6812K, capacity 7301K, committed 7424K, reserved 1048576K
}
Event: 8.893 GC heap after
{Heap after GC invocations=9 (full 0):
 garbage-first heap   total 260096K, used 45462K [0x00000000a0000000, 0x0000000100000000)
  region size 1024K, 17 young (17408K), 17 survivors (17408K)
 Metaspace       used 53663K, capacity 55031K, committed 55296K, reserved 1097728K
  class space    used 6812K, capacity 7301K, committed 7424K, reserved 1048576K
}
Event: 10.836 GC heap before
{Heap before GC invocations=9 (full 0):
 garbage-first heap   total 260096K, used 180630K [0x00000000a0000000, 0x0000000100000000)
  region size 1024K, 148 young (151552K), 17 survivors (17408K)
 Metaspace       used 62759K, capacity 64329K, committed 64640K, reserved 1105920K
  class space    used 7929K, capacity 8483K, committed 8576K, reserved 1048576K
}
Event: 10.856 GC heap after
{Heap after GC invocations=10 (full 0):
 garbage-first heap   total 260096K, used 53387K [0x00000000a0000000, 0x0000000100000000)
  region size 1024K, 9 young (9216K), 9 survivors (9216K)
 Metaspace       used 62759K, capacity 64329K, committed 64640K, reserved 1105920K
  class space    used 7929K, capacity 8483K, committed 8576K, reserved 1048576K
}
Event: 13.051 GC heap before
{Heap before GC invocations=10 (full 0):
 garbage-first heap   total 260096K, used 187531K [0x00000000a0000000, 0x0000000100000000)
  region size 1024K, 140 young (143360K), 9 survivors (9216K)
 Metaspace       used 70346K, capacity 72280K, committed 72320K, reserved 1112064K
  class space    used 9116K, capacity 9829K, committed 9856K, reserved 1048576K
}
Event: 13.072 GC heap after
{Heap after GC invocations=11 (full 0):
 garbage-first heap   total 260096K, used 63485K [0x00000000a0000000, 0x0000000100000000)
  region size 1024K, 18 young (18432K), 18 survivors (18432K)
 Metaspace       used 70346K, capacity 72280K, committed 72320K, reserved 1112064K
  class space    used 9116K, capacity 9829K, committed 9856K, reserved 1048576K
}
Event: 14.032 GC heap before
{Heap before GC invocations=11 (full 0):
 garbage-first heap   total 260096K, used 127997K [0x00000000a0000000, 0x0000000100000000)
  region size 1024K, 83 young (84992K), 18 survivors (18432K)
 Metaspace       used 72952K, capacity 75148K, committed 75308K, reserved 1114112K
  class space    used 9477K, capacity 10251K, committed 10368K, reserved 1048576K
}
Event: 14.087 GC heap after
{Heap after GC invocations=12 (full 0):
 garbage-first heap   total 260096K, used 73670K [0x00000000a0000000, 0x0000000100000000)
  region size 1024K, 10 young (10240K), 10 survivors (10240K)
 Metaspace       used 72952K, capacity 75148K, committed 75308K, reserved 1114112K
  class space    used 9477K, capacity 10251K, committed 10368K, reserved 1048576K
}
Event: 15.805 GC heap before
{Heap before GC invocations=13 (full 0):
 garbage-first heap   total 260096K, used 185286K [0x00000000a0000000, 0x0000000100000000)
  region size 1024K, 113 young (115712K), 10 survivors (10240K)
 Metaspace       used 74483K, capacity 77751K, committed 77996K, reserved 1116160K
  class space    used 9642K, capacity 10638K, committed 10752K, reserved 1048576K
}
Event: 15.832 GC heap after
{Heap after GC invocations=14 (full 0):
 garbage-first heap   total 260096K, used 99325K [0x00000000a0000000, 0x0000000100000000)
  region size 1024K, 15 young (15360K), 15 survivors (15360K)
 Metaspace       used 74483K, capacity 77751K, committed 77996K, reserved 1116160K
  class space    used 9642K, capacity 10638K, committed 10752K, reserved 1048576K
}
Event: 17.304 GC heap before
{Heap before GC invocations=15 (full 0):
 garbage-first heap   total 260096K, used 190461K [0x00000000a0000000, 0x0000000100000000)
  region size 1024K, 102 young (104448K), 15 survivors (15360K)
 Metaspace       used 79062K, capacity 82676K, committed 82860K, reserved 1120256K
  class space    used 10337K, capacity 11426K, committed 11520K, reserved 1048576K
}
Event: 17.327 GC heap after
{Heap after GC invocations=16 (full 0):
 garbage-first heap   total 260096K, used 115525K [0x00000000a0000000, 0x0000000100000000)
  region size 1024K, 12 young (12288K), 12 survivors (12288K)
 Metaspace       used 79062K, capacity 82676K, committed 82860K, reserved 1120256K
  class space    used 10337K, capacity 11426K, committed 11520K, reserved 1048576K
}
Event: 18.578 GC heap before
{Heap before GC invocations=16 (full 0):
 garbage-first heap   total 260096K, used 196421K [0x00000000a0000000, 0x0000000100000000)
  region size 1024K, 91 young (93184K), 12 survivors (12288K)
 Metaspace       used 81857K, capacity 85616K, committed 85804K, reserved 1124352K
  class space    used 10696K, capacity 11836K, committed 11904K, reserved 1048576K
}
Event: 18.603 GC heap after
{Heap after GC invocations=17 (full 0):
 garbage-first heap   total 260096K, used 129024K [0x00000000a0000000, 0x0000000100000000)
  region size 1024K, 12 young (12288K), 12 survivors (12288K)
 Metaspace       used 81857K, capacity 85616K, committed 85804K, reserved 1124352K
  class space    used 10696K, capacity 11836K, committed 11904K, reserved 1048576K
}
Event: 18.917 GC heap before
{Heap before GC invocations=17 (full 0):
 garbage-first heap   total 260096K, used 144384K [0x00000000a0000000, 0x0000000100000000)
  region size 1024K, 29 young (29696K), 12 survivors (12288K)
 Metaspace       used 82582K, capacity 86358K, committed 86700K, reserved 1124352K
  class space    used 10806K, capacity 11911K, committed 12032K, reserved 1048576K
}
Event: 18.943 GC heap after
{Heap after GC invocations=18 (full 0):
 garbage-first heap   total 260096K, used 133519K [0x00000000a0000000, 0x0000000100000000)
  region size 1024K, 4 young (4096K), 4 survivors (4096K)
 Metaspace       used 82582K, capacity 86358K, committed 86700K, reserved 1124352K
  class space    used 10806K, capacity 11911K, committed 12032K, reserved 1048576K
}
Event: 20.492 GC heap before
{Heap before GC invocations=19 (full 0):
 garbage-first heap   total 260096K, used 185743K [0x00000000a0000000, 0x0000000100000000)
  region size 1024K, 54 young (55296K), 4 survivors (4096K)
 Metaspace       used 85151K, capacity 89038K, committed 89132K, reserved 1126400K
  class space    used 11136K, capacity 12345K, committed 12416K, reserved 1048576K
}
Event: 20.499 GC heap after
{Heap after GC invocations=20 (full 0):
 garbage-first heap   total 260096K, used 135110K [0x00000000a0000000, 0x0000000100000000)
  region size 1024K, 6 young (6144K), 6 survivors (6144K)
 Metaspace       used 85151K, capacity 89038K, committed 89132K, reserved 1126400K
  class space    used 11136K, capacity 12345K, committed 12416K, reserved 1048576K
}

Deoptimization events (20 events):
Event: 54.034 Thread 0x0000021cf5364800 Uncommon trap: trap_request=0xffffff4d fr.pc=0x0000021ce5e7f480 relative=0x0000000000000380
Event: 54.034 Thread 0x0000021cf5364800 Uncommon trap: reason=unstable_if action=reinterpret pc=0x0000021ce5e7f480 method=org.gradle.cache.internal.DefaultCrossBuildInMemoryCacheFactory$AbstractCrossBuildInMemoryCache.getIfPresent(Ljava/lang/Object;)Ljava/lang/Object; @ 24 c2
Event: 54.034 Thread 0x0000021cf5364800 DEOPT PACKING pc=0x0000021ce5e7f480 sp=0x000000f569cfd690
Event: 54.034 Thread 0x0000021cf5364800 DEOPT UNPACKING pc=0x0000021cddf1662f sp=0x000000f569cfd638 mode 2
Event: 54.038 Thread 0x0000021cf5364800 Uncommon trap: trap_request=0xffffff4d fr.pc=0x0000021ce5f0cb78 relative=0x0000000000000058
Event: 54.038 Thread 0x0000021cf5364800 Uncommon trap: reason=unstable_if action=reinterpret pc=0x0000021ce5f0cb78 method=org.gradle.internal.operations.UnmanagedBuildOperationWrapper.maybeStartUnmanagedThreadOperation(Lorg/gradle/internal/operations/BuildOperationState;)Lorg/gradle/internal/op
Event: 54.038 Thread 0x0000021cf5364800 DEOPT PACKING pc=0x0000021ce5f0cb78 sp=0x000000f569cfd910
Event: 54.038 Thread 0x0000021cf5364800 DEOPT UNPACKING pc=0x0000021cddf1662f sp=0x000000f569cfd898 mode 2
Event: 54.038 Thread 0x0000021cf5364800 Uncommon trap: trap_request=0xffffff4d fr.pc=0x0000021ce5f51d08 relative=0x0000000000006f68
Event: 54.038 Thread 0x0000021cf5364800 Uncommon trap: reason=unstable_if action=reinterpret pc=0x0000021ce5f51d08 method=org.gradle.internal.logging.sink.OutputEventListenerManager$1.onOutput(Lorg/gradle/internal/logging/events/OutputEvent;)V @ 22 c2
Event: 54.038 Thread 0x0000021cf5364800 DEOPT PACKING pc=0x0000021ce5f51d08 sp=0x000000f569cfd5c0
Event: 54.038 Thread 0x0000021cf5364800 DEOPT UNPACKING pc=0x0000021cddf1662f sp=0x000000f569cfd2f0 mode 2
Event: 54.056 Thread 0x0000021cf5364800 Uncommon trap: trap_request=0xffffff4d fr.pc=0x0000021ce5ec74e8 relative=0x0000000000001948
Event: 54.056 Thread 0x0000021cf5364800 Uncommon trap: reason=unstable_if action=reinterpret pc=0x0000021ce5ec74e8 method=org.gradle.cache.internal.DefaultCrossBuildInMemoryCacheFactory$AbstractCrossBuildInMemoryCache.getIfPresent(Ljava/lang/Object;)Ljava/lang/Object; @ 24 c2
Event: 54.056 Thread 0x0000021cf5364800 DEOPT PACKING pc=0x0000021ce5ec74e8 sp=0x000000f569cfb090
Event: 54.056 Thread 0x0000021cf5364800 DEOPT UNPACKING pc=0x0000021cddf1662f sp=0x000000f569cfaec0 mode 2
Event: 54.081 Thread 0x0000021cf5364800 Uncommon trap: trap_request=0xffffff4d fr.pc=0x0000021ce5f489a4 relative=0x00000000000002c4
Event: 54.081 Thread 0x0000021cf5364800 Uncommon trap: reason=unstable_if action=reinterpret pc=0x0000021ce5f489a4 method=com.google.common.collect.MapMakerInternalMap$Segment.getEntry(Ljava/lang/Object;I)Lcom/google/common/collect/MapMakerInternalMap$InternalEntry; @ 4 c2
Event: 54.081 Thread 0x0000021cf5364800 DEOPT PACKING pc=0x0000021ce5f489a4 sp=0x000000f569cfadc0
Event: 54.081 Thread 0x0000021cf5364800 DEOPT UNPACKING pc=0x0000021cddf1662f sp=0x000000f569cfad78 mode 2

Classes redefined (0 events):
No events

Internal exceptions (20 events):
Event: 19.732 Thread 0x0000021cfad18800 Exception <a 'java/lang/ClassNotFoundException'{0x00000000ad353900}: org/gradle/internal/logging/compatbridge/LoggingManagerInternalCompatibilityBridgeCustomizer> (0x00000000ad353900) thrown at [./src/hotspot/share/classfile/systemDictionary.cpp, line 231]
Event: 19.760 Thread 0x0000021cfad15800 Exception <a 'java/lang/NoSuchMethodError'{0x00000000ad3c3e48}: 'void java.lang.invoke.DirectMethodHandle$Holder.invokeStatic(java.lang.Object, long)'> (0x00000000ad3c3e48) thrown at [./src/hotspot/share/interpreter/linkResolver.cpp, line 773]
Event: 19.760 Thread 0x0000021cfad15800 Exception <a 'java/lang/NoSuchMethodError'{0x00000000ad3c92e8}: 'java.lang.Object java.lang.invoke.DirectMethodHandle$Holder.invokeStatic(java.lang.Object, long)'> (0x00000000ad3c92e8) thrown at [./src/hotspot/share/interpreter/linkResolver.cpp, line 773]
Event: 19.763 Thread 0x0000021cfad15800 Exception <a 'java/lang/NoSuchMethodError'{0x00000000ad3d7b18}: 'java.lang.Object java.lang.invoke.DirectMethodHandle$Holder.invokeStaticInit(java.lang.Object, java.lang.Object, long, java.lang.Object)'> (0x00000000ad3d7b18) thrown at [./src/hotspot/share/interpreter/linkResolver.cpp, line 773]
Event: 19.764 Thread 0x0000021cfad15800 Exception <a 'java/lang/NoSuchMethodError'{0x00000000ad3ddc60}: 'java.lang.Object java.lang.invoke.DirectMethodHandle$Holder.invokeStatic(java.lang.Object, java.lang.Object, long)'> (0x00000000ad3ddc60) thrown at [./src/hotspot/share/interpreter/linkResolver.cpp, line 773]
Event: 19.764 Thread 0x0000021cfad15800 Exception <a 'java/lang/NoSuchMethodError'{0x00000000ad3e4178}: 'java.lang.Object java.lang.invoke.Invokers$Holder.linkToTargetMethod(java.lang.Object, long, java.lang.Object)'> (0x00000000ad3e4178) thrown at [./src/hotspot/share/interpreter/linkResolver.cpp, line 773]
Event: 20.309 Thread 0x0000021cfad18800 Exception <a 'java/lang/reflect/InvocationTargetException'{0x00000000ad3b62d0}> (0x00000000ad3b62d0) thrown at [./src/hotspot/share/runtime/reflection.cpp, line 1247]
Event: 20.354 Thread 0x0000021cfad18800 Exception <a 'java/lang/NoSuchMethodError'{0x00000000ad0d9390}: 'void java.lang.invoke.DirectMethodHandle$Holder.invokeInterface(java.lang.Object, java.lang.Object)'> (0x00000000ad0d9390) thrown at [./src/hotspot/share/interpreter/linkResolver.cpp, line 773]
Event: 20.423 Thread 0x0000021cf5364800 Exception <a 'java/lang/NoSuchMethodError'{0x00000000accef258}: 'java.lang.Object java.lang.invoke.DirectMethodHandle$Holder.invokeSpecial(java.lang.Object, java.lang.Object, java.lang.Object, int, int, java.lang.Object, java.lang.Object)'> (0x00000000accef258) thrown at [./src/hotspot/share/interpreter/linkResolver.cpp, line 773]
Event: 20.423 Thread 0x0000021cf5364800 Exception <a 'java/lang/NoSuchMethodError'{0x00000000accf83c0}: 'java.lang.Object java.lang.invoke.DirectMethodHandle$Holder.invokeStatic(java.lang.Object, java.lang.Object, java.lang.Object, int, int, java.lang.Object)'> (0x00000000accf83c0) thrown at [./src/hotspot/share/interpreter/linkResolver.cpp, line 773]
Event: 20.424 Thread 0x0000021cf5364800 Exception <a 'java/lang/NoSuchMethodError'{0x00000000accfc0e0}: 'java.lang.Object java.lang.invoke.DirectMethodHandle$Holder.invokeSpecial(java.lang.Object, java.lang.Object, java.lang.Object, java.lang.Object, int, int, java.lang.Object)'> (0x00000000accfc0e0) thrown at [./src/hotspot/share/interpreter/linkResolver.cpp, line 773]
Event: 20.424 Thread 0x0000021cf5364800 Exception <a 'java/lang/NoSuchMethodError'{0x00000000accff600}: 'java.lang.Object java.lang.invoke.Invokers$Holder.linkToTargetMethod(java.lang.Object, java.lang.Object, int, int, java.lang.Object, java.lang.Object)'> (0x00000000accff600) thrown at [./src/hotspot/share/interpreter/linkResolver.cpp, line 773]
Event: 20.427 Thread 0x0000021cf5364800 Implicit null exception at 0x0000021ce5ea68af to 0x0000021ce5ea68fc
Event: 20.427 Thread 0x0000021cf5364800 Implicit null exception at 0x0000021ce5f0c5cc to 0x0000021ce5f0c5fc
Event: 20.602 Thread 0x0000021cf417a000 Exception <a 'java/lang/NoSuchMethodError'{0x00000000af552628}: <clinit>> (0x00000000af552628) thrown at [./src/hotspot/share/prims/jni.cpp, line 1362]
Event: 20.604 Thread 0x0000021cf417a000 Exception <a 'java/lang/NoSuchMethodError'{0x00000000af578500}: <clinit>> (0x00000000af578500) thrown at [./src/hotspot/share/prims/jni.cpp, line 1362]
Event: 20.604 Thread 0x0000021cf417a000 Exception <a 'java/lang/NoSuchMethodError'{0x00000000af579be8}: <clinit>> (0x00000000af579be8) thrown at [./src/hotspot/share/prims/jni.cpp, line 1362]
Event: 20.605 Thread 0x0000021cf417a000 Exception <a 'java/lang/NoSuchMethodError'{0x00000000af59d1a8}: <clinit>> (0x00000000af59d1a8) thrown at [./src/hotspot/share/prims/jni.cpp, line 1362]
Event: 20.606 Thread 0x0000021cf417a000 Exception <a 'java/lang/NoSuchMethodError'{0x00000000af5bbc00}: <clinit>> (0x00000000af5bbc00) thrown at [./src/hotspot/share/prims/jni.cpp, line 1362]
Event: 54.038 Thread 0x0000021cf5364800 Implicit null exception at 0x0000021ce5f4c2d5 to 0x0000021ce5f51cc8

Events (20 events):
Event: 20.642 Thread 0x0000021cfad13800 Thread exited: 0x0000021cfad13800
Event: 20.662 loading class org/gradle/internal/remote/internal/inet/SocketConnection$1
Event: 20.662 loading class org/gradle/internal/remote/internal/inet/SocketConnection$1 done
Event: 20.662 Executing VM operation: RevokeBias
Event: 20.663 Executing VM operation: RevokeBias done
Event: 20.663 Executing VM operation: RevokeBias
Event: 20.663 Executing VM operation: RevokeBias done
Event: 20.663 Thread 0x0000021cf6522800 Thread exited: 0x0000021cf6522800
Event: 22.925 Thread 0x0000021cf5ef0000 Thread exited: 0x0000021cf5ef0000
Event: 22.925 Thread 0x0000021cf7d8c800 Thread exited: 0x0000021cf7d8c800
Event: 53.999 Thread 0x0000021cfad16000 Thread added: 0x0000021cfad16000
Event: 54.018 Thread 0x0000021cfad12000 Thread added: 0x0000021cfad12000
Event: 54.028 Thread 0x0000021cfad18800 Thread added: 0x0000021cfad18800
Event: 54.030 Thread 0x0000021cfad19800 Thread added: 0x0000021cfad19800
Event: 54.031 Thread 0x0000021cfad13800 Thread added: 0x0000021cfad13800
Event: 54.035 Thread 0x0000021cfad1a800 Thread added: 0x0000021cfad1a800
Event: 54.042 Thread 0x0000021cfad14800 Thread added: 0x0000021cfad14800
Event: 54.046 Thread 0x0000021cfad1c800 Thread added: 0x0000021cfad1c800
Event: 54.050 Thread 0x0000021cfad20000 Thread added: 0x0000021cfad20000
Event: 54.082 Thread 0x0000021cff7fb000 Thread added: 0x0000021cff7fb000


Dynamic libraries:
0x00007ff7a28c0000 - 0x00007ff7a28ca000 	C:\Program Files\Android\Android Studio1\jre\bin\java.exe
0x00007ffcbdbb0000 - 0x00007ffcbdda8000 	C:\WINDOWS\SYSTEM32\ntdll.dll
0x00007ffcbd9f0000 - 0x00007ffcbdaad000 	C:\WINDOWS\System32\KERNEL32.DLL
0x00007ffcbb830000 - 0x00007ffcbbafe000 	C:\WINDOWS\System32\KERNELBASE.dll
0x00007ffcb7e00000 - 0x00007ffcb7e90000 	C:\WINDOWS\SYSTEM32\apphelp.dll
0x00007ffcbb2d0000 - 0x00007ffcbb3d0000 	C:\WINDOWS\System32\ucrtbase.dll
0x00007ffc91d20000 - 0x00007ffc91d39000 	C:\Program Files\Android\Android Studio1\jre\bin\jli.dll
0x00007ffc91d00000 - 0x00007ffc91d17000 	C:\Program Files\Android\Android Studio1\jre\bin\VCRUNTIME140.dll
0x00007ffcbc5b0000 - 0x00007ffcbc750000 	C:\WINDOWS\System32\USER32.dll
0x00007ffc9d2d0000 - 0x00007ffc9d56a000 	C:\WINDOWS\WinSxS\amd64_microsoft.windows.common-controls_6595b64144ccf1df_6.0.19041.1110_none_60b5254171f9507e\COMCTL32.dll
0x00007ffcbb5a0000 - 0x00007ffcbb5c2000 	C:\WINDOWS\System32\win32u.dll
0x00007ffcbd450000 - 0x00007ffcbd4ee000 	C:\WINDOWS\System32\msvcrt.dll
0x00007ffcbd8f0000 - 0x00007ffcbd91a000 	C:\WINDOWS\System32\GDI32.dll
0x00007ffcbb3d0000 - 0x00007ffcbb4db000 	C:\WINDOWS\System32\gdi32full.dll
0x00007ffcbbb70000 - 0x00007ffcbbc0d000 	C:\WINDOWS\System32\msvcp_win.dll
0x00007ffcbbe20000 - 0x00007ffcbbe50000 	C:\WINDOWS\System32\IMM32.DLL
0x00007ffcac060000 - 0x00007ffcac256000 	C:\WINDOWS\system32\tmumh\20019\AddOn\8.55.0.1074\TmUmEvt64.dll
0x00007ffcbc5a0000 - 0x00007ffcbc5a8000 	C:\WINDOWS\System32\PSAPI.DLL
0x00007ffcbbc30000 - 0x00007ffcbbcde000 	C:\WINDOWS\System32\ADVAPI32.dll
0x00007ffcbd850000 - 0x00007ffcbd8ec000 	C:\WINDOWS\System32\sechost.dll
0x00007ffcbd290000 - 0x00007ffcbd3b5000 	C:\WINDOWS\System32\RPCRT4.dll
0x000000005c0b0000 - 0x000000005c21f000 	C:\WINDOWS\system32\tmumh\20019\TmMon\2.9.0.1036\tmmon64.dll
0x00007ffcbbce0000 - 0x00007ffcbbd35000 	C:\WINDOWS\System32\SHLWAPI.dll
0x00007ffc8d760000 - 0x00007ffc8d7fd000 	C:\Program Files\Android\Android Studio1\jre\bin\msvcp140.dll
0x00007ffc6bee0000 - 0x00007ffc6c9b5000 	C:\Program Files\Android\Android Studio1\jre\bin\server\jvm.dll
0x00007ffc9b400000 - 0x00007ffc9b409000 	C:\WINDOWS\SYSTEM32\WSOCK32.dll
0x00007ffcbd620000 - 0x00007ffcbd68b000 	C:\WINDOWS\System32\WS2_32.dll
0x00007ffc976a0000 - 0x00007ffc976c7000 	C:\WINDOWS\SYSTEM32\WINMM.dll
0x00007ffcb13b0000 - 0x00007ffcb13ba000 	C:\WINDOWS\SYSTEM32\VERSION.dll
0x00007ffcb90d0000 - 0x00007ffcb90e2000 	C:\WINDOWS\SYSTEM32\kernel.appcore.dll
0x00007ffc91480000 - 0x00007ffc91491000 	C:\Program Files\Android\Android Studio1\jre\bin\verify.dll
0x00007ffcb8a60000 - 0x00007ffcb8c44000 	C:\WINDOWS\SYSTEM32\DBGHELP.DLL
0x00007ffca43b0000 - 0x00007ffca43dc000 	C:\WINDOWS\SYSTEM32\dbgcore.DLL
0x00007ffcbb510000 - 0x00007ffcbb592000 	C:\WINDOWS\System32\bcryptPrimitives.dll
0x00007ffc91450000 - 0x00007ffc91479000 	C:\Program Files\Android\Android Studio1\jre\bin\java.dll
0x00007ffc9b160000 - 0x00007ffc9b16b000 	C:\Program Files\Android\Android Studio1\jre\bin\jimage.dll
0x00007ffc91430000 - 0x00007ffc91448000 	C:\Program Files\Android\Android Studio1\jre\bin\zip.dll
0x00007ffcbbe50000 - 0x00007ffcbc594000 	C:\WINDOWS\System32\SHELL32.dll
0x00007ffcb93d0000 - 0x00007ffcb9b64000 	C:\WINDOWS\SYSTEM32\windows.storage.dll
0x00007ffcbc880000 - 0x00007ffcbcbd4000 	C:\WINDOWS\System32\combase.dll
0x00007ffcbad30000 - 0x00007ffcbad60000 	C:\WINDOWS\SYSTEM32\Wldp.dll
0x00007ffcbd7a0000 - 0x00007ffcbd84d000 	C:\WINDOWS\System32\SHCORE.dll
0x00007ffcbb210000 - 0x00007ffcbb22f000 	C:\WINDOWS\SYSTEM32\profapi.dll
0x00007ffc8fdf0000 - 0x00007ffc8fe0a000 	C:\Program Files\Android\Android Studio1\jre\bin\net.dll
0x00007ffcb6900000 - 0x00007ffcb6a0a000 	C:\WINDOWS\SYSTEM32\WINHTTP.dll
0x00007ffcbaa90000 - 0x00007ffcbaafa000 	C:\WINDOWS\system32\mswsock.dll
0x00007ffc8fdd0000 - 0x00007ffc8fde4000 	C:\Program Files\Android\Android Studio1\jre\bin\nio.dll
0x00007ffc8fda0000 - 0x00007ffc8fdc6000 	C:\Users\jarre\.gradle\native\fdc75f09e3144964f2cf3f50f0aa648679c211496f362492102eb8c894070792\windows-amd64\native-platform.dll
0x00007ffc6e960000 - 0x00007ffc6eaf1000 	C:\Users\jarre\.gradle\native\12488b8bf47d2d4c9fbf2f6322a914ad602e24e48041cd04a747c6da556b65c4\windows-amd64\native-platform-file-events.dll
0x00007ffc9b0a0000 - 0x00007ffc9b0aa000 	C:\Program Files\Android\Android Studio1\jre\bin\management.dll
0x00007ffc9af20000 - 0x00007ffc9af2d000 	C:\Program Files\Android\Android Studio1\jre\bin\management_ext.dll
0x00007ffcbac80000 - 0x00007ffcbac98000 	C:\WINDOWS\SYSTEM32\CRYPTSP.dll
0x00007ffcba3a0000 - 0x00007ffcba3d4000 	C:\WINDOWS\system32\rsaenh.dll
0x00007ffcbb4e0000 - 0x00007ffcbb507000 	C:\WINDOWS\System32\bcrypt.dll
0x00007ffcbb190000 - 0x00007ffcbb1be000 	C:\WINDOWS\SYSTEM32\USERENV.dll
0x00007ffcbaca0000 - 0x00007ffcbacac000 	C:\WINDOWS\SYSTEM32\CRYPTBASE.dll
0x00007ffcba730000 - 0x00007ffcba76b000 	C:\WINDOWS\SYSTEM32\IPHLPAPI.DLL
0x00007ffcbd610000 - 0x00007ffcbd618000 	C:\WINDOWS\System32\NSI.dll
0x00007ffcb26d0000 - 0x00007ffcb26e7000 	C:\WINDOWS\SYSTEM32\dhcpcsvc6.DLL
0x00007ffcb3cd0000 - 0x00007ffcb3ced000 	C:\WINDOWS\SYSTEM32\dhcpcsvc.DLL
0x00007ffcba770000 - 0x00007ffcba83a000 	C:\WINDOWS\SYSTEM32\DNSAPI.dll
0x00007ffcb5c60000 - 0x00007ffcb5c6b000 	C:\WINDOWS\SYSTEM32\WINNSI.DLL

dbghelp: loaded successfully - version: 4.0.5 - missing functions: none
symbol engine: initialized successfully - sym options: 0x614 - pdb path: .;C:\Program Files\Android\Android Studio1\jre\bin;C:\WINDOWS\SYSTEM32;C:\WINDOWS\WinSxS\amd64_microsoft.windows.common-controls_6595b64144ccf1df_6.0.19041.1110_none_60b5254171f9507e;C:\WINDOWS\system32\tmumh\20019\AddOn\8.55.0.1074;C:\WINDOWS\system32\tmumh\20019\TmMon\2.9.0.1036;C:\Program Files\Android\Android Studio1\jre\bin\server;C:\Users\jarre\.gradle\native\fdc75f09e3144964f2cf3f50f0aa648679c211496f362492102eb8c894070792\windows-amd64;C:\Users\jarre\.gradle\native\12488b8bf47d2d4c9fbf2f6322a914ad602e24e48041cd04a747c6da556b65c4\windows-amd64

VM Arguments:
jvm_args: --add-opens=java.base/java.util=ALL-UNNAMED --add-opens=java.base/java.lang=ALL-UNNAMED --add-opens=java.base/java.lang.invoke=ALL-UNNAMED --add-opens=java.prefs/java.util.prefs=ALL-UNNAMED -Xmx1536M -Dfile.encoding=x-windows-950 -Duser.country=TW -Duser.language=zh -Duser.variant 
java_command: org.gradle.launcher.daemon.bootstrap.GradleDaemon 6.7
java_class_path (initial): C:\Users\jarre\.gradle\wrapper\dists\gradle-6.7-all\cuy9mc7upwgwgeb72wkcrupxe\gradle-6.7\lib\gradle-launcher-6.7.jar
Launcher Type: SUN_STANDARD

[Global flags]
     intx CICompilerCount                          = 4                                         {product} {ergonomic}
     uint ConcGCThreads                            = 2                                         {product} {ergonomic}
     uint G1ConcRefinementThreads                  = 8                                         {product} {ergonomic}
   size_t G1HeapRegionSize                         = 1048576                                   {product} {ergonomic}
    uintx GCDrainStackTargetSize                   = 64                                        {product} {ergonomic}
   size_t InitialHeapSize                          = 266338304                                 {product} {ergonomic}
   size_t MarkStackSize                            = 4194304                                   {product} {ergonomic}
   size_t MaxHeapSize                              = 1610612736                                {product} {command line}
   size_t MaxNewSize                               = 965738496                                 {product} {ergonomic}
   size_t MinHeapDeltaBytes                        = 1048576                                   {product} {ergonomic}
    uintx NonNMethodCodeHeapSize                   = 5836300                                {pd product} {ergonomic}
    uintx NonProfiledCodeHeapSize                  = 122910970                              {pd product} {ergonomic}
    uintx ProfiledCodeHeapSize                     = 122910970                              {pd product} {ergonomic}
    uintx ReservedCodeCacheSize                    = 251658240                              {pd product} {ergonomic}
     bool SegmentedCodeCache                       = true                                      {product} {ergonomic}
     bool UseCompressedClassPointers               = true                                 {lp64_product} {ergonomic}
     bool UseCompressedOops                        = true                                 {lp64_product} {ergonomic}
     bool UseG1GC                                  = true                                      {product} {ergonomic}
     bool UseLargePagesIndividualAllocation        = false                                  {pd product} {ergonomic}

Logging:
Log output configuration:
 #0: stdout all=warning uptime,level,tags
 #1: stderr all=off uptime,level,tags

Environment Variables:
JAVA_HOME=C:\Program Files\Android\Android Studio1\jre
CLASSPATH=D:\flutterdemo02\android\\gradle\wrapper\gradle-wrapper.jar
PATH=C:\Program Files (x86)\Common Files\Oracle\Java\javapath;C:\WINDOWS\system32;C:\WINDOWS;C:\WINDOWS\System32\Wbem;C:\WINDOWS\System32\WindowsPowerShell\v1.0\;C:\WINDOWS\System32\OpenSSH\;C:\Program Files\Dart\dart-sdk\bin;C:\Program Files\Java\jdk1.8.0_202\bin;C:\Program Files\Java\jdk1.8.0_202\jre\bin;D:\flutter_window\flutter\bin;C:\Users\jarre\AppData\Local\Android\Sdk\tools\bin;C:\Program Files\Git\cmd;C:\Users\jarre\scoop\shims;C:\Users\jarre\AppData\Local\Programs\Python\Python310\Scripts\;C:\Users\jarre\AppData\Local\Programs\Python\Python310\;C:\Users\jarre\AppData\Local\Microsoft\WindowsApps;;C:\Users\jarre\AppData\Local\Programs\Microsoft VS Code\bin;C:\Program Files\JetBrains\PyCharm Community Edition 2022.1.2\bin;;D:\flutter_window\flutter\bin\mingit\cmd
USERNAME=jarre
OS=Windows_NT
PROCESSOR_IDENTIFIER=Intel64 Family 6 Model 142 Stepping 12, GenuineIntel



---------------  S Y S T E M  ---------------

OS: Windows 10 , 64 bit Build 19041 (10.0.19041.1889)
OS uptime: 15 days 19:40 hours

CPU:total 8 (initial active 8) (4 cores per cpu, 2 threads per core) family 6 model 142 stepping 12 microcode 0xd6, cmov, cx8, fxsr, mmx, sse, sse2, sse3, ssse3, sse4.1, sse4.2, popcnt, avx, avx2, aes, clmul, erms, 3dnowpref, lzcnt, ht, tsc, tscinvbit, bmi1, bmi2, adx, fma

Memory: 4k page, system-wide physical 16134M (3084M free)
TotalPageFile size 57148M (AvailPageFile size 1M)
current process WorkingSet (physical memory assigned to process): 508M, peak: 564M
current process commit charge ("private bytes"): 564M, peak: 613M

vm_info: OpenJDK 64-Bit Server VM (11.0.11+9-b60-7590822) for windows-amd64 JRE (11.0.11+9-b60-7590822), built on Jul 29 2021 21:43:44 by "builder" with MS VC++ 14.0 (VS2015)

END.
